{"C:\\Users\\anna\\Downloads\\ArtAlley\\Admin Folder\\admin-orders.js": {"path":"C:\\Users\\anna\\Downloads\\ArtAlley\\Admin Folder\\admin-orders.js","statementMap":{"0":{"start":{"line":7,"column":23},"end":{"line":14,"column":1}},"1":{"start":{"line":16,"column":12},"end":{"line":16,"column":41}},"2":{"start":{"line":17,"column":11},"end":{"line":17,"column":28}},"3":{"start":{"line":18,"column":13},"end":{"line":18,"column":22}},"4":{"start":{"line":21,"column":24},"end":{"line":21,"column":66}},"5":{"start":{"line":22,"column":20},"end":{"line":22,"column":58}},"6":{"start":{"line":23,"column":18},"end":{"line":23,"column":54}},"7":{"start":{"line":24,"column":18},"end":{"line":24,"column":54}},"8":{"start":{"line":25,"column":16},"end":{"line":25,"column":50}},"9":{"start":{"line":26,"column":22},"end":{"line":26,"column":62}},"10":{"start":{"line":28,"column":16},"end":{"line":28,"column":18}},"11":{"start":{"line":29,"column":18},"end":{"line":29,"column":24}},"12":{"start":{"line":32,"column":0},"end":{"line":40,"column":3}},"13":{"start":{"line":33,"column":2},"end":{"line":39,"column":3}},"14":{"start":{"line":34,"column":4},"end":{"line":34,"column":24}},"15":{"start":{"line":35,"column":4},"end":{"line":35,"column":47}},"16":{"start":{"line":37,"column":4},"end":{"line":37,"column":44}},"17":{"start":{"line":38,"column":4},"end":{"line":38,"column":33}},"18":{"start":{"line":43,"column":2},"end":{"line":43,"column":33}},"19":{"start":{"line":45,"column":2},"end":{"line":48,"column":3}},"20":{"start":{"line":46,"column":4},"end":{"line":46,"column":36}},"21":{"start":{"line":47,"column":4},"end":{"line":47,"column":11}},"22":{"start":{"line":50,"column":2},"end":{"line":98,"column":5}},"23":{"start":{"line":51,"column":22},"end":{"line":51,"column":51}},"24":{"start":{"line":52,"column":4},"end":{"line":52,"column":39}},"25":{"start":{"line":55,"column":23},"end":{"line":55,"column":25}},"26":{"start":{"line":56,"column":4},"end":{"line":68,"column":5}},"27":{"start":{"line":57,"column":6},"end":{"line":57,"column":52}},"28":{"start":{"line":58,"column":6},"end":{"line":66,"column":9}},"29":{"start":{"line":59,"column":8},"end":{"line":65,"column":10}},"30":{"start":{"line":67,"column":6},"end":{"line":67,"column":31}},"31":{"start":{"line":70,"column":4},"end":{"line":87,"column":6}},"32":{"start":{"line":88,"column":4},"end":{"line":88,"column":43}},"33":{"start":{"line":91,"column":4},"end":{"line":97,"column":7}},"34":{"start":{"line":93,"column":6},"end":{"line":95,"column":7}},"35":{"start":{"line":94,"column":8},"end":{"line":94,"column":15}},"36":{"start":{"line":96,"column":6},"end":{"line":96,"column":33}},"37":{"start":{"line":102,"column":2},"end":{"line":178,"column":3}},"38":{"start":{"line":103,"column":4},"end":{"line":103,"column":18}},"39":{"start":{"line":105,"column":22},"end":{"line":105,"column":46}},"40":{"start":{"line":106,"column":24},"end":{"line":106,"column":77}},"41":{"start":{"line":107,"column":26},"end":{"line":107,"column":52}},"42":{"start":{"line":109,"column":4},"end":{"line":109,"column":19}},"43":{"start":{"line":111,"column":4},"end":{"line":169,"column":5}},"44":{"start":{"line":112,"column":6},"end":{"line":168,"column":7}},"45":{"start":{"line":113,"column":26},"end":{"line":113,"column":40}},"46":{"start":{"line":114,"column":24},"end":{"line":114,"column":34}},"47":{"start":{"line":117,"column":24},"end":{"line":117,"column":39}},"48":{"start":{"line":118,"column":22},"end":{"line":118,"column":26}},"49":{"start":{"line":121,"column":38},"end":{"line":121,"column":77}},"50":{"start":{"line":122,"column":8},"end":{"line":127,"column":9}},"51":{"start":{"line":123,"column":10},"end":{"line":126,"column":11}},"52":{"start":{"line":124,"column":12},"end":{"line":124,"column":39}},"53":{"start":{"line":125,"column":12},"end":{"line":125,"column":18}},"54":{"start":{"line":129,"column":8},"end":{"line":138,"column":9}},"55":{"start":{"line":130,"column":26},"end":{"line":130,"column":51}},"56":{"start":{"line":131,"column":27},"end":{"line":131,"column":48}},"57":{"start":{"line":133,"column":10},"end":{"line":137,"column":11}},"58":{"start":{"line":134,"column":29},"end":{"line":134,"column":44}},"59":{"start":{"line":136,"column":12},"end":{"line":136,"column":82}},"60":{"start":{"line":141,"column":25},"end":{"line":141,"column":26}},"61":{"start":{"line":142,"column":8},"end":{"line":148,"column":9}},"62":{"start":{"line":143,"column":10},"end":{"line":143,"column":39}},"63":{"start":{"line":144,"column":15},"end":{"line":148,"column":9}},"64":{"start":{"line":145,"column":10},"end":{"line":147,"column":16}},"65":{"start":{"line":146,"column":12},"end":{"line":146,"column":68}},"66":{"start":{"line":151,"column":22},"end":{"line":163,"column":9}},"67":{"start":{"line":165,"column":8},"end":{"line":165,"column":30}},"68":{"start":{"line":167,"column":8},"end":{"line":167,"column":70}},"69":{"start":{"line":171,"column":4},"end":{"line":171,"column":29}},"70":{"start":{"line":172,"column":4},"end":{"line":172,"column":18}},"71":{"start":{"line":175,"column":4},"end":{"line":175,"column":50}},"72":{"start":{"line":176,"column":4},"end":{"line":176,"column":57}},"73":{"start":{"line":177,"column":4},"end":{"line":177,"column":18}},"74":{"start":{"line":182,"column":0},"end":{"line":196,"column":3}},"75":{"start":{"line":183,"column":21},"end":{"line":183,"column":59}},"76":{"start":{"line":185,"column":2},"end":{"line":188,"column":3}},"77":{"start":{"line":186,"column":4},"end":{"line":186,"column":29}},"78":{"start":{"line":187,"column":4},"end":{"line":187,"column":11}},"79":{"start":{"line":190,"column":25},"end":{"line":193,"column":3}},"80":{"start":{"line":191,"column":4},"end":{"line":192,"column":75}},"81":{"start":{"line":195,"column":2},"end":{"line":195,"column":32}},"82":{"start":{"line":199,"column":0},"end":{"line":202,"column":3}},"83":{"start":{"line":200,"column":2},"end":{"line":200,"column":32}},"84":{"start":{"line":201,"column":2},"end":{"line":201,"column":26}},"85":{"start":{"line":206,"column":2},"end":{"line":206,"column":41}},"86":{"start":{"line":207,"column":2},"end":{"line":207,"column":60}},"87":{"start":{"line":212,"column":2},"end":{"line":212,"column":70}},"88":{"start":{"line":213,"column":2},"end":{"line":213,"column":65}},"89":{"start":{"line":217,"column":2},"end":{"line":217,"column":69}},"90":{"start":{"line":221,"column":25},"end":{"line":221,"column":64}},"91":{"start":{"line":222,"column":2},"end":{"line":222,"column":39}},"92":{"start":{"line":223,"column":2},"end":{"line":223,"column":41}},"93":{"start":{"line":224,"column":2},"end":{"line":224,"column":39}},"94":{"start":{"line":228,"column":23},"end":{"line":228,"column":62}},"95":{"start":{"line":229,"column":2},"end":{"line":229,"column":37}},"96":{"start":{"line":230,"column":2},"end":{"line":230,"column":39}},"97":{"start":{"line":231,"column":2},"end":{"line":231,"column":35}},"98":{"start":{"line":235,"column":0},"end":{"line":256,"column":3}},"99":{"start":{"line":236,"column":2},"end":{"line":239,"column":3}},"100":{"start":{"line":237,"column":4},"end":{"line":237,"column":63}},"101":{"start":{"line":238,"column":4},"end":{"line":238,"column":11}},"102":{"start":{"line":241,"column":2},"end":{"line":255,"column":3}},"103":{"start":{"line":242,"column":20},"end":{"line":242,"column":46}},"104":{"start":{"line":243,"column":21},"end":{"line":243,"column":42}},"105":{"start":{"line":245,"column":4},"end":{"line":249,"column":5}},"106":{"start":{"line":246,"column":6},"end":{"line":246,"column":43}},"107":{"start":{"line":247,"column":6},"end":{"line":247,"column":45}},"108":{"start":{"line":248,"column":6},"end":{"line":248,"column":13}},"109":{"start":{"line":251,"column":4},"end":{"line":251,"column":17}},"110":{"start":{"line":253,"column":4},"end":{"line":253,"column":50}},"111":{"start":{"line":254,"column":4},"end":{"line":254,"column":65}}},"fnMap":{"0":{"name":"(anonymous_0)","decl":{"start":{"line":32,"column":40},"end":{"line":32,"column":41}},"loc":{"start":{"line":32,"column":52},"end":{"line":40,"column":1}},"line":32},"1":{"name":"displayOrders","decl":{"start":{"line":42,"column":9},"end":{"line":42,"column":22}},"loc":{"start":{"line":42,"column":31},"end":{"line":99,"column":1}},"line":42},"2":{"name":"(anonymous_2)","decl":{"start":{"line":50,"column":17},"end":{"line":50,"column":18}},"loc":{"start":{"line":50,"column":26},"end":{"line":98,"column":3}},"line":50},"3":{"name":"(anonymous_3)","decl":{"start":{"line":58,"column":26},"end":{"line":58,"column":27}},"loc":{"start":{"line":58,"column":34},"end":{"line":66,"column":7}},"line":58},"4":{"name":"(anonymous_4)","decl":{"start":{"line":91,"column":40},"end":{"line":91,"column":41}},"loc":{"start":{"line":91,"column":47},"end":{"line":97,"column":5}},"line":91},"5":{"name":"loadOrders","decl":{"start":{"line":101,"column":15},"end":{"line":101,"column":25}},"loc":{"start":{"line":101,"column":50},"end":{"line":179,"column":1}},"line":101},"6":{"name":"(anonymous_6)","decl":{"start":{"line":145,"column":46},"end":{"line":145,"column":47}},"loc":{"start":{"line":145,"column":61},"end":{"line":147,"column":11}},"line":145},"7":{"name":"(anonymous_7)","decl":{"start":{"line":182,"column":36},"end":{"line":182,"column":37}},"loc":{"start":{"line":182,"column":42},"end":{"line":196,"column":1}},"line":182},"8":{"name":"(anonymous_8)","decl":{"start":{"line":190,"column":42},"end":{"line":190,"column":43}},"loc":{"start":{"line":191,"column":4},"end":{"line":192,"column":75}},"line":191},"9":{"name":"(anonymous_9)","decl":{"start":{"line":199,"column":34},"end":{"line":199,"column":35}},"loc":{"start":{"line":199,"column":40},"end":{"line":202,"column":1}},"line":199},"10":{"name":"viewOrderDetails","decl":{"start":{"line":205,"column":9},"end":{"line":205,"column":25}},"loc":{"start":{"line":205,"column":35},"end":{"line":208,"column":1}},"line":205},"11":{"name":"showLoading","decl":{"start":{"line":211,"column":9},"end":{"line":211,"column":20}},"loc":{"start":{"line":211,"column":23},"end":{"line":214,"column":1}},"line":211},"12":{"name":"hideLoading","decl":{"start":{"line":216,"column":9},"end":{"line":216,"column":20}},"loc":{"start":{"line":216,"column":23},"end":{"line":218,"column":1}},"line":216},"13":{"name":"showMessage","decl":{"start":{"line":220,"column":9},"end":{"line":220,"column":20}},"loc":{"start":{"line":220,"column":30},"end":{"line":225,"column":1}},"line":220},"14":{"name":"showError","decl":{"start":{"line":227,"column":9},"end":{"line":227,"column":18}},"loc":{"start":{"line":227,"column":28},"end":{"line":232,"column":1}},"line":227},"15":{"name":"(anonymous_15)","decl":{"start":{"line":235,"column":25},"end":{"line":235,"column":26}},"loc":{"start":{"line":235,"column":41},"end":{"line":256,"column":1}},"line":235}},"branchMap":{"0":{"loc":{"start":{"line":45,"column":2},"end":{"line":48,"column":3}},"type":"if","locations":[{"start":{"line":45,"column":2},"end":{"line":48,"column":3}},{"start":{},"end":{}}],"line":45},"1":{"loc":{"start":{"line":56,"column":4},"end":{"line":68,"column":5}},"type":"if","locations":[{"start":{"line":56,"column":4},"end":{"line":68,"column":5}},{"start":{},"end":{}}],"line":56},"2":{"loc":{"start":{"line":56,"column":8},"end":{"line":56,"column":45}},"type":"binary-expr","locations":[{"start":{"line":56,"column":8},"end":{"line":56,"column":19}},{"start":{"line":56,"column":23},"end":{"line":56,"column":45}}],"line":56},"3":{"loc":{"start":{"line":61,"column":41},"end":{"line":61,"column":71}},"type":"binary-expr","locations":[{"start":{"line":61,"column":41},"end":{"line":61,"column":50}},{"start":{"line":61,"column":54},"end":{"line":61,"column":71}}],"line":61},"4":{"loc":{"start":{"line":62,"column":40},"end":{"line":62,"column":58}},"type":"binary-expr","locations":[{"start":{"line":62,"column":40},"end":{"line":62,"column":53}},{"start":{"line":62,"column":57},"end":{"line":62,"column":58}}],"line":62},"5":{"loc":{"start":{"line":63,"column":43},"end":{"line":63,"column":86}},"type":"cond-expr","locations":[{"start":{"line":63,"column":56},"end":{"line":63,"column":77}},{"start":{"line":63,"column":80},"end":{"line":63,"column":86}}],"line":63},"6":{"loc":{"start":{"line":73,"column":38},"end":{"line":73,"column":61}},"type":"binary-expr","locations":[{"start":{"line":73,"column":38},"end":{"line":73,"column":48}},{"start":{"line":73,"column":52},"end":{"line":73,"column":61}}],"line":73},"7":{"loc":{"start":{"line":78,"column":35},"end":{"line":78,"column":69}},"type":"binary-expr","locations":[{"start":{"line":78,"column":35},"end":{"line":78,"column":50}},{"start":{"line":78,"column":54},"end":{"line":78,"column":69}}],"line":78},"8":{"loc":{"start":{"line":84,"column":48},"end":{"line":84,"column":73}},"type":"binary-expr","locations":[{"start":{"line":84,"column":48},"end":{"line":84,"column":60}},{"start":{"line":84,"column":64},"end":{"line":84,"column":73}}],"line":84},"9":{"loc":{"start":{"line":85,"column":47},"end":{"line":85,"column":92}},"type":"cond-expr","locations":[{"start":{"line":85,"column":61},"end":{"line":85,"column":83}},{"start":{"line":85,"column":86},"end":{"line":85,"column":92}}],"line":85},"10":{"loc":{"start":{"line":93,"column":6},"end":{"line":95,"column":7}},"type":"if","locations":[{"start":{"line":93,"column":6},"end":{"line":95,"column":7}},{"start":{},"end":{}}],"line":93},"11":{"loc":{"start":{"line":93,"column":10},"end":{"line":93,"column":116}},"type":"binary-expr","locations":[{"start":{"line":93,"column":10},"end":{"line":93,"column":39}},{"start":{"line":93,"column":43},"end":{"line":93,"column":74}},{"start":{"line":93,"column":78},"end":{"line":93,"column":116}}],"line":93},"12":{"loc":{"start":{"line":101,"column":26},"end":{"line":101,"column":48}},"type":"default-arg","locations":[{"start":{"line":101,"column":42},"end":{"line":101,"column":48}}],"line":101},"13":{"loc":{"start":{"line":123,"column":10},"end":{"line":126,"column":11}},"type":"if","locations":[{"start":{"line":123,"column":10},"end":{"line":126,"column":11}},{"start":{},"end":{}}],"line":123},"14":{"loc":{"start":{"line":129,"column":8},"end":{"line":138,"column":9}},"type":"if","locations":[{"start":{"line":129,"column":8},"end":{"line":138,"column":9}},{"start":{},"end":{}}],"line":129},"15":{"loc":{"start":{"line":133,"column":10},"end":{"line":137,"column":11}},"type":"if","locations":[{"start":{"line":133,"column":10},"end":{"line":137,"column":11}},{"start":{},"end":{}}],"line":133},"16":{"loc":{"start":{"line":136,"column":24},"end":{"line":136,"column":81}},"type":"binary-expr","locations":[{"start":{"line":136,"column":24},"end":{"line":136,"column":41}},{"start":{"line":136,"column":45},"end":{"line":136,"column":59}},{"start":{"line":136,"column":63},"end":{"line":136,"column":81}}],"line":136},"17":{"loc":{"start":{"line":142,"column":8},"end":{"line":148,"column":9}},"type":"if","locations":[{"start":{"line":142,"column":8},"end":{"line":148,"column":9}},{"start":{"line":144,"column":15},"end":{"line":148,"column":9}}],"line":142},"18":{"loc":{"start":{"line":144,"column":15},"end":{"line":148,"column":9}},"type":"if","locations":[{"start":{"line":144,"column":15},"end":{"line":148,"column":9}},{"start":{},"end":{}}],"line":144},"19":{"loc":{"start":{"line":144,"column":19},"end":{"line":144,"column":68}},"type":"binary-expr","locations":[{"start":{"line":144,"column":19},"end":{"line":144,"column":34}},{"start":{"line":144,"column":38},"end":{"line":144,"column":68}}],"line":144},"20":{"loc":{"start":{"line":146,"column":27},"end":{"line":146,"column":42}},"type":"binary-expr","locations":[{"start":{"line":146,"column":27},"end":{"line":146,"column":37}},{"start":{"line":146,"column":41},"end":{"line":146,"column":42}}],"line":146},"21":{"loc":{"start":{"line":146,"column":47},"end":{"line":146,"column":65}},"type":"binary-expr","locations":[{"start":{"line":146,"column":47},"end":{"line":146,"column":60}},{"start":{"line":146,"column":64},"end":{"line":146,"column":65}}],"line":146},"22":{"loc":{"start":{"line":162,"column":18},"end":{"line":162,"column":47}},"type":"binary-expr","locations":[{"start":{"line":162,"column":18},"end":{"line":162,"column":34}},{"start":{"line":162,"column":38},"end":{"line":162,"column":47}}],"line":162},"23":{"loc":{"start":{"line":185,"column":2},"end":{"line":188,"column":3}},"type":"if","locations":[{"start":{"line":185,"column":2},"end":{"line":188,"column":3}},{"start":{},"end":{}}],"line":185},"24":{"loc":{"start":{"line":191,"column":4},"end":{"line":192,"column":75}},"type":"binary-expr","locations":[{"start":{"line":191,"column":5},"end":{"line":191,"column":13}},{"start":{"line":191,"column":17},"end":{"line":191,"column":60}},{"start":{"line":192,"column":5},"end":{"line":192,"column":20}},{"start":{"line":192,"column":24},"end":{"line":192,"column":74}}],"line":191},"25":{"loc":{"start":{"line":236,"column":2},"end":{"line":239,"column":3}},"type":"if","locations":[{"start":{"line":236,"column":2},"end":{"line":239,"column":3}},{"start":{},"end":{}}],"line":236},"26":{"loc":{"start":{"line":245,"column":4},"end":{"line":249,"column":5}},"type":"if","locations":[{"start":{"line":245,"column":4},"end":{"line":249,"column":5}},{"start":{},"end":{}}],"line":245},"27":{"loc":{"start":{"line":245,"column":8},"end":{"line":245,"column":62}},"type":"binary-expr","locations":[{"start":{"line":245,"column":8},"end":{"line":245,"column":26}},{"start":{"line":245,"column":30},"end":{"line":245,"column":62}}],"line":245}},"s":{"0":0,"1":0,"2":0,"3":0,"4":0,"5":0,"6":0,"7":0,"8":0,"9":0,"10":0,"11":0,"12":0,"13":0,"14":0,"15":0,"16":0,"17":0,"18":0,"19":0,"20":0,"21":0,"22":0,"23":0,"24":0,"25":0,"26":0,"27":0,"28":0,"29":0,"30":0,"31":0,"32":0,"33":0,"34":0,"35":0,"36":0,"37":0,"38":0,"39":0,"40":0,"41":0,"42":0,"43":0,"44":0,"45":0,"46":0,"47":0,"48":0,"49":0,"50":0,"51":0,"52":0,"53":0,"54":0,"55":0,"56":0,"57":0,"58":0,"59":0,"60":0,"61":0,"62":0,"63":0,"64":0,"65":0,"66":0,"67":0,"68":0,"69":0,"70":0,"71":0,"72":0,"73":0,"74":0,"75":0,"76":0,"77":0,"78":0,"79":0,"80":0,"81":0,"82":0,"83":0,"84":0,"85":0,"86":0,"87":0,"88":0,"89":0,"90":0,"91":0,"92":0,"93":0,"94":0,"95":0,"96":0,"97":0,"98":0,"99":0,"100":0,"101":0,"102":0,"103":0,"104":0,"105":0,"106":0,"107":0,"108":0,"109":0,"110":0,"111":0},"f":{"0":0,"1":0,"2":0,"3":0,"4":0,"5":0,"6":0,"7":0,"8":0,"9":0,"10":0,"11":0,"12":0,"13":0,"14":0,"15":0},"b":{"0":[0,0],"1":[0,0],"2":[0,0],"3":[0,0],"4":[0,0],"5":[0,0],"6":[0,0],"7":[0,0],"8":[0,0],"9":[0,0],"10":[0,0],"11":[0,0,0],"12":[0],"13":[0,0],"14":[0,0],"15":[0,0],"16":[0,0,0],"17":[0,0],"18":[0,0],"19":[0,0],"20":[0,0],"21":[0,0],"22":[0,0],"23":[0,0],"24":[0,0,0,0],"25":[0,0],"26":[0,0],"27":[0,0]}}
,"C:\\Users\\anna\\Downloads\\ArtAlley\\Admin Folder\\admin-signin.js": {"path":"C:\\Users\\anna\\Downloads\\ArtAlley\\Admin Folder\\admin-signin.js","statementMap":{"0":{"start":{"line":7,"column":23},"end":{"line":14,"column":1}},"1":{"start":{"line":17,"column":12},"end":{"line":17,"column":41}},"2":{"start":{"line":18,"column":13},"end":{"line":18,"column":22}},"3":{"start":{"line":19,"column":9},"end":{"line":19,"column":26}},"4":{"start":{"line":21,"column":14},"end":{"line":21,"column":46}},"5":{"start":{"line":22,"column":17},"end":{"line":22,"column":52}},"6":{"start":{"line":23,"column":15},"end":{"line":23,"column":51}},"7":{"start":{"line":24,"column":17},"end":{"line":24,"column":41}},"8":{"start":{"line":26,"column":21},"end":{"line":26,"column":58}},"9":{"start":{"line":28,"column":19},"end":{"line":28,"column":26}},"10":{"start":{"line":31,"column":16},"end":{"line":31,"column":40}},"11":{"start":{"line":32,"column":17},"end":{"line":32,"column":38}},"12":{"start":{"line":34,"column":0},"end":{"line":38,"column":1}},"13":{"start":{"line":35,"column":2},"end":{"line":35,"column":22}},"14":{"start":{"line":36,"column":2},"end":{"line":36,"column":47}},"15":{"start":{"line":37,"column":2},"end":{"line":37,"column":15}},"16":{"start":{"line":39,"column":15},"end":{"line":39,"column":30}},"17":{"start":{"line":40,"column":0},"end":{"line":44,"column":1}},"18":{"start":{"line":41,"column":2},"end":{"line":41,"column":22}},"19":{"start":{"line":42,"column":2},"end":{"line":42,"column":26}},"20":{"start":{"line":43,"column":2},"end":{"line":43,"column":15}},"21":{"start":{"line":45,"column":0},"end":{"line":45,"column":16}},"22":{"start":{"line":48,"column":0},"end":{"line":73,"column":2}},"23":{"start":{"line":49,"column":4},"end":{"line":49,"column":27}},"24":{"start":{"line":50,"column":23},"end":{"line":50,"column":34}},"25":{"start":{"line":51,"column":26},"end":{"line":51,"column":40}},"26":{"start":{"line":52,"column":4},"end":{"line":55,"column":5}},"27":{"start":{"line":53,"column":6},"end":{"line":53,"column":52}},"28":{"start":{"line":54,"column":6},"end":{"line":54,"column":13}},"29":{"start":{"line":56,"column":2},"end":{"line":72,"column":5}},"30":{"start":{"line":59,"column":17},"end":{"line":59,"column":36}},"31":{"start":{"line":61,"column":19},"end":{"line":61,"column":45}},"32":{"start":{"line":62,"column":4},"end":{"line":63,"column":13}},"33":{"start":{"line":63,"column":6},"end":{"line":63,"column":13}},"34":{"start":{"line":64,"column":4},"end":{"line":64,"column":44}},"35":{"start":{"line":68,"column":4},"end":{"line":68,"column":26}},"36":{"start":{"line":69,"column":22},"end":{"line":69,"column":32}},"37":{"start":{"line":70,"column":25},"end":{"line":70,"column":38}},"38":{"start":{"line":71,"column":4},"end":{"line":71,"column":24}},"39":{"start":{"line":75,"column":0},"end":{"line":104,"column":3}},"40":{"start":{"line":77,"column":2},"end":{"line":103,"column":7}},"41":{"start":{"line":79,"column":25},"end":{"line":79,"column":72}},"42":{"start":{"line":80,"column":20},"end":{"line":80,"column":42}},"43":{"start":{"line":81,"column":19},"end":{"line":81,"column":30}},"44":{"start":{"line":82,"column":20},"end":{"line":82,"column":44}},"45":{"start":{"line":83,"column":21},"end":{"line":83,"column":42}},"46":{"start":{"line":84,"column":6},"end":{"line":95,"column":7}},"47":{"start":{"line":85,"column":23},"end":{"line":85,"column":38}},"48":{"start":{"line":86,"column":8},"end":{"line":90,"column":9}},"49":{"start":{"line":87,"column":10},"end":{"line":87,"column":30}},"50":{"start":{"line":88,"column":10},"end":{"line":88,"column":33}},"51":{"start":{"line":89,"column":10},"end":{"line":89,"column":17}},"52":{"start":{"line":91,"column":8},"end":{"line":91,"column":26}},"53":{"start":{"line":92,"column":8},"end":{"line":92,"column":48}},"54":{"start":{"line":94,"column":8},"end":{"line":94,"column":37}},"55":{"start":{"line":98,"column":24},"end":{"line":98,"column":34}},"56":{"start":{"line":99,"column":27},"end":{"line":99,"column":40}},"57":{"start":{"line":100,"column":20},"end":{"line":100,"column":42}},"58":{"start":{"line":101,"column":25},"end":{"line":101,"column":70}},"59":{"start":{"line":102,"column":6},"end":{"line":102,"column":70}}},"fnMap":{"0":{"name":"verifyUserRole","decl":{"start":{"line":30,"column":15},"end":{"line":30,"column":29}},"loc":{"start":{"line":30,"column":35},"end":{"line":46,"column":1}},"line":30},"1":{"name":"(anonymous_1)","decl":{"start":{"line":48,"column":33},"end":{"line":48,"column":34}},"loc":{"start":{"line":48,"column":48},"end":{"line":73,"column":1}},"line":48},"2":{"name":"(anonymous_2)","decl":{"start":{"line":57,"column":8},"end":{"line":57,"column":9}},"loc":{"start":{"line":57,"column":33},"end":{"line":66,"column":3}},"line":57},"3":{"name":"(anonymous_3)","decl":{"start":{"line":67,"column":9},"end":{"line":67,"column":10}},"loc":{"start":{"line":67,"column":20},"end":{"line":72,"column":3}},"line":67},"4":{"name":"(anonymous_4)","decl":{"start":{"line":75,"column":39},"end":{"line":75,"column":40}},"loc":{"start":{"line":75,"column":49},"end":{"line":104,"column":1}},"line":75},"5":{"name":"(anonymous_5)","decl":{"start":{"line":78,"column":10},"end":{"line":78,"column":11}},"loc":{"start":{"line":78,"column":27},"end":{"line":96,"column":5}},"line":78},"6":{"name":"(anonymous_6)","decl":{"start":{"line":97,"column":11},"end":{"line":97,"column":12}},"loc":{"start":{"line":97,"column":22},"end":{"line":103,"column":5}},"line":97}},"branchMap":{"0":{"loc":{"start":{"line":34,"column":0},"end":{"line":38,"column":1}},"type":"if","locations":[{"start":{"line":34,"column":0},"end":{"line":38,"column":1}},{"start":{},"end":{}}],"line":34},"1":{"loc":{"start":{"line":40,"column":0},"end":{"line":44,"column":1}},"type":"if","locations":[{"start":{"line":40,"column":0},"end":{"line":44,"column":1}},{"start":{},"end":{}}],"line":40},"2":{"loc":{"start":{"line":52,"column":4},"end":{"line":55,"column":5}},"type":"if","locations":[{"start":{"line":52,"column":4},"end":{"line":55,"column":5}},{"start":{},"end":{}}],"line":52},"3":{"loc":{"start":{"line":52,"column":7},"end":{"line":52,"column":34}},"type":"binary-expr","locations":[{"start":{"line":52,"column":7},"end":{"line":52,"column":18}},{"start":{"line":52,"column":20},"end":{"line":52,"column":34}}],"line":52},"4":{"loc":{"start":{"line":62,"column":4},"end":{"line":63,"column":13}},"type":"if","locations":[{"start":{"line":62,"column":4},"end":{"line":63,"column":13}},{"start":{},"end":{}}],"line":62},"5":{"loc":{"start":{"line":84,"column":6},"end":{"line":95,"column":7}},"type":"if","locations":[{"start":{"line":84,"column":6},"end":{"line":95,"column":7}},{"start":{"line":93,"column":11},"end":{"line":95,"column":7}}],"line":84},"6":{"loc":{"start":{"line":86,"column":8},"end":{"line":90,"column":9}},"type":"if","locations":[{"start":{"line":86,"column":8},"end":{"line":90,"column":9}},{"start":{},"end":{}}],"line":86}},"s":{"0":0,"1":0,"2":0,"3":0,"4":0,"5":0,"6":0,"7":0,"8":0,"9":0,"10":0,"11":0,"12":0,"13":0,"14":0,"15":0,"16":0,"17":0,"18":0,"19":0,"20":0,"21":0,"22":0,"23":0,"24":0,"25":0,"26":0,"27":0,"28":0,"29":0,"30":0,"31":0,"32":0,"33":0,"34":0,"35":0,"36":0,"37":0,"38":0,"39":0,"40":0,"41":0,"42":0,"43":0,"44":0,"45":0,"46":0,"47":0,"48":0,"49":0,"50":0,"51":0,"52":0,"53":0,"54":0,"55":0,"56":0,"57":0,"58":0,"59":0},"f":{"0":0,"1":0,"2":0,"3":0,"4":0,"5":0,"6":0},"b":{"0":[0,0],"1":[0,0],"2":[0,0],"3":[0,0],"4":[0,0],"5":[0,0],"6":[0,0]}}
,"C:\\Users\\anna\\Downloads\\ArtAlley\\Admin Folder\\admin-users.js": {"path":"C:\\Users\\anna\\Downloads\\ArtAlley\\Admin Folder\\admin-users.js","statementMap":{"0":{"start":{"line":7,"column":23},"end":{"line":14,"column":1}},"1":{"start":{"line":17,"column":12},"end":{"line":17,"column":41}},"2":{"start":{"line":18,"column":11},"end":{"line":18,"column":28}},"3":{"start":{"line":19,"column":13},"end":{"line":19,"column":22}},"4":{"start":{"line":22,"column":23},"end":{"line":22,"column":64}},"5":{"start":{"line":23,"column":20},"end":{"line":23,"column":58}},"6":{"start":{"line":24,"column":18},"end":{"line":24,"column":54}},"7":{"start":{"line":25,"column":19},"end":{"line":25,"column":56}},"8":{"start":{"line":26,"column":18},"end":{"line":26,"column":54}},"9":{"start":{"line":27,"column":22},"end":{"line":27,"column":62}},"10":{"start":{"line":30,"column":0},"end":{"line":38,"column":3}},"11":{"start":{"line":31,"column":2},"end":{"line":37,"column":3}},"12":{"start":{"line":32,"column":4},"end":{"line":32,"column":24}},"13":{"start":{"line":33,"column":4},"end":{"line":33,"column":47}},"14":{"start":{"line":35,"column":4},"end":{"line":35,"column":44}},"15":{"start":{"line":36,"column":4},"end":{"line":36,"column":33}},"16":{"start":{"line":41,"column":0},"end":{"line":62,"column":3}},"17":{"start":{"line":42,"column":2},"end":{"line":45,"column":3}},"18":{"start":{"line":43,"column":4},"end":{"line":43,"column":47}},"19":{"start":{"line":44,"column":4},"end":{"line":44,"column":11}},"20":{"start":{"line":47,"column":2},"end":{"line":61,"column":3}},"21":{"start":{"line":48,"column":20},"end":{"line":48,"column":46}},"22":{"start":{"line":49,"column":21},"end":{"line":49,"column":42}},"23":{"start":{"line":51,"column":4},"end":{"line":55,"column":5}},"24":{"start":{"line":52,"column":6},"end":{"line":52,"column":43}},"25":{"start":{"line":53,"column":6},"end":{"line":53,"column":45}},"26":{"start":{"line":54,"column":6},"end":{"line":54,"column":13}},"27":{"start":{"line":57,"column":4},"end":{"line":57,"column":16}},"28":{"start":{"line":59,"column":4},"end":{"line":59,"column":50}},"29":{"start":{"line":60,"column":4},"end":{"line":60,"column":65}},"30":{"start":{"line":66,"column":2},"end":{"line":66,"column":32}},"31":{"start":{"line":68,"column":2},"end":{"line":71,"column":3}},"32":{"start":{"line":69,"column":4},"end":{"line":69,"column":35}},"33":{"start":{"line":70,"column":4},"end":{"line":70,"column":11}},"34":{"start":{"line":73,"column":2},"end":{"line":84,"column":5}},"35":{"start":{"line":74,"column":21},"end":{"line":74,"column":50}},"36":{"start":{"line":75,"column":4},"end":{"line":75,"column":37}},"37":{"start":{"line":77,"column":4},"end":{"line":81,"column":6}},"38":{"start":{"line":83,"column":4},"end":{"line":83,"column":41}},"39":{"start":{"line":87,"column":27},"end":{"line":87,"column":70}},"40":{"start":{"line":88,"column":2},"end":{"line":90,"column":3}},"41":{"start":{"line":89,"column":4},"end":{"line":89,"column":44}},"42":{"start":{"line":95,"column":2},"end":{"line":112,"column":3}},"43":{"start":{"line":96,"column":21},"end":{"line":96,"column":44}},"44":{"start":{"line":97,"column":23},"end":{"line":97,"column":121}},"45":{"start":{"line":98,"column":26},"end":{"line":98,"column":51}},"46":{"start":{"line":100,"column":22},"end":{"line":105,"column":7}},"47":{"start":{"line":100,"column":53},"end":{"line":105,"column":5}},"48":{"start":{"line":107,"column":4},"end":{"line":107,"column":32}},"49":{"start":{"line":108,"column":4},"end":{"line":108,"column":28}},"50":{"start":{"line":110,"column":4},"end":{"line":110,"column":50}},"51":{"start":{"line":111,"column":4},"end":{"line":111,"column":57}},"52":{"start":{"line":116,"column":0},"end":{"line":119,"column":3}},"53":{"start":{"line":117,"column":23},"end":{"line":117,"column":39}},"54":{"start":{"line":118,"column":2},"end":{"line":118,"column":26}},"55":{"start":{"line":122,"column":0},"end":{"line":142,"column":3}},"56":{"start":{"line":123,"column":21},"end":{"line":123,"column":59}},"57":{"start":{"line":124,"column":2},"end":{"line":124,"column":50}},"58":{"start":{"line":126,"column":2},"end":{"line":129,"column":3}},"59":{"start":{"line":127,"column":4},"end":{"line":127,"column":59}},"60":{"start":{"line":128,"column":4},"end":{"line":128,"column":11}},"61":{"start":{"line":131,"column":2},"end":{"line":134,"column":3}},"62":{"start":{"line":132,"column":4},"end":{"line":132,"column":34}},"63":{"start":{"line":133,"column":4},"end":{"line":133,"column":11}},"64":{"start":{"line":136,"column":24},"end":{"line":138,"column":3}},"65":{"start":{"line":137,"column":4},"end":{"line":137,"column":101}},"66":{"start":{"line":140,"column":2},"end":{"line":140,"column":48}},"67":{"start":{"line":141,"column":2},"end":{"line":141,"column":30}},"68":{"start":{"line":145,"column":25},"end":{"line":145,"column":64}},"69":{"start":{"line":146,"column":2},"end":{"line":146,"column":39}},"70":{"start":{"line":147,"column":2},"end":{"line":147,"column":41}},"71":{"start":{"line":151,"column":2},"end":{"line":151,"column":25}},"72":{"start":{"line":152,"column":23},"end":{"line":152,"column":62}},"73":{"start":{"line":153,"column":2},"end":{"line":153,"column":37}},"74":{"start":{"line":154,"column":2},"end":{"line":154,"column":39}}},"fnMap":{"0":{"name":"(anonymous_0)","decl":{"start":{"line":30,"column":40},"end":{"line":30,"column":41}},"loc":{"start":{"line":30,"column":52},"end":{"line":38,"column":1}},"line":30},"1":{"name":"(anonymous_1)","decl":{"start":{"line":41,"column":25},"end":{"line":41,"column":26}},"loc":{"start":{"line":41,"column":41},"end":{"line":62,"column":1}},"line":41},"2":{"name":"displayUsers","decl":{"start":{"line":65,"column":9},"end":{"line":65,"column":21}},"loc":{"start":{"line":65,"column":29},"end":{"line":91,"column":1}},"line":65},"3":{"name":"(anonymous_3)","decl":{"start":{"line":73,"column":16},"end":{"line":73,"column":17}},"loc":{"start":{"line":73,"column":24},"end":{"line":84,"column":3}},"line":73},"4":{"name":"loadUsers","decl":{"start":{"line":94,"column":15},"end":{"line":94,"column":24}},"loc":{"start":{"line":94,"column":41},"end":{"line":113,"column":1}},"line":94},"5":{"name":"(anonymous_5)","decl":{"start":{"line":100,"column":45},"end":{"line":100,"column":46}},"loc":{"start":{"line":100,"column":53},"end":{"line":105,"column":5}},"line":100},"6":{"name":"(anonymous_6)","decl":{"start":{"line":116,"column":36},"end":{"line":116,"column":37}},"loc":{"start":{"line":116,"column":42},"end":{"line":119,"column":1}},"line":116},"7":{"name":"(anonymous_7)","decl":{"start":{"line":122,"column":36},"end":{"line":122,"column":37}},"loc":{"start":{"line":122,"column":42},"end":{"line":142,"column":1}},"line":122},"8":{"name":"(anonymous_8)","decl":{"start":{"line":136,"column":47},"end":{"line":136,"column":48}},"loc":{"start":{"line":137,"column":4},"end":{"line":137,"column":101}},"line":137},"9":{"name":"showMessage","decl":{"start":{"line":144,"column":9},"end":{"line":144,"column":20}},"loc":{"start":{"line":144,"column":30},"end":{"line":148,"column":1}},"line":144},"10":{"name":"showError","decl":{"start":{"line":150,"column":9},"end":{"line":150,"column":18}},"loc":{"start":{"line":150,"column":28},"end":{"line":155,"column":1}},"line":150}},"branchMap":{"0":{"loc":{"start":{"line":42,"column":2},"end":{"line":45,"column":3}},"type":"if","locations":[{"start":{"line":42,"column":2},"end":{"line":45,"column":3}},{"start":{},"end":{}}],"line":42},"1":{"loc":{"start":{"line":51,"column":4},"end":{"line":55,"column":5}},"type":"if","locations":[{"start":{"line":51,"column":4},"end":{"line":55,"column":5}},{"start":{},"end":{}}],"line":51},"2":{"loc":{"start":{"line":51,"column":8},"end":{"line":51,"column":62}},"type":"binary-expr","locations":[{"start":{"line":51,"column":8},"end":{"line":51,"column":26}},{"start":{"line":51,"column":30},"end":{"line":51,"column":62}}],"line":51},"3":{"loc":{"start":{"line":68,"column":2},"end":{"line":71,"column":3}},"type":"if","locations":[{"start":{"line":68,"column":2},"end":{"line":71,"column":3}},{"start":{},"end":{}}],"line":68},"4":{"loc":{"start":{"line":88,"column":2},"end":{"line":90,"column":3}},"type":"if","locations":[{"start":{"line":88,"column":2},"end":{"line":90,"column":3}},{"start":{},"end":{}}],"line":88},"5":{"loc":{"start":{"line":94,"column":25},"end":{"line":94,"column":39}},"type":"default-arg","locations":[{"start":{"line":94,"column":34},"end":{"line":94,"column":39}}],"line":94},"6":{"loc":{"start":{"line":97,"column":23},"end":{"line":97,"column":121}},"type":"cond-expr","locations":[{"start":{"line":97,"column":42},"end":{"line":97,"column":74}},{"start":{"line":97,"column":77},"end":{"line":97,"column":121}}],"line":97},"7":{"loc":{"start":{"line":102,"column":13},"end":{"line":102,"column":43}},"type":"binary-expr","locations":[{"start":{"line":102,"column":13},"end":{"line":102,"column":29}},{"start":{"line":102,"column":33},"end":{"line":102,"column":43}}],"line":102},"8":{"loc":{"start":{"line":103,"column":16},"end":{"line":103,"column":52}},"type":"binary-expr","locations":[{"start":{"line":103,"column":16},"end":{"line":103,"column":35}},{"start":{"line":103,"column":39},"end":{"line":103,"column":52}}],"line":103},"9":{"loc":{"start":{"line":126,"column":2},"end":{"line":129,"column":3}},"type":"if","locations":[{"start":{"line":126,"column":2},"end":{"line":129,"column":3}},{"start":{},"end":{}}],"line":126},"10":{"loc":{"start":{"line":131,"column":2},"end":{"line":134,"column":3}},"type":"if","locations":[{"start":{"line":131,"column":2},"end":{"line":134,"column":3}},{"start":{},"end":{}}],"line":131},"11":{"loc":{"start":{"line":137,"column":4},"end":{"line":137,"column":101}},"type":"binary-expr","locations":[{"start":{"line":137,"column":4},"end":{"line":137,"column":52}},{"start":{"line":137,"column":56},"end":{"line":137,"column":101}}],"line":137}},"s":{"0":0,"1":0,"2":0,"3":0,"4":0,"5":0,"6":0,"7":0,"8":0,"9":0,"10":0,"11":0,"12":0,"13":0,"14":0,"15":0,"16":0,"17":0,"18":0,"19":0,"20":0,"21":0,"22":0,"23":0,"24":0,"25":0,"26":0,"27":0,"28":0,"29":0,"30":0,"31":0,"32":0,"33":0,"34":0,"35":0,"36":0,"37":0,"38":0,"39":0,"40":0,"41":0,"42":0,"43":0,"44":0,"45":0,"46":0,"47":0,"48":0,"49":0,"50":0,"51":0,"52":0,"53":0,"54":0,"55":0,"56":0,"57":0,"58":0,"59":0,"60":0,"61":0,"62":0,"63":0,"64":0,"65":0,"66":0,"67":0,"68":0,"69":0,"70":0,"71":0,"72":0,"73":0,"74":0},"f":{"0":0,"1":0,"2":0,"3":0,"4":0,"5":0,"6":0,"7":0,"8":0,"9":0,"10":0},"b":{"0":[0,0],"1":[0,0],"2":[0,0],"3":[0,0],"4":[0,0],"5":[0],"6":[0,0],"7":[0,0],"8":[0,0],"9":[0,0],"10":[0,0],"11":[0,0]}}
,"C:\\Users\\anna\\Downloads\\ArtAlley\\Admin Folder\\order-details.js": {"path":"C:\\Users\\anna\\Downloads\\ArtAlley\\Admin Folder\\order-details.js","statementMap":{"0":{"start":{"line":7,"column":23},"end":{"line":14,"column":1}},"1":{"start":{"line":16,"column":12},"end":{"line":16,"column":41}},"2":{"start":{"line":17,"column":11},"end":{"line":17,"column":28}},"3":{"start":{"line":18,"column":13},"end":{"line":18,"column":22}},"4":{"start":{"line":20,"column":23},"end":{"line":20,"column":57}},"5":{"start":{"line":21,"column":25},"end":{"line":21,"column":61}},"6":{"start":{"line":22,"column":27},"end":{"line":22,"column":65}},"7":{"start":{"line":23,"column":28},"end":{"line":23,"column":67}},"8":{"start":{"line":24,"column":25},"end":{"line":24,"column":61}},"9":{"start":{"line":25,"column":24},"end":{"line":25,"column":59}},"10":{"start":{"line":26,"column":21},"end":{"line":26,"column":53}},"11":{"start":{"line":27,"column":21},"end":{"line":27,"column":60}},"12":{"start":{"line":28,"column":24},"end":{"line":28,"column":66}},"13":{"start":{"line":29,"column":22},"end":{"line":29,"column":62}},"14":{"start":{"line":31,"column":18},"end":{"line":31,"column":61}},"15":{"start":{"line":32,"column":16},"end":{"line":32,"column":35}},"16":{"start":{"line":35,"column":2},"end":{"line":41,"column":3}},"17":{"start":{"line":36,"column":4},"end":{"line":36,"column":45}},"18":{"start":{"line":37,"column":4},"end":{"line":39,"column":13}},"19":{"start":{"line":38,"column":6},"end":{"line":38,"column":49}},"20":{"start":{"line":40,"column":4},"end":{"line":40,"column":11}},"21":{"start":{"line":43,"column":2},"end":{"line":64,"column":3}},"22":{"start":{"line":44,"column":4},"end":{"line":44,"column":51}},"23":{"start":{"line":46,"column":21},"end":{"line":46,"column":47}},"24":{"start":{"line":47,"column":22},"end":{"line":47,"column":44}},"25":{"start":{"line":49,"column":4},"end":{"line":55,"column":5}},"26":{"start":{"line":50,"column":6},"end":{"line":50,"column":47}},"27":{"start":{"line":51,"column":6},"end":{"line":53,"column":15}},"28":{"start":{"line":52,"column":8},"end":{"line":52,"column":51}},"29":{"start":{"line":54,"column":6},"end":{"line":54,"column":13}},"30":{"start":{"line":57,"column":22},"end":{"line":57,"column":38}},"31":{"start":{"line":58,"column":4},"end":{"line":58,"column":49}},"32":{"start":{"line":60,"column":4},"end":{"line":60,"column":35}},"33":{"start":{"line":62,"column":4},"end":{"line":62,"column":49}},"34":{"start":{"line":63,"column":4},"end":{"line":63,"column":64}},"35":{"start":{"line":68,"column":2},"end":{"line":122,"column":3}},"36":{"start":{"line":69,"column":4},"end":{"line":69,"column":41}},"37":{"start":{"line":71,"column":21},"end":{"line":71,"column":35}},"38":{"start":{"line":72,"column":4},"end":{"line":108,"column":5}},"39":{"start":{"line":73,"column":6},"end":{"line":97,"column":7}},"40":{"start":{"line":74,"column":8},"end":{"line":80,"column":11}},"41":{"start":{"line":81,"column":13},"end":{"line":97,"column":7}},"42":{"start":{"line":82,"column":8},"end":{"line":88,"column":11}},"43":{"start":{"line":89,"column":13},"end":{"line":97,"column":7}},"44":{"start":{"line":90,"column":8},"end":{"line":96,"column":11}},"45":{"start":{"line":98,"column":11},"end":{"line":108,"column":5}},"46":{"start":{"line":99,"column":6},"end":{"line":107,"column":7}},"47":{"start":{"line":100,"column":8},"end":{"line":106,"column":11}},"48":{"start":{"line":109,"column":4},"end":{"line":109,"column":46}},"49":{"start":{"line":111,"column":19},"end":{"line":111,"column":48}},"50":{"start":{"line":112,"column":4},"end":{"line":112,"column":32}},"51":{"start":{"line":114,"column":4},"end":{"line":114,"column":39}},"52":{"start":{"line":116,"column":4},"end":{"line":116,"column":45}},"53":{"start":{"line":118,"column":4},"end":{"line":118,"column":31}},"54":{"start":{"line":121,"column":4},"end":{"line":121,"column":60}},"55":{"start":{"line":126,"column":2},"end":{"line":129,"column":3}},"56":{"start":{"line":127,"column":4},"end":{"line":127,"column":80}},"57":{"start":{"line":128,"column":4},"end":{"line":128,"column":11}},"58":{"start":{"line":131,"column":2},"end":{"line":150,"column":3}},"59":{"start":{"line":132,"column":20},"end":{"line":132,"column":45}},"60":{"start":{"line":133,"column":21},"end":{"line":133,"column":42}},"61":{"start":{"line":135,"column":4},"end":{"line":146,"column":5}},"62":{"start":{"line":136,"column":23},"end":{"line":136,"column":38}},"63":{"start":{"line":137,"column":24},"end":{"line":137,"column":78}},"64":{"start":{"line":139,"column":6},"end":{"line":143,"column":8}},"65":{"start":{"line":145,"column":6},"end":{"line":145,"column":83}},"66":{"start":{"line":148,"column":4},"end":{"line":148,"column":55}},"67":{"start":{"line":149,"column":4},"end":{"line":149,"column":89}},"68":{"start":{"line":155,"column":2},"end":{"line":163,"column":3}},"69":{"start":{"line":156,"column":4},"end":{"line":161,"column":6}},"70":{"start":{"line":162,"column":4},"end":{"line":162,"column":11}},"71":{"start":{"line":165,"column":18},"end":{"line":165,"column":20}},"72":{"start":{"line":167,"column":2},"end":{"line":214,"column":3}},"73":{"start":{"line":168,"column":21},"end":{"line":168,"column":89}},"74":{"start":{"line":169,"column":17},"end":{"line":169,"column":47}},"75":{"start":{"line":170,"column":18},"end":{"line":170,"column":45}},"76":{"start":{"line":171,"column":21},"end":{"line":171,"column":49}},"77":{"start":{"line":172,"column":22},"end":{"line":172,"column":38}},"78":{"start":{"line":174,"column":21},"end":{"line":174,"column":37}},"79":{"start":{"line":176,"column":4},"end":{"line":188,"column":5}},"80":{"start":{"line":177,"column":6},"end":{"line":187,"column":7}},"81":{"start":{"line":178,"column":26},"end":{"line":178,"column":57}},"82":{"start":{"line":179,"column":27},"end":{"line":179,"column":50}},"83":{"start":{"line":181,"column":8},"end":{"line":184,"column":9}},"84":{"start":{"line":182,"column":29},"end":{"line":182,"column":46}},"85":{"start":{"line":183,"column":10},"end":{"line":183,"column":86}},"86":{"start":{"line":186,"column":8},"end":{"line":186,"column":60}},"87":{"start":{"line":190,"column":4},"end":{"line":213,"column":6}},"88":{"start":{"line":216,"column":2},"end":{"line":216,"column":41}},"89":{"start":{"line":221,"column":17},"end":{"line":221,"column":18}},"90":{"start":{"line":222,"column":17},"end":{"line":222,"column":56}},"91":{"start":{"line":223,"column":12},"end":{"line":223,"column":42}},"92":{"start":{"line":225,"column":2},"end":{"line":231,"column":3}},"93":{"start":{"line":226,"column":4},"end":{"line":230,"column":10}},"94":{"start":{"line":227,"column":20},"end":{"line":227,"column":47}},"95":{"start":{"line":228,"column":23},"end":{"line":228,"column":51}},"96":{"start":{"line":229,"column":6},"end":{"line":229,"column":38}},"97":{"start":{"line":233,"column":16},"end":{"line":233,"column":41}},"98":{"start":{"line":235,"column":2},"end":{"line":235,"column":58}},"99":{"start":{"line":237,"column":2},"end":{"line":239,"column":3}},"100":{"start":{"line":238,"column":4},"end":{"line":238,"column":60}},"101":{"start":{"line":240,"column":2},"end":{"line":242,"column":3}},"102":{"start":{"line":241,"column":4},"end":{"line":241,"column":50}},"103":{"start":{"line":243,"column":2},"end":{"line":245,"column":3}},"104":{"start":{"line":244,"column":4},"end":{"line":244,"column":54}},"105":{"start":{"line":249,"column":26},"end":{"line":249,"column":74}},"106":{"start":{"line":250,"column":2},"end":{"line":250,"column":51}},"107":{"start":{"line":252,"column":2},"end":{"line":252,"column":48}},"108":{"start":{"line":253,"column":2},"end":{"line":253,"column":78}},"109":{"start":{"line":255,"column":2},"end":{"line":255,"column":30}},"110":{"start":{"line":259,"column":20},"end":{"line":259,"column":38}},"111":{"start":{"line":260,"column":2},"end":{"line":263,"column":3}},"112":{"start":{"line":261,"column":4},"end":{"line":261,"column":44}},"113":{"start":{"line":262,"column":4},"end":{"line":262,"column":11}},"114":{"start":{"line":265,"column":2},"end":{"line":280,"column":3}},"115":{"start":{"line":266,"column":4},"end":{"line":266,"column":56}},"116":{"start":{"line":268,"column":21},"end":{"line":268,"column":47}},"117":{"start":{"line":269,"column":4},"end":{"line":272,"column":7}},"118":{"start":{"line":274,"column":4},"end":{"line":274,"column":35}},"119":{"start":{"line":275,"column":4},"end":{"line":275,"column":71}},"120":{"start":{"line":278,"column":4},"end":{"line":278,"column":57}},"121":{"start":{"line":279,"column":4},"end":{"line":279,"column":65}},"122":{"start":{"line":284,"column":14},"end":{"line":284,"column":43}},"123":{"start":{"line":285,"column":2},"end":{"line":285,"column":36}},"124":{"start":{"line":286,"column":2},"end":{"line":289,"column":4}},"125":{"start":{"line":290,"column":2},"end":{"line":290,"column":33}},"126":{"start":{"line":292,"column":2},"end":{"line":295,"column":11}},"127":{"start":{"line":293,"column":4},"end":{"line":293,"column":34}},"128":{"start":{"line":294,"column":4},"end":{"line":294,"column":40}},"129":{"start":{"line":294,"column":21},"end":{"line":294,"column":33}},"130":{"start":{"line":299,"column":14},"end":{"line":299,"column":43}},"131":{"start":{"line":300,"column":2},"end":{"line":300,"column":34}},"132":{"start":{"line":301,"column":2},"end":{"line":304,"column":4}},"133":{"start":{"line":305,"column":2},"end":{"line":305,"column":33}},"134":{"start":{"line":307,"column":2},"end":{"line":310,"column":11}},"135":{"start":{"line":308,"column":4},"end":{"line":308,"column":34}},"136":{"start":{"line":309,"column":4},"end":{"line":309,"column":40}},"137":{"start":{"line":309,"column":21},"end":{"line":309,"column":33}},"138":{"start":{"line":313,"column":0},"end":{"line":313,"column":61}},"139":{"start":{"line":315,"column":0},"end":{"line":322,"column":3}},"140":{"start":{"line":316,"column":2},"end":{"line":321,"column":5}},"141":{"start":{"line":317,"column":4},"end":{"line":317,"column":47}},"142":{"start":{"line":319,"column":4},"end":{"line":319,"column":44}},"143":{"start":{"line":320,"column":4},"end":{"line":320,"column":36}},"144":{"start":{"line":324,"column":0},"end":{"line":350,"column":3}},"145":{"start":{"line":325,"column":2},"end":{"line":328,"column":3}},"146":{"start":{"line":326,"column":4},"end":{"line":326,"column":63}},"147":{"start":{"line":327,"column":4},"end":{"line":327,"column":11}},"148":{"start":{"line":330,"column":18},"end":{"line":330,"column":44}},"149":{"start":{"line":331,"column":2},"end":{"line":349,"column":5}},"150":{"start":{"line":332,"column":4},"end":{"line":336,"column":5}},"151":{"start":{"line":333,"column":6},"end":{"line":333,"column":54}},"152":{"start":{"line":334,"column":6},"end":{"line":334,"column":20}},"153":{"start":{"line":335,"column":6},"end":{"line":335,"column":13}},"154":{"start":{"line":338,"column":21},"end":{"line":338,"column":35}},"155":{"start":{"line":339,"column":4},"end":{"line":343,"column":5}},"156":{"start":{"line":340,"column":6},"end":{"line":340,"column":65}},"157":{"start":{"line":341,"column":6},"end":{"line":341,"column":45}},"158":{"start":{"line":342,"column":6},"end":{"line":342,"column":13}},"159":{"start":{"line":345,"column":4},"end":{"line":345,"column":20}},"160":{"start":{"line":347,"column":4},"end":{"line":347,"column":54}},"161":{"start":{"line":348,"column":4},"end":{"line":348,"column":38}}},"fnMap":{"0":{"name":"loadOrderData","decl":{"start":{"line":34,"column":15},"end":{"line":34,"column":28}},"loc":{"start":{"line":34,"column":31},"end":{"line":65,"column":1}},"line":34},"1":{"name":"(anonymous_1)","decl":{"start":{"line":37,"column":15},"end":{"line":37,"column":16}},"loc":{"start":{"line":37,"column":21},"end":{"line":39,"column":5}},"line":37},"2":{"name":"(anonymous_2)","decl":{"start":{"line":51,"column":17},"end":{"line":51,"column":18}},"loc":{"start":{"line":51,"column":23},"end":{"line":53,"column":7}},"line":51},"3":{"name":"displayOrderDetails","decl":{"start":{"line":67,"column":9},"end":{"line":67,"column":28}},"loc":{"start":{"line":67,"column":40},"end":{"line":123,"column":1}},"line":67},"4":{"name":"displayBuyerInfo","decl":{"start":{"line":125,"column":15},"end":{"line":125,"column":31}},"loc":{"start":{"line":125,"column":41},"end":{"line":151,"column":1}},"line":125},"5":{"name":"displayOrderItems","decl":{"start":{"line":154,"column":15},"end":{"line":154,"column":32}},"loc":{"start":{"line":154,"column":40},"end":{"line":217,"column":1}},"line":154},"6":{"name":"calculateTotals","decl":{"start":{"line":220,"column":9},"end":{"line":220,"column":24}},"loc":{"start":{"line":220,"column":36},"end":{"line":246,"column":1}},"line":220},"7":{"name":"(anonymous_7)","decl":{"start":{"line":226,"column":38},"end":{"line":226,"column":39}},"loc":{"start":{"line":226,"column":53},"end":{"line":230,"column":5}},"line":226},"8":{"name":"updateStatusDisplay","decl":{"start":{"line":248,"column":9},"end":{"line":248,"column":28}},"loc":{"start":{"line":248,"column":37},"end":{"line":256,"column":1}},"line":248},"9":{"name":"updateOrderStatus","decl":{"start":{"line":258,"column":15},"end":{"line":258,"column":32}},"loc":{"start":{"line":258,"column":35},"end":{"line":281,"column":1}},"line":258},"10":{"name":"showMessage","decl":{"start":{"line":283,"column":9},"end":{"line":283,"column":20}},"loc":{"start":{"line":283,"column":48},"end":{"line":296,"column":1}},"line":283},"11":{"name":"(anonymous_11)","decl":{"start":{"line":292,"column":13},"end":{"line":292,"column":14}},"loc":{"start":{"line":292,"column":19},"end":{"line":295,"column":3}},"line":292},"12":{"name":"(anonymous_12)","decl":{"start":{"line":294,"column":15},"end":{"line":294,"column":16}},"loc":{"start":{"line":294,"column":21},"end":{"line":294,"column":33}},"line":294},"13":{"name":"showError","decl":{"start":{"line":298,"column":9},"end":{"line":298,"column":18}},"loc":{"start":{"line":298,"column":28},"end":{"line":311,"column":1}},"line":298},"14":{"name":"(anonymous_14)","decl":{"start":{"line":307,"column":13},"end":{"line":307,"column":14}},"loc":{"start":{"line":307,"column":19},"end":{"line":310,"column":3}},"line":307},"15":{"name":"(anonymous_15)","decl":{"start":{"line":309,"column":15},"end":{"line":309,"column":16}},"loc":{"start":{"line":309,"column":21},"end":{"line":309,"column":33}},"line":309},"16":{"name":"(anonymous_16)","decl":{"start":{"line":315,"column":40},"end":{"line":315,"column":41}},"loc":{"start":{"line":315,"column":46},"end":{"line":322,"column":1}},"line":315},"17":{"name":"(anonymous_17)","decl":{"start":{"line":316,"column":21},"end":{"line":316,"column":22}},"loc":{"start":{"line":316,"column":27},"end":{"line":318,"column":3}},"line":316},"18":{"name":"(anonymous_18)","decl":{"start":{"line":318,"column":11},"end":{"line":318,"column":12}},"loc":{"start":{"line":318,"column":22},"end":{"line":321,"column":3}},"line":318},"19":{"name":"(anonymous_19)","decl":{"start":{"line":324,"column":25},"end":{"line":324,"column":26}},"loc":{"start":{"line":324,"column":35},"end":{"line":350,"column":1}},"line":324},"20":{"name":"(anonymous_20)","decl":{"start":{"line":331,"column":23},"end":{"line":331,"column":24}},"loc":{"start":{"line":331,"column":36},"end":{"line":346,"column":3}},"line":331},"21":{"name":"(anonymous_21)","decl":{"start":{"line":346,"column":11},"end":{"line":346,"column":12}},"loc":{"start":{"line":346,"column":22},"end":{"line":349,"column":3}},"line":346}},"branchMap":{"0":{"loc":{"start":{"line":35,"column":2},"end":{"line":41,"column":3}},"type":"if","locations":[{"start":{"line":35,"column":2},"end":{"line":41,"column":3}},{"start":{},"end":{}}],"line":35},"1":{"loc":{"start":{"line":49,"column":4},"end":{"line":55,"column":5}},"type":"if","locations":[{"start":{"line":49,"column":4},"end":{"line":55,"column":5}},{"start":{},"end":{}}],"line":49},"2":{"loc":{"start":{"line":72,"column":4},"end":{"line":108,"column":5}},"type":"if","locations":[{"start":{"line":72,"column":4},"end":{"line":108,"column":5}},{"start":{"line":98,"column":11},"end":{"line":108,"column":5}}],"line":72},"3":{"loc":{"start":{"line":73,"column":6},"end":{"line":97,"column":7}},"type":"if","locations":[{"start":{"line":73,"column":6},"end":{"line":97,"column":7}},{"start":{"line":81,"column":13},"end":{"line":97,"column":7}}],"line":73},"4":{"loc":{"start":{"line":81,"column":13},"end":{"line":97,"column":7}},"type":"if","locations":[{"start":{"line":81,"column":13},"end":{"line":97,"column":7}},{"start":{"line":89,"column":13},"end":{"line":97,"column":7}}],"line":81},"5":{"loc":{"start":{"line":89,"column":13},"end":{"line":97,"column":7}},"type":"if","locations":[{"start":{"line":89,"column":13},"end":{"line":97,"column":7}},{"start":{},"end":{}}],"line":89},"6":{"loc":{"start":{"line":98,"column":11},"end":{"line":108,"column":5}},"type":"if","locations":[{"start":{"line":98,"column":11},"end":{"line":108,"column":5}},{"start":{},"end":{}}],"line":98},"7":{"loc":{"start":{"line":99,"column":6},"end":{"line":107,"column":7}},"type":"if","locations":[{"start":{"line":99,"column":6},"end":{"line":107,"column":7}},{"start":{},"end":{}}],"line":99},"8":{"loc":{"start":{"line":111,"column":19},"end":{"line":111,"column":48}},"type":"binary-expr","locations":[{"start":{"line":111,"column":19},"end":{"line":111,"column":35}},{"start":{"line":111,"column":39},"end":{"line":111,"column":48}}],"line":111},"9":{"loc":{"start":{"line":116,"column":22},"end":{"line":116,"column":43}},"type":"binary-expr","locations":[{"start":{"line":116,"column":22},"end":{"line":116,"column":37}},{"start":{"line":116,"column":41},"end":{"line":116,"column":43}}],"line":116},"10":{"loc":{"start":{"line":126,"column":2},"end":{"line":129,"column":3}},"type":"if","locations":[{"start":{"line":126,"column":2},"end":{"line":129,"column":3}},{"start":{},"end":{}}],"line":126},"11":{"loc":{"start":{"line":135,"column":4},"end":{"line":146,"column":5}},"type":"if","locations":[{"start":{"line":135,"column":4},"end":{"line":146,"column":5}},{"start":{"line":144,"column":11},"end":{"line":146,"column":5}}],"line":135},"12":{"loc":{"start":{"line":137,"column":24},"end":{"line":137,"column":78}},"type":"binary-expr","locations":[{"start":{"line":137,"column":24},"end":{"line":137,"column":41}},{"start":{"line":137,"column":45},"end":{"line":137,"column":59}},{"start":{"line":137,"column":63},"end":{"line":137,"column":78}}],"line":137},"13":{"loc":{"start":{"line":155,"column":2},"end":{"line":163,"column":3}},"type":"if","locations":[{"start":{"line":155,"column":2},"end":{"line":163,"column":3}},{"start":{},"end":{}}],"line":155},"14":{"loc":{"start":{"line":155,"column":6},"end":{"line":155,"column":34}},"type":"binary-expr","locations":[{"start":{"line":155,"column":6},"end":{"line":155,"column":12}},{"start":{"line":155,"column":16},"end":{"line":155,"column":34}}],"line":155},"15":{"loc":{"start":{"line":168,"column":21},"end":{"line":168,"column":89}},"type":"binary-expr","locations":[{"start":{"line":168,"column":21},"end":{"line":168,"column":34}},{"start":{"line":168,"column":38},"end":{"line":168,"column":89}}],"line":168},"16":{"loc":{"start":{"line":169,"column":17},"end":{"line":169,"column":47}},"type":"binary-expr","locations":[{"start":{"line":169,"column":17},"end":{"line":169,"column":26}},{"start":{"line":169,"column":30},"end":{"line":169,"column":47}}],"line":169},"17":{"loc":{"start":{"line":170,"column":18},"end":{"line":170,"column":45}},"type":"binary-expr","locations":[{"start":{"line":170,"column":18},"end":{"line":170,"column":40}},{"start":{"line":170,"column":44},"end":{"line":170,"column":45}}],"line":170},"18":{"loc":{"start":{"line":171,"column":21},"end":{"line":171,"column":49}},"type":"binary-expr","locations":[{"start":{"line":171,"column":21},"end":{"line":171,"column":44}},{"start":{"line":171,"column":48},"end":{"line":171,"column":49}}],"line":171},"19":{"loc":{"start":{"line":176,"column":4},"end":{"line":188,"column":5}},"type":"if","locations":[{"start":{"line":176,"column":4},"end":{"line":188,"column":5}},{"start":{},"end":{}}],"line":176},"20":{"loc":{"start":{"line":181,"column":8},"end":{"line":184,"column":9}},"type":"if","locations":[{"start":{"line":181,"column":8},"end":{"line":184,"column":9}},{"start":{},"end":{}}],"line":181},"21":{"loc":{"start":{"line":183,"column":23},"end":{"line":183,"column":85}},"type":"binary-expr","locations":[{"start":{"line":183,"column":23},"end":{"line":183,"column":42}},{"start":{"line":183,"column":46},"end":{"line":183,"column":62}},{"start":{"line":183,"column":66},"end":{"line":183,"column":85}}],"line":183},"22":{"loc":{"start":{"line":222,"column":17},"end":{"line":222,"column":56}},"type":"binary-expr","locations":[{"start":{"line":222,"column":17},"end":{"line":222,"column":51}},{"start":{"line":222,"column":55},"end":{"line":222,"column":56}}],"line":222},"23":{"loc":{"start":{"line":223,"column":12},"end":{"line":223,"column":42}},"type":"binary-expr","locations":[{"start":{"line":223,"column":12},"end":{"line":223,"column":37}},{"start":{"line":223,"column":41},"end":{"line":223,"column":42}}],"line":223},"24":{"loc":{"start":{"line":225,"column":2},"end":{"line":231,"column":3}},"type":"if","locations":[{"start":{"line":225,"column":2},"end":{"line":231,"column":3}},{"start":{},"end":{}}],"line":225},"25":{"loc":{"start":{"line":225,"column":6},"end":{"line":225,"column":55}},"type":"binary-expr","locations":[{"start":{"line":225,"column":6},"end":{"line":225,"column":21}},{"start":{"line":225,"column":25},"end":{"line":225,"column":55}}],"line":225},"26":{"loc":{"start":{"line":227,"column":20},"end":{"line":227,"column":47}},"type":"binary-expr","locations":[{"start":{"line":227,"column":20},"end":{"line":227,"column":42}},{"start":{"line":227,"column":46},"end":{"line":227,"column":47}}],"line":227},"27":{"loc":{"start":{"line":228,"column":23},"end":{"line":228,"column":51}},"type":"binary-expr","locations":[{"start":{"line":228,"column":23},"end":{"line":228,"column":46}},{"start":{"line":228,"column":50},"end":{"line":228,"column":51}}],"line":228},"28":{"loc":{"start":{"line":237,"column":2},"end":{"line":239,"column":3}},"type":"if","locations":[{"start":{"line":237,"column":2},"end":{"line":239,"column":3}},{"start":{},"end":{}}],"line":237},"29":{"loc":{"start":{"line":240,"column":2},"end":{"line":242,"column":3}},"type":"if","locations":[{"start":{"line":240,"column":2},"end":{"line":242,"column":3}},{"start":{},"end":{}}],"line":240},"30":{"loc":{"start":{"line":243,"column":2},"end":{"line":245,"column":3}},"type":"if","locations":[{"start":{"line":243,"column":2},"end":{"line":245,"column":3}},{"start":{},"end":{}}],"line":243},"31":{"loc":{"start":{"line":260,"column":2},"end":{"line":263,"column":3}},"type":"if","locations":[{"start":{"line":260,"column":2},"end":{"line":263,"column":3}},{"start":{},"end":{}}],"line":260},"32":{"loc":{"start":{"line":260,"column":6},"end":{"line":260,"column":28}},"type":"binary-expr","locations":[{"start":{"line":260,"column":6},"end":{"line":260,"column":14}},{"start":{"line":260,"column":18},"end":{"line":260,"column":28}}],"line":260},"33":{"loc":{"start":{"line":283,"column":30},"end":{"line":283,"column":46}},"type":"default-arg","locations":[{"start":{"line":283,"column":37},"end":{"line":283,"column":46}}],"line":283},"34":{"loc":{"start":{"line":325,"column":2},"end":{"line":328,"column":3}},"type":"if","locations":[{"start":{"line":325,"column":2},"end":{"line":328,"column":3}},{"start":{},"end":{}}],"line":325},"35":{"loc":{"start":{"line":332,"column":4},"end":{"line":336,"column":5}},"type":"if","locations":[{"start":{"line":332,"column":4},"end":{"line":336,"column":5}},{"start":{},"end":{}}],"line":332},"36":{"loc":{"start":{"line":339,"column":4},"end":{"line":343,"column":5}},"type":"if","locations":[{"start":{"line":339,"column":4},"end":{"line":343,"column":5}},{"start":{},"end":{}}],"line":339}},"s":{"0":0,"1":0,"2":0,"3":0,"4":0,"5":0,"6":0,"7":0,"8":0,"9":0,"10":0,"11":0,"12":0,"13":0,"14":0,"15":0,"16":0,"17":0,"18":0,"19":0,"20":0,"21":0,"22":0,"23":0,"24":0,"25":0,"26":0,"27":0,"28":0,"29":0,"30":0,"31":0,"32":0,"33":0,"34":0,"35":0,"36":0,"37":0,"38":0,"39":0,"40":0,"41":0,"42":0,"43":0,"44":0,"45":0,"46":0,"47":0,"48":0,"49":0,"50":0,"51":0,"52":0,"53":0,"54":0,"55":0,"56":0,"57":0,"58":0,"59":0,"60":0,"61":0,"62":0,"63":0,"64":0,"65":0,"66":0,"67":0,"68":0,"69":0,"70":0,"71":0,"72":0,"73":0,"74":0,"75":0,"76":0,"77":0,"78":0,"79":0,"80":0,"81":0,"82":0,"83":0,"84":0,"85":0,"86":0,"87":0,"88":0,"89":0,"90":0,"91":0,"92":0,"93":0,"94":0,"95":0,"96":0,"97":0,"98":0,"99":0,"100":0,"101":0,"102":0,"103":0,"104":0,"105":0,"106":0,"107":0,"108":0,"109":0,"110":0,"111":0,"112":0,"113":0,"114":0,"115":0,"116":0,"117":0,"118":0,"119":0,"120":0,"121":0,"122":0,"123":0,"124":0,"125":0,"126":0,"127":0,"128":0,"129":0,"130":0,"131":0,"132":0,"133":0,"134":0,"135":0,"136":0,"137":0,"138":0,"139":0,"140":0,"141":0,"142":0,"143":0,"144":0,"145":0,"146":0,"147":0,"148":0,"149":0,"150":0,"151":0,"152":0,"153":0,"154":0,"155":0,"156":0,"157":0,"158":0,"159":0,"160":0,"161":0},"f":{"0":0,"1":0,"2":0,"3":0,"4":0,"5":0,"6":0,"7":0,"8":0,"9":0,"10":0,"11":0,"12":0,"13":0,"14":0,"15":0,"16":0,"17":0,"18":0,"19":0,"20":0,"21":0},"b":{"0":[0,0],"1":[0,0],"2":[0,0],"3":[0,0],"4":[0,0],"5":[0,0],"6":[0,0],"7":[0,0],"8":[0,0],"9":[0,0],"10":[0,0],"11":[0,0],"12":[0,0,0],"13":[0,0],"14":[0,0],"15":[0,0],"16":[0,0],"17":[0,0],"18":[0,0],"19":[0,0],"20":[0,0],"21":[0,0,0],"22":[0,0],"23":[0,0],"24":[0,0],"25":[0,0],"26":[0,0],"27":[0,0],"28":[0,0],"29":[0,0],"30":[0,0],"31":[0,0],"32":[0,0],"33":[0],"34":[0,0],"35":[0,0],"36":[0,0]}}
,"C:\\Users\\anna\\Downloads\\ArtAlley\\Buyer Folder\\Carts.js": {"path":"C:\\Users\\anna\\Downloads\\ArtAlley\\Buyer Folder\\Carts.js","statementMap":{"0":{"start":{"line":6,"column":23},"end":{"line":13,"column":1}},"1":{"start":{"line":15,"column":12},"end":{"line":15,"column":41}},"2":{"start":{"line":16,"column":13},"end":{"line":16,"column":22}},"3":{"start":{"line":17,"column":11},"end":{"line":17,"column":28}},"4":{"start":{"line":21,"column":13},"end":{"line":21,"column":15}},"5":{"start":{"line":24,"column":2},"end":{"line":24,"column":37}},"6":{"start":{"line":25,"column":2},"end":{"line":25,"column":23}},"7":{"start":{"line":26,"column":15},"end":{"line":26,"column":31}},"8":{"start":{"line":27,"column":2},"end":{"line":27,"column":52}},"9":{"start":{"line":27,"column":13},"end":{"line":27,"column":52}},"10":{"start":{"line":29,"column":17},"end":{"line":29,"column":25}},"11":{"start":{"line":30,"column":18},"end":{"line":30,"column":60}},"12":{"start":{"line":31,"column":19},"end":{"line":31,"column":40}},"13":{"start":{"line":33,"column":2},"end":{"line":35,"column":3}},"14":{"start":{"line":34,"column":4},"end":{"line":34,"column":40}},"15":{"start":{"line":37,"column":19},"end":{"line":37,"column":47}},"16":{"start":{"line":40,"column":12},"end":{"line":40,"column":62}},"17":{"start":{"line":41,"column":19},"end":{"line":41,"column":35}},"18":{"start":{"line":43,"column":2},"end":{"line":67,"column":3}},"19":{"start":{"line":44,"column":19},"end":{"line":44,"column":39}},"20":{"start":{"line":45,"column":25},"end":{"line":45,"column":48}},"21":{"start":{"line":46,"column":4},"end":{"line":48,"column":5}},"22":{"start":{"line":47,"column":6},"end":{"line":47,"column":65}},"23":{"start":{"line":49,"column":4},"end":{"line":51,"column":7}},"24":{"start":{"line":53,"column":6},"end":{"line":55,"column":7}},"25":{"start":{"line":54,"column":10},"end":{"line":54,"column":56}},"26":{"start":{"line":57,"column":4},"end":{"line":66,"column":7}},"27":{"start":{"line":69,"column":2},"end":{"line":69,"column":17}},"28":{"start":{"line":75,"column":15},"end":{"line":75,"column":31}},"29":{"start":{"line":76,"column":2},"end":{"line":76,"column":20}},"30":{"start":{"line":76,"column":13},"end":{"line":76,"column":20}},"31":{"start":{"line":78,"column":23},"end":{"line":78,"column":83}},"32":{"start":{"line":79,"column":19},"end":{"line":79,"column":46}},"33":{"start":{"line":81,"column":2},"end":{"line":81,"column":18}},"34":{"start":{"line":83,"column":2},"end":{"line":85,"column":5}},"35":{"start":{"line":84,"column":4},"end":{"line":84,"column":26}},"36":{"start":{"line":87,"column":2},"end":{"line":87,"column":17}},"37":{"start":{"line":93,"column":22},"end":{"line":93,"column":61}},"38":{"start":{"line":94,"column":2},"end":{"line":97,"column":3}},"39":{"start":{"line":96,"column":4},"end":{"line":96,"column":11}},"40":{"start":{"line":98,"column":2},"end":{"line":98,"column":29}},"41":{"start":{"line":100,"column":2},"end":{"line":103,"column":3}},"42":{"start":{"line":101,"column":4},"end":{"line":101,"column":57}},"43":{"start":{"line":102,"column":4},"end":{"line":102,"column":11}},"44":{"start":{"line":105,"column":14},"end":{"line":105,"column":15}},"45":{"start":{"line":107,"column":2},"end":{"line":132,"column":6}},"46":{"start":{"line":108,"column":22},"end":{"line":108,"column":48}},"47":{"start":{"line":109,"column":4},"end":{"line":109,"column":23}},"48":{"start":{"line":110,"column":21},"end":{"line":110,"column":40}},"49":{"start":{"line":112,"column":21},"end":{"line":112,"column":54}},"50":{"start":{"line":113,"column":4},"end":{"line":113,"column":40}},"51":{"start":{"line":115,"column":2},"end":{"line":129,"column":2}},"52":{"start":{"line":131,"column":4},"end":{"line":131,"column":38}},"53":{"start":{"line":134,"column":23},"end":{"line":134,"column":50}},"54":{"start":{"line":135,"column":2},"end":{"line":135,"column":74}},"55":{"start":{"line":136,"column":2},"end":{"line":136,"column":40}},"56":{"start":{"line":138,"column":2},"end":{"line":138,"column":54}},"57":{"start":{"line":142,"column":0},"end":{"line":142,"column":18}},"58":{"start":{"line":144,"column":22},"end":{"line":144,"column":88}},"59":{"start":{"line":145,"column":0},"end":{"line":153,"column":1}},"60":{"start":{"line":146,"column":2},"end":{"line":152,"column":3}},"61":{"start":{"line":147,"column":4},"end":{"line":147,"column":28}},"62":{"start":{"line":148,"column":4},"end":{"line":148,"column":34}},"63":{"start":{"line":150,"column":4},"end":{"line":150,"column":49}},"64":{"start":{"line":151,"column":4},"end":{"line":151,"column":54}},"65":{"start":{"line":156,"column":0},"end":{"line":213,"column":3}},"66":{"start":{"line":157,"column":19},"end":{"line":157,"column":66}},"67":{"start":{"line":158,"column":19},"end":{"line":158,"column":66}},"68":{"start":{"line":159,"column":17},"end":{"line":159,"column":61}},"69":{"start":{"line":161,"column":0},"end":{"line":161,"column":52}},"70":{"start":{"line":161,"column":45},"end":{"line":161,"column":52}},"71":{"start":{"line":163,"column":13},"end":{"line":163,"column":29}},"72":{"start":{"line":164,"column":0},"end":{"line":164,"column":50}},"73":{"start":{"line":164,"column":11},"end":{"line":164,"column":50}},"74":{"start":{"line":166,"column":16},"end":{"line":166,"column":60}},"75":{"start":{"line":167,"column":17},"end":{"line":167,"column":45}},"76":{"start":{"line":170,"column":0},"end":{"line":180,"column":1}},"77":{"start":{"line":171,"column":15},"end":{"line":171,"column":79}},"78":{"start":{"line":172,"column":2},"end":{"line":172,"column":20}},"79":{"start":{"line":172,"column":13},"end":{"line":172,"column":20}},"80":{"start":{"line":175,"column":10},"end":{"line":175,"column":52}},"81":{"start":{"line":176,"column":17},"end":{"line":176,"column":33}},"82":{"start":{"line":177,"column":0},"end":{"line":177,"column":27}},"83":{"start":{"line":177,"column":20},"end":{"line":177,"column":27}},"84":{"start":{"line":178,"column":15},"end":{"line":178,"column":35}},"85":{"start":{"line":179,"column":0},"end":{"line":179,"column":38}},"86":{"start":{"line":182,"column":26},"end":{"line":182,"column":63}},"87":{"start":{"line":183,"column":0},"end":{"line":183,"column":29}},"88":{"start":{"line":183,"column":22},"end":{"line":183,"column":29}},"89":{"start":{"line":185,"column":21},"end":{"line":185,"column":65}},"90":{"start":{"line":186,"column":13},"end":{"line":186,"column":43}},"91":{"start":{"line":187,"column":14},"end":{"line":187,"column":55}},"92":{"start":{"line":188,"column":22},"end":{"line":188,"column":56}},"93":{"start":{"line":190,"column":10},"end":{"line":190,"column":52}},"94":{"start":{"line":191,"column":17},"end":{"line":191,"column":33}},"95":{"start":{"line":192,"column":0},"end":{"line":192,"column":27}},"96":{"start":{"line":192,"column":20},"end":{"line":192,"column":27}},"97":{"start":{"line":193,"column":15},"end":{"line":193,"column":35}},"98":{"start":{"line":196,"column":0},"end":{"line":202,"column":1}},"99":{"start":{"line":197,"column":2},"end":{"line":201,"column":3}},"100":{"start":{"line":198,"column":4},"end":{"line":198,"column":63}},"101":{"start":{"line":200,"column":4},"end":{"line":200,"column":64}},"102":{"start":{"line":204,"column":0},"end":{"line":210,"column":1}},"103":{"start":{"line":205,"column":2},"end":{"line":209,"column":3}},"104":{"start":{"line":206,"column":4},"end":{"line":206,"column":63}},"105":{"start":{"line":208,"column":4},"end":{"line":208,"column":43}},"106":{"start":{"line":212,"column":0},"end":{"line":212,"column":30}},"107":{"start":{"line":216,"column":0},"end":{"line":284,"column":3}},"108":{"start":{"line":217,"column":2},"end":{"line":228,"column":5}},"109":{"start":{"line":218,"column":4},"end":{"line":227,"column":5}},"110":{"start":{"line":219,"column":6},"end":{"line":219,"column":44}},"111":{"start":{"line":220,"column":6},"end":{"line":220,"column":21}},"112":{"start":{"line":223,"column":6},"end":{"line":223,"column":16}},"113":{"start":{"line":224,"column":6},"end":{"line":224,"column":21}},"114":{"start":{"line":225,"column":6},"end":{"line":225,"column":30}},"115":{"start":{"line":226,"column":6},"end":{"line":226,"column":42}},"116":{"start":{"line":230,"column":21},"end":{"line":230,"column":58}},"117":{"start":{"line":231,"column":2},"end":{"line":235,"column":3}},"118":{"start":{"line":232,"column":4},"end":{"line":234,"column":7}},"119":{"start":{"line":233,"column":6},"end":{"line":233,"column":41}},"120":{"start":{"line":238,"column":17},"end":{"line":238,"column":50}},"121":{"start":{"line":239,"column":2},"end":{"line":243,"column":3}},"122":{"start":{"line":240,"column":4},"end":{"line":242,"column":7}},"123":{"start":{"line":241,"column":6},"end":{"line":241,"column":28}},"124":{"start":{"line":245,"column":24},"end":{"line":245,"column":64}},"125":{"start":{"line":246,"column":2},"end":{"line":283,"column":3}},"126":{"start":{"line":247,"column":4},"end":{"line":282,"column":7}},"127":{"start":{"line":248,"column":19},"end":{"line":248,"column":35}},"128":{"start":{"line":249,"column":2},"end":{"line":281,"column":3}},"129":{"start":{"line":250,"column":4},"end":{"line":278,"column":5}},"130":{"start":{"line":251,"column":25},"end":{"line":251,"column":51}},"131":{"start":{"line":252,"column":28},"end":{"line":252,"column":52}},"132":{"start":{"line":255,"column":6},"end":{"line":259,"column":7}},"133":{"start":{"line":257,"column":8},"end":{"line":257,"column":69}},"134":{"start":{"line":258,"column":8},"end":{"line":258,"column":15}},"135":{"start":{"line":261,"column":23},"end":{"line":261,"column":43}},"136":{"start":{"line":264,"column":29},"end":{"line":264,"column":94}},"137":{"start":{"line":265,"column":28},"end":{"line":267,"column":8}},"138":{"start":{"line":266,"column":8},"end":{"line":266,"column":107}},"139":{"start":{"line":269,"column":6},"end":{"line":273,"column":7}},"140":{"start":{"line":270,"column":8},"end":{"line":270,"column":69}},"141":{"start":{"line":272,"column":8},"end":{"line":272,"column":66}},"142":{"start":{"line":276,"column":6},"end":{"line":276,"column":54}},"143":{"start":{"line":277,"column":6},"end":{"line":277,"column":54}},"144":{"start":{"line":280,"column":4},"end":{"line":280,"column":63}},"145":{"start":{"line":289,"column":0},"end":{"line":300,"column":3}},"146":{"start":{"line":290,"column":14},"end":{"line":290,"column":49}},"147":{"start":{"line":291,"column":0},"end":{"line":299,"column":1}},"148":{"start":{"line":292,"column":2},"end":{"line":298,"column":5}},"149":{"start":{"line":293,"column":4},"end":{"line":297,"column":5}},"150":{"start":{"line":294,"column":6},"end":{"line":294,"column":41}},"151":{"start":{"line":296,"column":6},"end":{"line":296,"column":46}}},"fnMap":{"0":{"name":"addToCart","decl":{"start":{"line":23,"column":22},"end":{"line":23,"column":31}},"loc":{"start":{"line":23,"column":41},"end":{"line":70,"column":1}},"line":23},"1":{"name":"loadCartFromFirestore","decl":{"start":{"line":74,"column":15},"end":{"line":74,"column":36}},"loc":{"start":{"line":74,"column":39},"end":{"line":88,"column":1}},"line":74},"2":{"name":"(anonymous_2)","decl":{"start":{"line":83,"column":19},"end":{"line":83,"column":20}},"loc":{"start":{"line":83,"column":26},"end":{"line":85,"column":3}},"line":83},"3":{"name":"updateCartUI","decl":{"start":{"line":92,"column":9},"end":{"line":92,"column":21}},"loc":{"start":{"line":92,"column":24},"end":{"line":139,"column":1}},"line":92},"4":{"name":"(anonymous_4)","decl":{"start":{"line":107,"column":15},"end":{"line":107,"column":16}},"loc":{"start":{"line":107,"column":23},"end":{"line":132,"column":4}},"line":107},"5":{"name":"deleteItemFromCart","decl":{"start":{"line":143,"column":15},"end":{"line":143,"column":33}},"loc":{"start":{"line":143,"column":48},"end":{"line":154,"column":1}},"line":143},"6":{"name":"(anonymous_6)","decl":{"start":{"line":156,"column":35},"end":{"line":156,"column":36}},"loc":{"start":{"line":156,"column":54},"end":{"line":213,"column":1}},"line":156},"7":{"name":"(anonymous_7)","decl":{"start":{"line":216,"column":46},"end":{"line":216,"column":47}},"loc":{"start":{"line":216,"column":58},"end":{"line":284,"column":1}},"line":216},"8":{"name":"(anonymous_8)","decl":{"start":{"line":217,"column":27},"end":{"line":217,"column":28}},"loc":{"start":{"line":217,"column":43},"end":{"line":228,"column":3}},"line":217},"9":{"name":"(anonymous_9)","decl":{"start":{"line":232,"column":41},"end":{"line":232,"column":42}},"loc":{"start":{"line":232,"column":47},"end":{"line":234,"column":5}},"line":232},"10":{"name":"(anonymous_10)","decl":{"start":{"line":240,"column":37},"end":{"line":240,"column":38}},"loc":{"start":{"line":240,"column":49},"end":{"line":242,"column":5}},"line":240},"11":{"name":"(anonymous_11)","decl":{"start":{"line":247,"column":44},"end":{"line":247,"column":45}},"loc":{"start":{"line":247,"column":56},"end":{"line":282,"column":5}},"line":247},"12":{"name":"(anonymous_12)","decl":{"start":{"line":265,"column":48},"end":{"line":265,"column":49}},"loc":{"start":{"line":265,"column":57},"end":{"line":267,"column":7}},"line":265},"13":{"name":"(anonymous_13)","decl":{"start":{"line":289,"column":46},"end":{"line":289,"column":47}},"loc":{"start":{"line":289,"column":57},"end":{"line":300,"column":1}},"line":289},"14":{"name":"(anonymous_14)","decl":{"start":{"line":292,"column":34},"end":{"line":292,"column":35}},"loc":{"start":{"line":292,"column":45},"end":{"line":298,"column":3}},"line":292}},"branchMap":{"0":{"loc":{"start":{"line":27,"column":2},"end":{"line":27,"column":52}},"type":"if","locations":[{"start":{"line":27,"column":2},"end":{"line":27,"column":52}},{"start":{},"end":{}}],"line":27},"1":{"loc":{"start":{"line":33,"column":2},"end":{"line":35,"column":3}},"type":"if","locations":[{"start":{"line":33,"column":2},"end":{"line":35,"column":3}},{"start":{},"end":{}}],"line":33},"2":{"loc":{"start":{"line":43,"column":2},"end":{"line":67,"column":3}},"type":"if","locations":[{"start":{"line":43,"column":2},"end":{"line":67,"column":3}},{"start":{"line":52,"column":11},"end":{"line":67,"column":3}}],"line":43},"3":{"loc":{"start":{"line":46,"column":4},"end":{"line":48,"column":5}},"type":"if","locations":[{"start":{"line":46,"column":4},"end":{"line":48,"column":5}},{"start":{},"end":{}}],"line":46},"4":{"loc":{"start":{"line":53,"column":6},"end":{"line":55,"column":7}},"type":"if","locations":[{"start":{"line":53,"column":6},"end":{"line":55,"column":7}},{"start":{},"end":{}}],"line":53},"5":{"loc":{"start":{"line":76,"column":2},"end":{"line":76,"column":20}},"type":"if","locations":[{"start":{"line":76,"column":2},"end":{"line":76,"column":20}},{"start":{},"end":{}}],"line":76},"6":{"loc":{"start":{"line":94,"column":2},"end":{"line":97,"column":3}},"type":"if","locations":[{"start":{"line":94,"column":2},"end":{"line":97,"column":3}},{"start":{},"end":{}}],"line":94},"7":{"loc":{"start":{"line":100,"column":2},"end":{"line":103,"column":3}},"type":"if","locations":[{"start":{"line":100,"column":2},"end":{"line":103,"column":3}},{"start":{},"end":{}}],"line":100},"8":{"loc":{"start":{"line":110,"column":21},"end":{"line":110,"column":40}},"type":"binary-expr","locations":[{"start":{"line":110,"column":21},"end":{"line":110,"column":34}},{"start":{"line":110,"column":38},"end":{"line":110,"column":40}}],"line":110},"9":{"loc":{"start":{"line":145,"column":0},"end":{"line":153,"column":1}},"type":"if","locations":[{"start":{"line":145,"column":0},"end":{"line":153,"column":1}},{"start":{},"end":{}}],"line":145},"10":{"loc":{"start":{"line":161,"column":0},"end":{"line":161,"column":52}},"type":"if","locations":[{"start":{"line":161,"column":0},"end":{"line":161,"column":52}},{"start":{},"end":{}}],"line":161},"11":{"loc":{"start":{"line":161,"column":4},"end":{"line":161,"column":43}},"type":"binary-expr","locations":[{"start":{"line":161,"column":4},"end":{"line":161,"column":15}},{"start":{"line":161,"column":19},"end":{"line":161,"column":30}},{"start":{"line":161,"column":34},"end":{"line":161,"column":43}}],"line":161},"12":{"loc":{"start":{"line":164,"column":0},"end":{"line":164,"column":50}},"type":"if","locations":[{"start":{"line":164,"column":0},"end":{"line":164,"column":50}},{"start":{},"end":{}}],"line":164},"13":{"loc":{"start":{"line":170,"column":0},"end":{"line":180,"column":1}},"type":"if","locations":[{"start":{"line":170,"column":0},"end":{"line":180,"column":1}},{"start":{},"end":{}}],"line":170},"14":{"loc":{"start":{"line":172,"column":2},"end":{"line":172,"column":20}},"type":"if","locations":[{"start":{"line":172,"column":2},"end":{"line":172,"column":20}},{"start":{},"end":{}}],"line":172},"15":{"loc":{"start":{"line":177,"column":0},"end":{"line":177,"column":27}},"type":"if","locations":[{"start":{"line":177,"column":0},"end":{"line":177,"column":27}},{"start":{},"end":{}}],"line":177},"16":{"loc":{"start":{"line":183,"column":0},"end":{"line":183,"column":29}},"type":"if","locations":[{"start":{"line":183,"column":0},"end":{"line":183,"column":29}},{"start":{},"end":{}}],"line":18
[...]
,"C:\\Users\\anna\\Downloads\\ArtAlley\\SignUp Folder\\signUpBuyer.js": {"path":"C:\\Users\\anna\\Downloads\\ArtAlley\\SignUp Folder\\signUpBuyer.js","statementMap":{"0":{"start":{"line":6,"column":23},"end":{"line":13,"column":1}},"1":{"start":{"line":16,"column":12},"end":{"line":16,"column":41}},"2":{"start":{"line":17,"column":13},"end":{"line":17,"column":22}},"3":{"start":{"line":18,"column":11},"end":{"line":18,"column":28}},"4":{"start":{"line":19,"column":0},"end":{"line":19,"column":25}},"5":{"start":{"line":21,"column":14},"end":{"line":21,"column":48}},"6":{"start":{"line":23,"column":17},"end":{"line":23,"column":52}},"7":{"start":{"line":24,"column":24},"end":{"line":24,"column":66}},"8":{"start":{"line":25,"column":15},"end":{"line":25,"column":50}},"9":{"start":{"line":26,"column":21},"end":{"line":26,"column":52}},"10":{"start":{"line":27,"column":23},"end":{"line":27,"column":64}},"11":{"start":{"line":28,"column":16},"end":{"line":28,"column":50}},"12":{"start":{"line":29,"column":22},"end":{"line":29,"column":62}},"13":{"start":{"line":30,"column":17},"end":{"line":30,"column":41}},"14":{"start":{"line":33,"column":0},"end":{"line":38,"column":3}},"15":{"start":{"line":34,"column":21},"end":{"line":34,"column":49}},"16":{"start":{"line":35,"column":2},"end":{"line":35,"column":51}},"17":{"start":{"line":36,"column":2},"end":{"line":36,"column":37}},"18":{"start":{"line":37,"column":2},"end":{"line":37,"column":43}},"19":{"start":{"line":40,"column":0},"end":{"line":111,"column":3}},"20":{"start":{"line":41,"column":2},"end":{"line":41,"column":25}},"21":{"start":{"line":43,"column":21},"end":{"line":43,"column":39}},"22":{"start":{"line":45,"column":24},"end":{"line":45,"column":38}},"23":{"start":{"line":46,"column":31},"end":{"line":46,"column":52}},"24":{"start":{"line":48,"column":2},"end":{"line":55,"column":3}},"25":{"start":{"line":49,"column":18},"end":{"line":49,"column":20}},"26":{"start":{"line":50,"column":4},"end":{"line":50,"column":43}},"27":{"start":{"line":50,"column":21},"end":{"line":50,"column":43}},"28":{"start":{"line":51,"column":4},"end":{"line":51,"column":49}},"29":{"start":{"line":51,"column":24},"end":{"line":51,"column":49}},"30":{"start":{"line":52,"column":4},"end":{"line":52,"column":64}},"31":{"start":{"line":52,"column":31},"end":{"line":52,"column":64}},"32":{"start":{"line":53,"column":4},"end":{"line":53,"column":73}},"33":{"start":{"line":54,"column":4},"end":{"line":54,"column":11}},"34":{"start":{"line":57,"column":24},"end":{"line":57,"column":67}},"35":{"start":{"line":58,"column":2},"end":{"line":61,"column":3}},"36":{"start":{"line":59,"column":4},"end":{"line":59,"column":147}},"37":{"start":{"line":60,"column":4},"end":{"line":60,"column":11}},"38":{"start":{"line":63,"column":2},"end":{"line":66,"column":3}},"39":{"start":{"line":64,"column":4},"end":{"line":64,"column":37}},"40":{"start":{"line":65,"column":4},"end":{"line":65,"column":11}},"41":{"start":{"line":68,"column":2},"end":{"line":71,"column":3}},"42":{"start":{"line":69,"column":4},"end":{"line":69,"column":59}},"43":{"start":{"line":70,"column":4},"end":{"line":70,"column":11}},"44":{"start":{"line":74,"column":2},"end":{"line":110,"column":5}},"45":{"start":{"line":75,"column":27},"end":{"line":75,"column":96}},"46":{"start":{"line":76,"column":17},"end":{"line":76,"column":36}},"47":{"start":{"line":79,"column":2},"end":{"line":79,"column":36}},"48":{"start":{"line":80,"column":2},"end":{"line":80,"column":72}},"49":{"start":{"line":82,"column":22},"end":{"line":92,"column":8}},"50":{"start":{"line":83,"column":2},"end":{"line":83,"column":22}},"51":{"start":{"line":85,"column":21},"end":{"line":85,"column":37}},"52":{"start":{"line":87,"column":2},"end":{"line":91,"column":3}},"53":{"start":{"line":88,"column":4},"end":{"line":88,"column":33}},"54":{"start":{"line":89,"column":4},"end":{"line":89,"column":65}},"55":{"start":{"line":90,"column":4},"end":{"line":90,"column":66}},"56":{"start":{"line":94,"column":4},"end":{"line":100,"column":7}},"57":{"start":{"line":101,"column":20},"end":{"line":101,"column":58}},"58":{"start":{"line":102,"column":4},"end":{"line":105,"column":5}},"59":{"start":{"line":103,"column":6},"end":{"line":103,"column":27}},"60":{"start":{"line":104,"column":6},"end":{"line":104,"column":50}},"61":{"start":{"line":108,"column":27},"end":{"line":108,"column":40}},"62":{"start":{"line":109,"column":6},"end":{"line":109,"column":38}},"63":{"start":{"line":113,"column":0},"end":{"line":144,"column":3}},"64":{"start":{"line":115,"column":2},"end":{"line":118,"column":3}},"65":{"start":{"line":116,"column":4},"end":{"line":116,"column":59}},"66":{"start":{"line":117,"column":4},"end":{"line":117,"column":11}},"67":{"start":{"line":120,"column":2},"end":{"line":143,"column":3}},"68":{"start":{"line":121,"column":19},"end":{"line":121,"column":56}},"69":{"start":{"line":122,"column":17},"end":{"line":122,"column":28}},"70":{"start":{"line":124,"column":20},"end":{"line":124,"column":46}},"71":{"start":{"line":125,"column":20},"end":{"line":125,"column":41}},"72":{"start":{"line":127,"column":4},"end":{"line":136,"column":5}},"73":{"start":{"line":129,"column":6},"end":{"line":135,"column":9}},"74":{"start":{"line":139,"column":4},"end":{"line":139,"column":66}},"75":{"start":{"line":141,"column":4},"end":{"line":141,"column":70}},"76":{"start":{"line":142,"column":4},"end":{"line":142,"column":37}}},"fnMap":{"0":{"name":"(anonymous_0)","decl":{"start":{"line":33,"column":41},"end":{"line":33,"column":42}},"loc":{"start":{"line":33,"column":47},"end":{"line":38,"column":1}},"line":33},"1":{"name":"(anonymous_1)","decl":{"start":{"line":40,"column":33},"end":{"line":40,"column":34}},"loc":{"start":{"line":40,"column":54},"end":{"line":111,"column":1}},"line":40},"2":{"name":"(anonymous_2)","decl":{"start":{"line":82,"column":34},"end":{"line":82,"column":35}},"loc":{"start":{"line":82,"column":46},"end":{"line":92,"column":1}},"line":82},"3":{"name":"(anonymous_3)","decl":{"start":{"line":113,"column":39},"end":{"line":113,"column":40}},"loc":{"start":{"line":113,"column":56},"end":{"line":144,"column":1}},"line":113}},"branchMap":{"0":{"loc":{"start":{"line":35,"column":18},"end":{"line":35,"column":50}},"type":"cond-expr","locations":[{"start":{"line":35,"column":31},"end":{"line":35,"column":37}},{"start":{"line":35,"column":40},"end":{"line":35,"column":50}}],"line":35},"1":{"loc":{"start":{"line":48,"column":2},"end":{"line":55,"column":3}},"type":"if","locations":[{"start":{"line":48,"column":2},"end":{"line":55,"column":3}},{"start":{},"end":{}}],"line":48},"2":{"loc":{"start":{"line":48,"column":6},"end":{"line":48,"column":60}},"type":"binary-expr","locations":[{"start":{"line":48,"column":6},"end":{"line":48,"column":17}},{"start":{"line":48,"column":21},"end":{"line":48,"column":35}},{"start":{"line":48,"column":39},"end":{"line":48,"column":60}}],"line":48},"3":{"loc":{"start":{"line":50,"column":4},"end":{"line":50,"column":43}},"type":"if","locations":[{"start":{"line":50,"column":4},"end":{"line":50,"column":43}},{"start":{},"end":{}}],"line":50},"4":{"loc":{"start":{"line":51,"column":4},"end":{"line":51,"column":49}},"type":"if","locations":[{"start":{"line":51,"column":4},"end":{"line":51,"column":49}},{"start":{},"end":{}}],"line":51},"5":{"loc":{"start":{"line":52,"column":4},"end":{"line":52,"column":64}},"type":"if","locations":[{"start":{"line":52,"column":4},"end":{"line":52,"column":64}},{"start":{},"end":{}}],"line":52},"6":{"loc":{"start":{"line":58,"column":2},"end":{"line":61,"column":3}},"type":"if","locations":[{"start":{"line":58,"column":2},"end":{"line":61,"column":3}},{"start":{},"end":{}}],"line":58},"7":{"loc":{"start":{"line":63,"column":2},"end":{"line":66,"column":3}},"type":"if","locations":[{"start":{"line":63,"column":2},"end":{"line":66,"column":3}},{"start":{},"end":{}}],"line":63},"8":{"loc":{"start":{"line":68,"column":2},"end":{"line":71,"column":3}},"type":"if","locations":[{"start":{"line":68,"column":2},"end":{"line":71,"column":3}},{"start":{},"end":{}}],"line":68},"9":{"loc":{"start":{"line":87,"column":2},"end":{"line":91,"column":3}},"type":"if","locations":[{"start":{"line":87,"column":2},"end":{"line":91,"column":3}},{"start":{},"end":{}}],"line":87},"10":{"loc":{"start":{"line":102,"column":4},"end":{"line":105,"column":5}},"type":"if","locations":[{"start":{"line":102,"column":4},"end":{"line":105,"column":5}},{"start":{},"end":{}}],"line":102},"11":{"loc":{"start":{"line":102,"column":7},"end":{"line":102,"column":56}},"type":"binary-expr","locations":[{"start":{"line":102,"column":7},"end":{"line":102,"column":24}},{"start":{"line":102,"column":26},"end":{"line":102,"column":56}}],"line":102},"12":{"loc":{"start":{"line":115,"column":2},"end":{"line":118,"column":3}},"type":"if","locations":[{"start":{"line":115,"column":2},"end":{"line":118,"column":3}},{"start":{},"end":{}}],"line":115},"13":{"loc":{"start":{"line":127,"column":4},"end":{"line":136,"column":5}},"type":"if","locations":[{"start":{"line":127,"column":4},"end":{"line":136,"column":5}},{"start":{},"end":{}}],"line":127}},"s":{"0":0,"1":0,"2":0,"3":0,"4":0,"5":0,"6":0,"7":0,"8":0,"9":0,"10":0,"11":0,"12":0,"13":0,"14":0,"15":0,"16":0,"17":0,"18":0,"19":0,"20":0,"21":0,"22":0,"23":0,"24":0,"25":0,"26":0,"27":0,"28":0,"29":0,"30":0,"31":0,"32":0,"33":0,"34":0,"35":0,"36":0,"37":0,"38":0,"39":0,"40":0,"41":0,"42":0,"43":0,"44":0,"45":0,"46":0,"47":0,"48":0,"49":0,"50":0,"51":0,"52":0,"53":0,"54":0,"55":0,"56":0,"57":0,"58":0,"59":0,"60":0,"61":0,"62":0,"63":0,"64":0,"65":0,"66":0,"67":0,"68":0,"69":0,"70":0,"71":0,"72":0,"73":0,"74":0,"75":0,"76":0},"f":{"0":0,"1":0,"2":0,"3":0},"b":{"0":[0,0],"1":[0,0],"2":[0,0,0],"3":[0,0],"4":[0,0],"5":[0,0],"6":[0,0],"7":[0,0],"8":[0,0],"9":[0,0],"10":[0,0],"11":[0,0],"12":[0,0],"13":[0,0]}}
,"C:\\Users\\anna\\Downloads\\ArtAlley\\SignUp Folder\\signUpSeller.js": {"path":"C:\\Users\\anna\\Downloads\\ArtAlley\\SignUp Folder\\signUpSeller.js","statementMap":{"0":{"start":{"line":6,"column":23},"end":{"line":13,"column":1}},"1":{"start":{"line":16,"column":12},"end":{"line":16,"column":41}},"2":{"start":{"line":17,"column":13},"end":{"line":17,"column":22}},"3":{"start":{"line":18,"column":11},"end":{"line":18,"column":28}},"4":{"start":{"line":19,"column":0},"end":{"line":19,"column":25}},"5":{"start":{"line":21,"column":14},"end":{"line":21,"column":48}},"6":{"start":{"line":23,"column":17},"end":{"line":23,"column":52}},"7":{"start":{"line":24,"column":24},"end":{"line":24,"column":66}},"8":{"start":{"line":25,"column":15},"end":{"line":25,"column":50}},"9":{"start":{"line":26,"column":21},"end":{"line":26,"column":52}},"10":{"start":{"line":27,"column":23},"end":{"line":27,"column":64}},"11":{"start":{"line":28,"column":16},"end":{"line":28,"column":50}},"12":{"start":{"line":29,"column":22},"end":{"line":29,"column":62}},"13":{"start":{"line":30,"column":17},"end":{"line":30,"column":41}},"14":{"start":{"line":33,"column":0},"end":{"line":38,"column":3}},"15":{"start":{"line":34,"column":21},"end":{"line":34,"column":49}},"16":{"start":{"line":35,"column":2},"end":{"line":35,"column":51}},"17":{"start":{"line":36,"column":2},"end":{"line":36,"column":37}},"18":{"start":{"line":37,"column":2},"end":{"line":37,"column":43}},"19":{"start":{"line":40,"column":0},"end":{"line":111,"column":3}},"20":{"start":{"line":41,"column":2},"end":{"line":41,"column":25}},"21":{"start":{"line":43,"column":21},"end":{"line":43,"column":39}},"22":{"start":{"line":45,"column":24},"end":{"line":45,"column":38}},"23":{"start":{"line":46,"column":31},"end":{"line":46,"column":52}},"24":{"start":{"line":48,"column":2},"end":{"line":55,"column":3}},"25":{"start":{"line":49,"column":18},"end":{"line":49,"column":20}},"26":{"start":{"line":50,"column":4},"end":{"line":50,"column":43}},"27":{"start":{"line":50,"column":21},"end":{"line":50,"column":43}},"28":{"start":{"line":51,"column":4},"end":{"line":51,"column":49}},"29":{"start":{"line":51,"column":24},"end":{"line":51,"column":49}},"30":{"start":{"line":52,"column":4},"end":{"line":52,"column":64}},"31":{"start":{"line":52,"column":31},"end":{"line":52,"column":64}},"32":{"start":{"line":53,"column":4},"end":{"line":53,"column":73}},"33":{"start":{"line":54,"column":4},"end":{"line":54,"column":11}},"34":{"start":{"line":57,"column":24},"end":{"line":57,"column":67}},"35":{"start":{"line":58,"column":2},"end":{"line":61,"column":3}},"36":{"start":{"line":59,"column":4},"end":{"line":59,"column":147}},"37":{"start":{"line":60,"column":4},"end":{"line":60,"column":11}},"38":{"start":{"line":63,"column":2},"end":{"line":66,"column":3}},"39":{"start":{"line":64,"column":4},"end":{"line":64,"column":37}},"40":{"start":{"line":65,"column":4},"end":{"line":65,"column":11}},"41":{"start":{"line":68,"column":2},"end":{"line":71,"column":3}},"42":{"start":{"line":69,"column":4},"end":{"line":69,"column":59}},"43":{"start":{"line":70,"column":4},"end":{"line":70,"column":11}},"44":{"start":{"line":74,"column":2},"end":{"line":110,"column":5}},"45":{"start":{"line":75,"column":27},"end":{"line":75,"column":96}},"46":{"start":{"line":76,"column":17},"end":{"line":76,"column":36}},"47":{"start":{"line":79,"column":2},"end":{"line":79,"column":36}},"48":{"start":{"line":80,"column":2},"end":{"line":80,"column":72}},"49":{"start":{"line":82,"column":22},"end":{"line":93,"column":8}},"50":{"start":{"line":83,"column":2},"end":{"line":83,"column":22}},"51":{"start":{"line":85,"column":21},"end":{"line":85,"column":37}},"52":{"start":{"line":87,"column":2},"end":{"line":92,"column":3}},"53":{"start":{"line":88,"column":4},"end":{"line":88,"column":33}},"54":{"start":{"line":89,"column":4},"end":{"line":89,"column":66}},"55":{"start":{"line":90,"column":4},"end":{"line":90,"column":34}},"56":{"start":{"line":91,"column":4},"end":{"line":91,"column":47}},"57":{"start":{"line":94,"column":4},"end":{"line":100,"column":7}},"58":{"start":{"line":101,"column":20},"end":{"line":101,"column":58}},"59":{"start":{"line":102,"column":4},"end":{"line":105,"column":5}},"60":{"start":{"line":103,"column":6},"end":{"line":103,"column":27}},"61":{"start":{"line":104,"column":6},"end":{"line":104,"column":50}},"62":{"start":{"line":108,"column":27},"end":{"line":108,"column":40}},"63":{"start":{"line":109,"column":6},"end":{"line":109,"column":38}},"64":{"start":{"line":113,"column":0},"end":{"line":144,"column":3}},"65":{"start":{"line":115,"column":2},"end":{"line":118,"column":3}},"66":{"start":{"line":116,"column":4},"end":{"line":116,"column":59}},"67":{"start":{"line":117,"column":4},"end":{"line":117,"column":11}},"68":{"start":{"line":120,"column":2},"end":{"line":143,"column":3}},"69":{"start":{"line":121,"column":19},"end":{"line":121,"column":56}},"70":{"start":{"line":122,"column":17},"end":{"line":122,"column":28}},"71":{"start":{"line":124,"column":20},"end":{"line":124,"column":46}},"72":{"start":{"line":125,"column":20},"end":{"line":125,"column":41}},"73":{"start":{"line":127,"column":4},"end":{"line":136,"column":5}},"74":{"start":{"line":129,"column":6},"end":{"line":135,"column":9}},"75":{"start":{"line":139,"column":4},"end":{"line":139,"column":42}},"76":{"start":{"line":141,"column":4},"end":{"line":141,"column":70}},"77":{"start":{"line":142,"column":4},"end":{"line":142,"column":37}}},"fnMap":{"0":{"name":"(anonymous_0)","decl":{"start":{"line":33,"column":41},"end":{"line":33,"column":42}},"loc":{"start":{"line":33,"column":47},"end":{"line":38,"column":1}},"line":33},"1":{"name":"(anonymous_1)","decl":{"start":{"line":40,"column":33},"end":{"line":40,"column":34}},"loc":{"start":{"line":40,"column":54},"end":{"line":111,"column":1}},"line":40},"2":{"name":"(anonymous_2)","decl":{"start":{"line":82,"column":34},"end":{"line":82,"column":35}},"loc":{"start":{"line":82,"column":46},"end":{"line":93,"column":1}},"line":82},"3":{"name":"(anonymous_3)","decl":{"start":{"line":113,"column":39},"end":{"line":113,"column":40}},"loc":{"start":{"line":113,"column":56},"end":{"line":144,"column":1}},"line":113}},"branchMap":{"0":{"loc":{"start":{"line":35,"column":18},"end":{"line":35,"column":50}},"type":"cond-expr","locations":[{"start":{"line":35,"column":31},"end":{"line":35,"column":37}},{"start":{"line":35,"column":40},"end":{"line":35,"column":50}}],"line":35},"1":{"loc":{"start":{"line":48,"column":2},"end":{"line":55,"column":3}},"type":"if","locations":[{"start":{"line":48,"column":2},"end":{"line":55,"column":3}},{"start":{},"end":{}}],"line":48},"2":{"loc":{"start":{"line":48,"column":6},"end":{"line":48,"column":60}},"type":"binary-expr","locations":[{"start":{"line":48,"column":6},"end":{"line":48,"column":17}},{"start":{"line":48,"column":21},"end":{"line":48,"column":35}},{"start":{"line":48,"column":39},"end":{"line":48,"column":60}}],"line":48},"3":{"loc":{"start":{"line":50,"column":4},"end":{"line":50,"column":43}},"type":"if","locations":[{"start":{"line":50,"column":4},"end":{"line":50,"column":43}},{"start":{},"end":{}}],"line":50},"4":{"loc":{"start":{"line":51,"column":4},"end":{"line":51,"column":49}},"type":"if","locations":[{"start":{"line":51,"column":4},"end":{"line":51,"column":49}},{"start":{},"end":{}}],"line":51},"5":{"loc":{"start":{"line":52,"column":4},"end":{"line":52,"column":64}},"type":"if","locations":[{"start":{"line":52,"column":4},"end":{"line":52,"column":64}},{"start":{},"end":{}}],"line":52},"6":{"loc":{"start":{"line":58,"column":2},"end":{"line":61,"column":3}},"type":"if","locations":[{"start":{"line":58,"column":2},"end":{"line":61,"column":3}},{"start":{},"end":{}}],"line":58},"7":{"loc":{"start":{"line":63,"column":2},"end":{"line":66,"column":3}},"type":"if","locations":[{"start":{"line":63,"column":2},"end":{"line":66,"column":3}},{"start":{},"end":{}}],"line":63},"8":{"loc":{"start":{"line":68,"column":2},"end":{"line":71,"column":3}},"type":"if","locations":[{"start":{"line":68,"column":2},"end":{"line":71,"column":3}},{"start":{},"end":{}}],"line":68},"9":{"loc":{"start":{"line":87,"column":2},"end":{"line":92,"column":3}},"type":"if","locations":[{"start":{"line":87,"column":2},"end":{"line":92,"column":3}},{"start":{},"end":{}}],"line":87},"10":{"loc":{"start":{"line":102,"column":4},"end":{"line":105,"column":5}},"type":"if","locations":[{"start":{"line":102,"column":4},"end":{"line":105,"column":5}},{"start":{},"end":{}}],"line":102},"11":{"loc":{"start":{"line":102,"column":7},"end":{"line":102,"column":57}},"type":"binary-expr","locations":[{"start":{"line":102,"column":7},"end":{"line":102,"column":24}},{"start":{"line":102,"column":26},"end":{"line":102,"column":57}}],"line":102},"12":{"loc":{"start":{"line":115,"column":2},"end":{"line":118,"column":3}},"type":"if","locations":[{"start":{"line":115,"column":2},"end":{"line":118,"column":3}},{"start":{},"end":{}}],"line":115},"13":{"loc":{"start":{"line":127,"column":4},"end":{"line":136,"column":5}},"type":"if","locations":[{"start":{"line":127,"column":4},"end":{"line":136,"column":5}},{"start":{},"end":{}}],"line":127}},"s":{"0":0,"1":0,"2":0,"3":0,"4":0,"5":0,"6":0,"7":0,"8":0,"9":0,"10":0,"11":0,"12":0,"13":0,"14":0,"15":0,"16":0,"17":0,"18":0,"19":0,"20":0,"21":0,"22":0,"23":0,"24":0,"25":0,"26":0,"27":0,"28":0,"29":0,"30":0,"31":0,"32":0,"33":0,"34":0,"35":0,"36":0,"37":0,"38":0,"39":0,"40":0,"41":0,"42":0,"43":0,"44":0,"45":0,"46":0,"47":0,"48":0,"49":0,"50":0,"51":0,"52":0,"53":0,"54":0,"55":0,"56":0,"57":0,"58":0,"59":0,"60":0,"61":0,"62":0,"63":0,"64":0,"65":0,"66":0,"67":0,"68":0,"69":0,"70":0,"71":0,"72":0,"73":0,"74":0,"75":0,"76":0,"77":0},"f":{"0":0,"1":0,"2":0,"3":0},"b":{"0":[0,0],"1":[0,0],"2":[0,0,0],"3":[0,0],"4":[0,0],"5":[0,0],"6":[0,0],"7":[0,0],"8":[0,0],"9":[0,0],"10":[0,0],"11":[0,0],"12":[0,0],"13":[0,0]}}
}
