{"C:\\Users\\anna\\Downloads\\ArtAlley\\Admin Folder\\admin-dashboard.js": {"path":"C:\\Users\\anna\\Downloads\\ArtAlley\\Admin Folder\\admin-dashboard.js","statementMap":{"0":{"start":{"line":1,"column":0},"end":{"line":4,"column":3}},"1":{"start":{"line":2,"column":4},"end":{"line":2,"column":41}},"2":{"start":{"line":3,"column":4},"end":{"line":3,"column":29}},"3":{"start":{"line":6,"column":0},"end":{"line":9,"column":3}},"4":{"start":{"line":7,"column":4},"end":{"line":7,"column":42}},"5":{"start":{"line":8,"column":4},"end":{"line":8,"column":29}},"6":{"start":{"line":11,"column":0},"end":{"line":14,"column":3}},"7":{"start":{"line":12,"column":4},"end":{"line":12,"column":45}},"8":{"start":{"line":13,"column":4},"end":{"line":13,"column":29}},"9":{"start":{"line":16,"column":0},"end":{"line":19,"column":3}},"10":{"start":{"line":17,"column":4},"end":{"line":17,"column":53}},"11":{"start":{"line":18,"column":4},"end":{"line":18,"column":29}},"12":{"start":{"line":21,"column":0},"end":{"line":24,"column":3}},"13":{"start":{"line":22,"column":4},"end":{"line":22,"column":53}},"14":{"start":{"line":23,"column":4},"end":{"line":23,"column":29}},"15":{"start":{"line":26,"column":0},"end":{"line":28,"column":3}},"16":{"start":{"line":27,"column":4},"end":{"line":27,"column":47}},"17":{"start":{"line":30,"column":0},"end":{"line":35,"column":3}},"18":{"start":{"line":31,"column":4},"end":{"line":34,"column":5}},"19":{"start":{"line":32,"column":8},"end":{"line":32,"column":32}},"20":{"start":{"line":33,"column":8},"end":{"line":33,"column":51}}},"fnMap":{"0":{"name":"(anonymous_0)","decl":{"start":{"line":1,"column":64},"end":{"line":1,"column":65}},"loc":{"start":{"line":1,"column":76},"end":{"line":4,"column":1}},"line":1},"1":{"name":"(anonymous_1)","decl":{"start":{"line":6,"column":65},"end":{"line":6,"column":66}},"loc":{"start":{"line":6,"column":77},"end":{"line":9,"column":1}},"line":6},"2":{"name":"(anonymous_2)","decl":{"start":{"line":11,"column":63},"end":{"line":11,"column":64}},"loc":{"start":{"line":11,"column":75},"end":{"line":14,"column":1}},"line":11},"3":{"name":"(anonymous_3)","decl":{"start":{"line":16,"column":67},"end":{"line":16,"column":68}},"loc":{"start":{"line":16,"column":79},"end":{"line":19,"column":1}},"line":16},"4":{"name":"(anonymous_4)","decl":{"start":{"line":21,"column":73},"end":{"line":21,"column":74}},"loc":{"start":{"line":21,"column":85},"end":{"line":24,"column":1}},"line":21},"5":{"name":"(anonymous_5)","decl":{"start":{"line":26,"column":67},"end":{"line":26,"column":68}},"loc":{"start":{"line":26,"column":78},"end":{"line":28,"column":1}},"line":26},"6":{"name":"(anonymous_6)","decl":{"start":{"line":30,"column":66},"end":{"line":30,"column":67}},"loc":{"start":{"line":30,"column":77},"end":{"line":35,"column":1}},"line":30}},"branchMap":{"0":{"loc":{"start":{"line":31,"column":4},"end":{"line":34,"column":5}},"type":"if","locations":[{"start":{"line":31,"column":4},"end":{"line":34,"column":5}},{"start":{},"end":{}}],"line":31}},"s":{"0":0,"1":0,"2":0,"3":0,"4":0,"5":0,"6":0,"7":0,"8":0,"9":0,"10":0,"11":0,"12":0,"13":0,"14":0,"15":0,"16":0,"17":0,"18":0,"19":0,"20":0},"f":{"0":0,"1":0,"2":0,"3":0,"4":0,"5":0,"6":0},"b":{"0":[0,0]}}
,"C:\\Users\\anna\\Downloads\\ArtAlley\\Admin Folder\\admin-signin.js": {"path":"C:\\Users\\anna\\Downloads\\ArtAlley\\Admin Folder\\admin-signin.js","statementMap":{"0":{"start":{"line":5,"column":11},"end":{"line":5,"column":24}},"1":{"start":{"line":6,"column":13},"end":{"line":6,"column":28}},"2":{"start":{"line":8,"column":0},"end":{"line":88,"column":3}},"3":{"start":{"line":11,"column":2},"end":{"line":15,"column":5}},"4":{"start":{"line":13,"column":21},"end":{"line":13,"column":65}},"5":{"start":{"line":14,"column":4},"end":{"line":14,"column":53}},"6":{"start":{"line":17,"column":2},"end":{"line":24,"column":5}},"7":{"start":{"line":19,"column":4},"end":{"line":19,"column":42}},"8":{"start":{"line":22,"column":4},"end":{"line":22,"column":27}},"9":{"start":{"line":23,"column":4},"end":{"line":23,"column":35}},"10":{"start":{"line":26,"column":2},"end":{"line":29,"column":5}},"11":{"start":{"line":27,"column":4},"end":{"line":27,"column":75}},"12":{"start":{"line":28,"column":4},"end":{"line":28,"column":86}},"13":{"start":{"line":31,"column":2},"end":{"line":42,"column":5}},"14":{"start":{"line":32,"column":23},"end":{"line":32,"column":60}},"15":{"start":{"line":33,"column":26},"end":{"line":33,"column":66}},"16":{"start":{"line":35,"column":4},"end":{"line":35,"column":36}},"17":{"start":{"line":36,"column":4},"end":{"line":36,"column":58}},"18":{"start":{"line":37,"column":4},"end":{"line":37,"column":81}},"19":{"start":{"line":39,"column":4},"end":{"line":39,"column":39}},"20":{"start":{"line":40,"column":4},"end":{"line":40,"column":64}},"21":{"start":{"line":41,"column":4},"end":{"line":41,"column":73}},"22":{"start":{"line":44,"column":2},"end":{"line":48,"column":5}},"23":{"start":{"line":45,"column":21},"end":{"line":45,"column":63}},"24":{"start":{"line":46,"column":4},"end":{"line":46,"column":34}},"25":{"start":{"line":47,"column":4},"end":{"line":47,"column":52}},"26":{"start":{"line":50,"column":2},"end":{"line":54,"column":5}},"27":{"start":{"line":51,"column":23},"end":{"line":51,"column":62}},"28":{"start":{"line":52,"column":4},"end":{"line":52,"column":36}},"29":{"start":{"line":53,"column":4},"end":{"line":53,"column":72}},"30":{"start":{"line":56,"column":2},"end":{"line":65,"column":5}},"31":{"start":{"line":57,"column":22},"end":{"line":57,"column":59}},"32":{"start":{"line":58,"column":22},"end":{"line":58,"column":63}},"33":{"start":{"line":60,"column":4},"end":{"line":60,"column":35}},"34":{"start":{"line":61,"column":4},"end":{"line":61,"column":67}},"35":{"start":{"line":63,"column":4},"end":{"line":63,"column":35}},"36":{"start":{"line":64,"column":4},"end":{"line":64,"column":71}},"37":{"start":{"line":67,"column":2},"end":{"line":76,"column":5}},"38":{"start":{"line":68,"column":21},"end":{"line":68,"column":63}},"39":{"start":{"line":70,"column":4},"end":{"line":72,"column":7}},"40":{"start":{"line":71,"column":6},"end":{"line":71,"column":52}},"41":{"start":{"line":74,"column":4},"end":{"line":74,"column":21}},"42":{"start":{"line":75,"column":4},"end":{"line":75,"column":62}},"43":{"start":{"line":78,"column":2},"end":{"line":87,"column":5}},"44":{"start":{"line":79,"column":21},"end":{"line":79,"column":37}},"45":{"start":{"line":80,"column":25},"end":{"line":80,"column":32}},"46":{"start":{"line":82,"column":4},"end":{"line":84,"column":5}},"47":{"start":{"line":83,"column":6},"end":{"line":83,"column":50}},"48":{"start":{"line":86,"column":4},"end":{"line":86,"column":60}}},"fnMap":{"0":{"name":"(anonymous_0)","decl":{"start":{"line":8,"column":29},"end":{"line":8,"column":30}},"loc":{"start":{"line":8,"column":35},"end":{"line":88,"column":1}},"line":8},"1":{"name":"(anonymous_1)","decl":{"start":{"line":11,"column":12},"end":{"line":11,"column":13}},"loc":{"start":{"line":11,"column":18},"end":{"line":15,"column":3}},"line":11},"2":{"name":"(anonymous_2)","decl":{"start":{"line":17,"column":13},"end":{"line":17,"column":14}},"loc":{"start":{"line":17,"column":19},"end":{"line":24,"column":3}},"line":17},"3":{"name":"(anonymous_3)","decl":{"start":{"line":26,"column":41},"end":{"line":26,"column":42}},"loc":{"start":{"line":26,"column":47},"end":{"line":29,"column":3}},"line":26},"4":{"name":"(anonymous_4)","decl":{"start":{"line":31,"column":40},"end":{"line":31,"column":41}},"loc":{"start":{"line":31,"column":46},"end":{"line":42,"column":3}},"line":31},"5":{"name":"(anonymous_5)","decl":{"start":{"line":44,"column":49},"end":{"line":44,"column":50}},"loc":{"start":{"line":44,"column":55},"end":{"line":48,"column":3}},"line":44},"6":{"name":"(anonymous_6)","decl":{"start":{"line":50,"column":42},"end":{"line":50,"column":43}},"loc":{"start":{"line":50,"column":48},"end":{"line":54,"column":3}},"line":50},"7":{"name":"(anonymous_7)","decl":{"start":{"line":56,"column":44},"end":{"line":56,"column":45}},"loc":{"start":{"line":56,"column":50},"end":{"line":65,"column":3}},"line":56},"8":{"name":"(anonymous_8)","decl":{"start":{"line":67,"column":53},"end":{"line":67,"column":54}},"loc":{"start":{"line":67,"column":59},"end":{"line":76,"column":3}},"line":67},"9":{"name":"(anonymous_9)","decl":{"start":{"line":70,"column":39},"end":{"line":70,"column":40}},"loc":{"start":{"line":70,"column":45},"end":{"line":72,"column":5}},"line":70},"10":{"name":"(anonymous_10)","decl":{"start":{"line":78,"column":48},"end":{"line":78,"column":49}},"loc":{"start":{"line":78,"column":54},"end":{"line":87,"column":3}},"line":78}},"branchMap":{"0":{"loc":{"start":{"line":82,"column":4},"end":{"line":84,"column":5}},"type":"if","locations":[{"start":{"line":82,"column":4},"end":{"line":84,"column":5}},{"start":{},"end":{}}],"line":82}},"s":{"0":1,"1":1,"2":1,"3":1,"4":1,"5":1,"6":1,"7":7,"8":7,"9":7,"10":1,"11":1,"12":1,"13":1,"14":1,"15":1,"16":1,"17":1,"18":1,"19":1,"20":1,"21":1,"22":1,"23":1,"24":1,"25":1,"26":1,"27":1,"28":1,"29":1,"30":1,"31":1,"32":1,"33":1,"34":1,"35":1,"36":1,"37":1,"38":1,"39":1,"40":1,"41":1,"42":1,"43":1,"44":1,"45":1,"46":1,"47":1,"48":1},"f":{"0":1,"1":1,"2":7,"3":1,"4":1,"5":1,"6":1,"7":1,"8":1,"9":1,"10":1},"b":{"0":[1,0]},"_coverageSchema":"1a1c01bbd47fc00a2c39e90264f33305004495a9","hash":"9270b30460a55caabc5414d36827ab901bf3e027"}
,"C:\\Users\\anna\\Downloads\\ArtAlley\\Buyer Folder\\Carts.js": {"path":"C:\\Users\\anna\\Downloads\\ArtAlley\\Buyer Folder\\Carts.js","statementMap":{"0":{"start":{"line":18,"column":23},"end":{"line":25,"column":1}},"1":{"start":{"line":28,"column":12},"end":{"line":28,"column":41}},"2":{"start":{"line":29,"column":11},"end":{"line":29,"column":28}},"3":{"start":{"line":30,"column":13},"end":{"line":30,"column":22}},"4":{"start":{"line":32,"column":11},"end":{"line":32,"column":13}},"5":{"start":{"line":35,"column":15},"end":{"line":35,"column":31}},"6":{"start":{"line":36,"column":2},"end":{"line":36,"column":52}},"7":{"start":{"line":36,"column":13},"end":{"line":36,"column":52}},"8":{"start":{"line":38,"column":17},"end":{"line":38,"column":25}},"9":{"start":{"line":39,"column":18},"end":{"line":39,"column":60}},"10":{"start":{"line":40,"column":19},"end":{"line":40,"column":40}},"11":{"start":{"line":42,"column":2},"end":{"line":44,"column":3}},"12":{"start":{"line":43,"column":4},"end":{"line":43,"column":40}},"13":{"start":{"line":46,"column":19},"end":{"line":46,"column":47}},"14":{"start":{"line":47,"column":12},"end":{"line":47,"column":62}},"15":{"start":{"line":48,"column":19},"end":{"line":48,"column":35}},"16":{"start":{"line":50,"column":2},"end":{"line":72,"column":3}},"17":{"start":{"line":51,"column":19},"end":{"line":51,"column":39}},"18":{"start":{"line":52,"column":25},"end":{"line":52,"column":48}},"19":{"start":{"line":53,"column":4},"end":{"line":55,"column":5}},"20":{"start":{"line":54,"column":6},"end":{"line":54,"column":65}},"21":{"start":{"line":56,"column":4},"end":{"line":58,"column":7}},"22":{"start":{"line":60,"column":4},"end":{"line":62,"column":5}},"23":{"start":{"line":61,"column":6},"end":{"line":61,"column":52}},"24":{"start":{"line":64,"column":4},"end":{"line":71,"column":7}},"25":{"start":{"line":74,"column":2},"end":{"line":74,"column":32}},"26":{"start":{"line":75,"column":2},"end":{"line":75,"column":17}},"27":{"start":{"line":79,"column":15},"end":{"line":79,"column":31}},"28":{"start":{"line":80,"column":2},"end":{"line":80,"column":20}},"29":{"start":{"line":80,"column":13},"end":{"line":80,"column":20}},"30":{"start":{"line":82,"column":23},"end":{"line":82,"column":83}},"31":{"start":{"line":83,"column":19},"end":{"line":83,"column":46}},"32":{"start":{"line":85,"column":2},"end":{"line":85,"column":12}},"33":{"start":{"line":86,"column":2},"end":{"line":88,"column":5}},"34":{"start":{"line":87,"column":4},"end":{"line":87,"column":26}},"35":{"start":{"line":90,"column":2},"end":{"line":90,"column":17}},"36":{"start":{"line":94,"column":2},"end":{"line":94,"column":14}},"37":{"start":{"line":100,"column":2},"end":{"line":100,"column":37}},"38":{"start":{"line":104,"column":0},"end":{"line":111,"column":3}},"39":{"start":{"line":105,"column":2},"end":{"line":110,"column":3}},"40":{"start":{"line":106,"column":4},"end":{"line":106,"column":34}},"41":{"start":{"line":108,"column":4},"end":{"line":108,"column":14}},"42":{"start":{"line":109,"column":4},"end":{"line":109,"column":19}}},"fnMap":{"0":{"name":"addToCart","decl":{"start":{"line":34,"column":22},"end":{"line":34,"column":31}},"loc":{"start":{"line":34,"column":41},"end":{"line":76,"column":1}},"line":34},"1":{"name":"loadCartFromFirestore","decl":{"start":{"line":78,"column":22},"end":{"line":78,"column":43}},"loc":{"start":{"line":78,"column":46},"end":{"line":91,"column":1}},"line":78},"2":{"name":"(anonymous_2)","decl":{"start":{"line":86,"column":19},"end":{"line":86,"column":20}},"loc":{"start":{"line":86,"column":28},"end":{"line":88,"column":3}},"line":86},"3":{"name":"getCart","decl":{"start":{"line":93,"column":16},"end":{"line":93,"column":23}},"loc":{"start":{"line":93,"column":26},"end":{"line":95,"column":1}},"line":93},"4":{"name":"updateCartUI","decl":{"start":{"line":97,"column":16},"end":{"line":97,"column":28}},"loc":{"start":{"line":97,"column":31},"end":{"line":101,"column":1}},"line":97},"5":{"name":"(anonymous_5)","decl":{"start":{"line":104,"column":25},"end":{"line":104,"column":26}},"loc":{"start":{"line":104,"column":41},"end":{"line":111,"column":1}},"line":104}},"branchMap":{"0":{"loc":{"start":{"line":36,"column":2},"end":{"line":36,"column":52}},"type":"if","locations":[{"start":{"line":36,"column":2},"end":{"line":36,"column":52}},{"start":{},"end":{}}],"line":36},"1":{"loc":{"start":{"line":42,"column":2},"end":{"line":44,"column":3}},"type":"if","locations":[{"start":{"line":42,"column":2},"end":{"line":44,"column":3}},{"start":{},"end":{}}],"line":42},"2":{"loc":{"start":{"line":50,"column":2},"end":{"line":72,"column":3}},"type":"if","locations":[{"start":{"line":50,"column":2},"end":{"line":72,"column":3}},{"start":{"line":59,"column":9},"end":{"line":72,"column":3}}],"line":50},"3":{"loc":{"start":{"line":53,"column":4},"end":{"line":55,"column":5}},"type":"if","locations":[{"start":{"line":53,"column":4},"end":{"line":55,"column":5}},{"start":{},"end":{}}],"line":53},"4":{"loc":{"start":{"line":60,"column":4},"end":{"line":62,"column":5}},"type":"if","locations":[{"start":{"line":60,"column":4},"end":{"line":62,"column":5}},{"start":{},"end":{}}],"line":60},"5":{"loc":{"start":{"line":69,"column":16},"end":{"line":69,"column":44}},"type":"binary-expr","locations":[{"start":{"line":69,"column":16},"end":{"line":69,"column":38}},{"start":{"line":69,"column":42},"end":{"line":69,"column":44}}],"line":69},"6":{"loc":{"start":{"line":80,"column":2},"end":{"line":80,"column":20}},"type":"if","locations":[{"start":{"line":80,"column":2},"end":{"line":80,"column":20}},{"start":{},"end":{}}],"line":80},"7":{"loc":{"start":{"line":105,"column":2},"end":{"line":110,"column":3}},"type":"if","locations":[{"start":{"line":105,"column":2},"end":{"line":110,"column":3}},{"start":{"line":107,"column":9},"end":{"line":110,"column":3}}],"line":105}},"s":{"0":0,"1":0,"2":0,"3":0,"4":0,"5":0,"6":0,"7":0,"8":0,"9":0,"10":0,"11":0,"12":0,"13":0,"14":0,"15":0,"16":0,"17":0,"18":0,"19":0,"20":0,"21":0,"22":0,"23":0,"24":0,"25":0,"26":0,"27":0,"28":0,"29":0,"30":0,"31":0,"32":0,"33":0,"34":0,"35":0,"36":0,"37":0,"38":0,"39":0,"40":0,"41":0,"42":0},"f":{"0":0,"1":0,"2":0,"3":0,"4":0,"5":0},"b":{"0":[0,0],"1":[0,0],"2":[0,0],"3":[0,0],"4":[0,0],"5":[0,0],"6":[0,0],"7":[0,0]}}
,"C:\\Users\\anna\\Downloads\\ArtAlley\\Buyer Folder\\checkout.js": {"path":"C:\\Users\\anna\\Downloads\\ArtAlley\\Buyer Folder\\checkout.js","statementMap":{"0":{"start":{"line":2,"column":34},"end":{"line":21,"column":1}},"1":{"start":{"line":3,"column":15},"end":{"line":3,"column":47}},"2":{"start":{"line":5,"column":2},"end":{"line":20,"column":5}},"3":{"start":{"line":6,"column":4},"end":{"line":10,"column":5}},"4":{"start":{"line":7,"column":6},"end":{"line":7,"column":36}},"5":{"start":{"line":8,"column":6},"end":{"line":8,"column":65}},"6":{"start":{"line":9,"column":6},"end":{"line":9,"column":13}},"7":{"start":{"line":12,"column":16},"end":{"line":12,"column":17}},"8":{"start":{"line":14,"column":4},"end":{"line":17,"column":7}},"9":{"start":{"line":15,"column":6},"end":{"line":15,"column":25}},"10":{"start":{"line":16,"column":6},"end":{"line":16,"column":46}},"11":{"start":{"line":19,"column":4},"end":{"line":19,"column":30}},"12":{"start":{"line":23,"column":36},"end":{"line":54,"column":1}},"13":{"start":{"line":24,"column":20},"end":{"line":24,"column":62}},"14":{"start":{"line":25,"column":19},"end":{"line":25,"column":60}},"15":{"start":{"line":26,"column":18},"end":{"line":26,"column":58}},"16":{"start":{"line":27,"column":15},"end":{"line":27,"column":52}},"17":{"start":{"line":28,"column":18},"end":{"line":28,"column":58}},"18":{"start":{"line":29,"column":16},"end":{"line":29,"column":54}},"19":{"start":{"line":30,"column":18},"end":{"line":30,"column":68}},"20":{"start":{"line":31,"column":15},"end":{"line":31,"column":52}},"21":{"start":{"line":33,"column":2},"end":{"line":53,"column":3}},"22":{"start":{"line":34,"column":4},"end":{"line":45,"column":7}},"23":{"start":{"line":47,"column":4},"end":{"line":47,"column":61}},"24":{"start":{"line":48,"column":4},"end":{"line":48,"column":49}},"25":{"start":{"line":49,"column":4},"end":{"line":49,"column":43}},"26":{"start":{"line":51,"column":4},"end":{"line":51,"column":53}},"27":{"start":{"line":52,"column":4},"end":{"line":52,"column":36}},"28":{"start":{"line":56,"column":29},"end":{"line":99,"column":1}},"29":{"start":{"line":57,"column":23},"end":{"line":57,"column":83}},"30":{"start":{"line":58,"column":19},"end":{"line":58,"column":46}},"31":{"start":{"line":59,"column":27},"end":{"line":59,"column":64}},"32":{"start":{"line":60,"column":14},"end":{"line":60,"column":15}},"33":{"start":{"line":62,"column":2},"end":{"line":65,"column":3}},"34":{"start":{"line":63,"column":4},"end":{"line":63,"column":62}},"35":{"start":{"line":64,"column":4},"end":{"line":64,"column":17}},"36":{"start":{"line":67,"column":2},"end":{"line":67,"column":34}},"37":{"start":{"line":69,"column":2},"end":{"line":81,"column":5}},"38":{"start":{"line":70,"column":17},"end":{"line":70,"column":27}},"39":{"start":{"line":71,"column":21},"end":{"line":71,"column":47}},"40":{"start":{"line":72,"column":4},"end":{"line":72,"column":22}},"41":{"start":{"line":74,"column":24},"end":{"line":74,"column":57}},"42":{"start":{"line":75,"column":4},"end":{"line":75,"column":46}},"43":{"start":{"line":76,"column":4},"end":{"line":79,"column":6}},"44":{"start":{"line":80,"column":4},"end":{"line":80,"column":46}},"45":{"start":{"line":83,"column":23},"end":{"line":83,"column":56}},"46":{"start":{"line":84,"column":2},"end":{"line":91,"column":4}},"47":{"start":{"line":92,"column":2},"end":{"line":95,"column":4}},"48":{"start":{"line":96,"column":2},"end":{"line":96,"column":45}},"49":{"start":{"line":98,"column":2},"end":{"line":98,"column":15}},"50":{"start":{"line":101,"column":38},"end":{"line":153,"column":1}},"51":{"start":{"line":102,"column":24},"end":{"line":102,"column":58}},"52":{"start":{"line":103,"column":21},"end":{"line":103,"column":52}},"53":{"start":{"line":105,"column":2},"end":{"line":121,"column":3}},"54":{"start":{"line":106,"column":22},"end":{"line":106,"column":37}},"55":{"start":{"line":108,"column":24},"end":{"line":108,"column":57}},"56":{"start":{"line":108,"column":43},"end":{"line":108,"column":49}},"57":{"start":{"line":109,"column":6},"end":{"line":109,"column":80}},"58":{"start":{"line":110,"column":6},"end":{"line":115,"column":9}},"59":{"start":{"line":111,"column":23},"end":{"line":111,"column":55}},"60":{"start":{"line":112,"column":8},"end":{"line":112,"column":31}},"61":{"start":{"line":113,"column":8},"end":{"line":113,"column":37}},"62":{"start":{"line":114,"column":8},"end":{"line":114,"column":42}},"63":{"start":{"line":119,"column":2},"end":{"line":119,"column":52}},"64":{"start":{"line":120,"column":2},"end":{"line":120,"column":80}},"65":{"start":{"line":124,"column":2},"end":{"line":152,"column":5}},"66":{"start":{"line":125,"column":28},"end":{"line":125,"column":47}},"67":{"start":{"line":126,"column":4},"end":{"line":126,"column":31}},"68":{"start":{"line":127,"column":4},"end":{"line":127,"column":64}},"69":{"start":{"line":129,"column":4},"end":{"line":151,"column":7}},"70":{"start":{"line":136,"column":22},"end":{"line":136,"column":37}},"71":{"start":{"line":138,"column":21},"end":{"line":138,"column":30}},"72":{"start":{"line":139,"column":6},"end":{"line":139,"column":74}},"73":{"start":{"line":140,"column":6},"end":{"line":145,"column":9}},"74":{"start":{"line":141,"column":23},"end":{"line":141,"column":55}},"75":{"start":{"line":142,"column":8},"end":{"line":142,"column":28}},"76":{"start":{"line":143,"column":8},"end":{"line":143,"column":34}},"77":{"start":{"line":144,"column":8},"end":{"line":144,"column":39}},"78":{"start":{"line":146,"column":6},"end":{"line":146,"column":34}},"79":{"start":{"line":149,"column":6},"end":{"line":149,"column":79}},"80":{"start":{"line":150,"column":6},"end":{"line":150,"column":33}},"81":{"start":{"line":156,"column":0},"end":{"line":159,"column":3}},"82":{"start":{"line":157,"column":2},"end":{"line":157,"column":23}},"83":{"start":{"line":158,"column":2},"end":{"line":158,"column":27}}},"fnMap":{"0":{"name":"(anonymous_0)","decl":{"start":{"line":2,"column":34},"end":{"line":2,"column":35}},"loc":{"start":{"line":2,"column":40},"end":{"line":21,"column":1}},"line":2},"1":{"name":"(anonymous_1)","decl":{"start":{"line":5,"column":27},"end":{"line":5,"column":28}},"loc":{"start":{"line":5,"column":42},"end":{"line":20,"column":3}},"line":5},"2":{"name":"(anonymous_2)","decl":{"start":{"line":14,"column":36},"end":{"line":14,"column":37}},"loc":{"start":{"line":14,"column":49},"end":{"line":17,"column":5}},"line":14},"3":{"name":"(anonymous_3)","decl":{"start":{"line":23,"column":36},"end":{"line":23,"column":37}},"loc":{"start":{"line":23,"column":59},"end":{"line":54,"column":1}},"line":23},"4":{"name":"(anonymous_4)","decl":{"start":{"line":56,"column":29},"end":{"line":56,"column":30}},"loc":{"start":{"line":56,"column":45},"end":{"line":99,"column":1}},"line":56},"5":{"name":"(anonymous_5)","decl":{"start":{"line":69,"column":19},"end":{"line":69,"column":20}},"loc":{"start":{"line":69,"column":26},"end":{"line":81,"column":3}},"line":69},"6":{"name":"(anonymous_6)","decl":{"start":{"line":101,"column":38},"end":{"line":101,"column":39}},"loc":{"start":{"line":101,"column":44},"end":{"line":153,"column":1}},"line":101},"7":{"name":"(anonymous_7)","decl":{"start":{"line":106,"column":10},"end":{"line":106,"column":11}},"loc":{"start":{"line":106,"column":22},"end":{"line":106,"column":37}},"line":106},"8":{"name":"(anonymous_8)","decl":{"start":{"line":107,"column":10},"end":{"line":107,"column":11}},"loc":{"start":{"line":107,"column":18},"end":{"line":116,"column":5}},"line":107},"9":{"name":"(anonymous_9)","decl":{"start":{"line":108,"column":38},"end":{"line":108,"column":39}},"loc":{"start":{"line":108,"column":43},"end":{"line":108,"column":49}},"line":108},"10":{"name":"(anonymous_10)","decl":{"start":{"line":110,"column":24},"end":{"line":110,"column":25}},"loc":{"start":{"line":110,"column":35},"end":{"line":115,"column":7}},"line":110},"11":{"name":"(anonymous_11)","decl":{"start":{"line":118,"column":7},"end":{"line":118,"column":8}},"loc":{"start":{"line":118,"column":18},"end":{"line":121,"column":1}},"line":118},"12":{"name":"(anonymous_12)","decl":{"start":{"line":124,"column":43},"end":{"line":124,"column":44}},"loc":{"start":{"line":124,"column":49},"end":{"line":152,"column":3}},"line":124},"13":{"name":"(anonymous_13)","decl":{"start":{"line":136,"column":10},"end":{"line":136,"column":11}},"loc":{"start":{"line":136,"column":22},"end":{"line":136,"column":37}},"line":136},"14":{"name":"(anonymous_14)","decl":{"start":{"line":137,"column":10},"end":{"line":137,"column":11}},"loc":{"start":{"line":137,"column":18},"end":{"line":147,"column":5}},"line":137},"15":{"name":"(anonymous_15)","decl":{"start":{"line":140,"column":21},"end":{"line":140,"column":22}},"loc":{"start":{"line":140,"column":29},"end":{"line":145,"column":7}},"line":140},"16":{"name":"(anonymous_16)","decl":{"start":{"line":148,"column":11},"end":{"line":148,"column":12}},"loc":{"start":{"line":148,"column":17},"end":{"line":151,"column":5}},"line":148},"17":{"name":"(anonymous_17)","decl":{"start":{"line":156,"column":46},"end":{"line":156,"column":47}},"loc":{"start":{"line":156,"column":52},"end":{"line":159,"column":1}},"line":156}},"branchMap":{"0":{"loc":{"start":{"line":6,"column":4},"end":{"line":10,"column":5}},"type":"if","locations":[{"start":{"line":6,"column":4},"end":{"line":10,"column":5}},{"start":{},"end":{}}],"line":6},"1":{"loc":{"start":{"line":62,"column":2},"end":{"line":65,"column":3}},"type":"if","locations":[{"start":{"line":62,"column":2},"end":{"line":65,"column":3}},{"start":{},"end":{}}],"line":62}},"s":{"0":0,"1":0,"2":0,"3":0,"4":0,"5":0,"6":0,"7":0,"8":0,"9":0,"10":0,"11":0,"12":0,"13":0,"14":0,"15":0,"16":0,"17":0,"18":0,"19":0,"20":0,"21":0,"22":0,"23":0,"24":0,"25":0,"26":0,"27":0,"28":0,"29":0,"30":0,"31":0,"32":0,"33":0,"34":0,"35":0,"36":0,"37":0,"38":0,"39":0,"40":0,"41":0,"42":0,"43":0,"44":0,"45":0,"46":0,"47":0,"48":0,"49":0,"50":0,"51":0,"52":0,"53":0,"54":0,"55":0,"56":0,"57":0,"58":0,"59":0,"60":0,"61":0,"62":0,"63":0,"64":0,"65":0,"66":0,"67":0,"68":0,"69":0,"70":0,"71":0,"72":0,"73":0,"74":0,"75":0,"76":0,"77":0,"78":0,"79":0,"80":0,"81":0,"82":0,"83":0},"f":{"0":0,"1":0,"2":0,"3":0,"4":0,"5":0,"6":0,"7":0,"8":0,"9":0,"10":0,"11":0,"12":0,"13":0,"14":0,"15":0,"16":0,"17":0},"b":{"0":[0,0],"1":[0,0]}}
,"C:\\Users\\anna\\Downloads\\ArtAlley\\Buyer Folder\\paystack.js": {"path":"C:\\Users\\anna\\Downloads\\ArtAlley\\Buyer Folder\\paystack.js","statementMap":{"0":{"start":{"line":6,"column":23},"end":{"line":13,"column":1}},"1":{"start":{"line":16,"column":12},"end":{"line":16,"column":41}},"2":{"start":{"line":17,"column":13},"end":{"line":17,"column":22}},"3":{"start":{"line":18,"column":11},"end":{"line":18,"column":28}},"4":{"start":{"line":21,"column":0},"end":{"line":30,"column":3}},"5":{"start":{"line":22,"column":21},"end":{"line":22,"column":61}},"6":{"start":{"line":23,"column":22},"end":{"line":23,"column":55}},"7":{"start":{"line":25,"column":21},"end":{"line":25,"column":58}},"8":{"start":{"line":26,"column":22},"end":{"line":26,"column":60}},"9":{"start":{"line":28,"column":2},"end":{"line":28,"column":48}},"10":{"start":{"line":28,"column":18},"end":{"line":28,"column":48}},"11":{"start":{"line":29,"column":2},"end":{"line":29,"column":51}},"12":{"start":{"line":29,"column":19},"end":{"line":29,"column":51}},"13":{"start":{"line":33,"column":0},"end":{"line":35,"column":3}},"14":{"start":{"line":34,"column":2},"end":{"line":34,"column":62}},"15":{"start":{"line":37,"column":20},"end":{"line":37,"column":58}},"16":{"start":{"line":38,"column":0},"end":{"line":38,"column":63}},"17":{"start":{"line":41,"column":2},"end":{"line":41,"column":21}},"18":{"start":{"line":43,"column":16},"end":{"line":101,"column":4}},"19":{"start":{"line":51,"column":6},"end":{"line":51,"column":71}},"20":{"start":{"line":53,"column":6},"end":{"line":95,"column":9}},"21":{"start":{"line":54,"column":8},"end":{"line":57,"column":9}},"22":{"start":{"line":55,"column":10},"end":{"line":55,"column":46}},"23":{"start":{"line":56,"column":10},"end":{"line":56,"column":17}},"24":{"start":{"line":59,"column":8},"end":{"line":94,"column":9}},"25":{"start":{"line":61,"column":26},"end":{"line":61,"column":70}},"26":{"start":{"line":62,"column":27},"end":{"line":62,"column":55}},"27":{"start":{"line":63,"column":31},"end":{"line":63,"column":54}},"28":{"start":{"line":65,"column":24},"end":{"line":65,"column":26}},"29":{"start":{"line":66,"column":10},"end":{"line":74,"column":13}},"30":{"start":{"line":67,"column":25},"end":{"line":67,"column":35}},"31":{"start":{"line":68,"column":12},"end":{"line":73,"column":15}},"32":{"start":{"line":77,"column":10},"end":{"line":81,"column":13}},"33":{"start":{"line":83,"column":10},"end":{"line":83,"column":52}},"34":{"start":{"line":86,"column":10},"end":{"line":86,"column":42}},"35":{"start":{"line":89,"column":10},"end":{"line":89,"column":56}},"36":{"start":{"line":92,"column":10},"end":{"line":92,"column":56}},"37":{"start":{"line":93,"column":10},"end":{"line":93,"column":82}},"38":{"start":{"line":99,"column":6},"end":{"line":99,"column":40}},"39":{"start":{"line":103,"column":2},"end":{"line":103,"column":23}},"40":{"start":{"line":108,"column":18},"end":{"line":108,"column":62}},"41":{"start":{"line":109,"column":19},"end":{"line":109,"column":47}},"42":{"start":{"line":111,"column":23},"end":{"line":111,"column":46}},"43":{"start":{"line":113,"column":2},"end":{"line":116,"column":3}},"44":{"start":{"line":114,"column":4},"end":{"line":114,"column":54}},"45":{"start":{"line":115,"column":4},"end":{"line":115,"column":11}},"46":{"start":{"line":118,"column":16},"end":{"line":118,"column":30}},"47":{"start":{"line":119,"column":2},"end":{"line":121,"column":5}},"48":{"start":{"line":120,"column":4},"end":{"line":120,"column":26}},"49":{"start":{"line":123,"column":2},"end":{"line":123,"column":23}},"50":{"start":{"line":124,"column":2},"end":{"line":124,"column":34}}},"fnMap":{"0":{"name":"(anonymous_0)","decl":{"start":{"line":21,"column":46},"end":{"line":21,"column":47}},"loc":{"start":{"line":21,"column":52},"end":{"line":30,"column":1}},"line":21},"1":{"name":"(anonymous_1)","decl":{"start":{"line":33,"column":64},"end":{"line":33,"column":65}},"loc":{"start":{"line":33,"column":69},"end":{"line":35,"column":1}},"line":33},"2":{"name":"payWithPaystack","decl":{"start":{"line":40,"column":9},"end":{"line":40,"column":24}},"loc":{"start":{"line":40,"column":28},"end":{"line":104,"column":1}},"line":40},"3":{"name":"(anonymous_3)","decl":{"start":{"line":50,"column":14},"end":{"line":50,"column":15}},"loc":{"start":{"line":50,"column":40},"end":{"line":96,"column":5}},"line":50},"4":{"name":"(anonymous_4)","decl":{"start":{"line":53,"column":31},"end":{"line":53,"column":32}},"loc":{"start":{"line":53,"column":47},"end":{"line":95,"column":7}},"line":53},"5":{"name":"(anonymous_5)","decl":{"start":{"line":66,"column":31},"end":{"line":66,"column":32}},"loc":{"start":{"line":66,"column":38},"end":{"line":74,"column":11}},"line":66},"6":{"name":"(anonymous_6)","decl":{"start":{"line":98,"column":13},"end":{"line":98,"column":14}},"loc":{"start":{"line":98,"column":25},"end":{"line":100,"column":5}},"line":98},"7":{"name":"removeItemsFromCart","decl":{"start":{"line":107,"column":15},"end":{"line":107,"column":34}},"loc":{"start":{"line":107,"column":41},"end":{"line":125,"column":1}},"line":107},"8":{"name":"(anonymous_8)","decl":{"start":{"line":119,"column":23},"end":{"line":119,"column":24}},"loc":{"start":{"line":119,"column":30},"end":{"line":121,"column":3}},"line":119}},"branchMap":{"0":{"loc":{"start":{"line":28,"column":2},"end":{"line":28,"column":48}},"type":"if","locations":[{"start":{"line":28,"column":2},"end":{"line":28,"column":48}},{"start":{},"end":{}}],"line":28},"1":{"loc":{"start":{"line":29,"column":2},"end":{"line":29,"column":51}},"type":"if","locations":[{"start":{"line":29,"column":2},"end":{"line":29,"column":51}},{"start":{},"end":{}}],"line":29},"2":{"loc":{"start":{"line":54,"column":8},"end":{"line":57,"column":9}},"type":"if","locations":[{"start":{"line":54,"column":8},"end":{"line":57,"column":9}},{"start":{},"end":{}}],"line":54},"3":{"loc":{"start":{"line":70,"column":24},"end":{"line":70,"column":43}},"type":"binary-expr","locations":[{"start":{"line":70,"column":24},"end":{"line":70,"column":37}},{"start":{"line":70,"column":41},"end":{"line":70,"column":43}}],"line":70},"4":{"loc":{"start":{"line":113,"column":2},"end":{"line":116,"column":3}},"type":"if","locations":[{"start":{"line":113,"column":2},"end":{"line":116,"column":3}},{"start":{},"end":{}}],"line":113}},"s":{"0":0,"1":0,"2":0,"3":0,"4":0,"5":0,"6":0,"7":0,"8":0,"9":0,"10":0,"11":0,"12":0,"13":0,"14":0,"15":0,"16":0,"17":0,"18":0,"19":0,"20":0,"21":0,"22":0,"23":0,"24":0,"25":0,"26":0,"27":0,"28":0,"29":0,"30":0,"31":0,"32":0,"33":0,"34":0,"35":0,"36":0,"37":0,"38":0,"39":0,"40":0,"41":0,"42":0,"43":0,"44":0,"45":0,"46":0,"47":0,"48":0,"49":0,"50":0},"f":{"0":0,"1":0,"2":0,"3":0,"4":0,"5":0,"6":0,"7":0,"8":0},"b":{"0":[0,0],"1":[0,0],"2":[0,0],"3":[0,0],"4":[0,0]}}
,"C:\\Users\\anna\\Downloads\\ArtAlley\\Buyer Folder\\product-listing.js": {"path":"C:\\Users\\anna\\Downloads\\ArtAlley\\Buyer Folder\\product-listing.js","statementMap":{"0":{"start":{"line":6,"column":23},"end":{"line":13,"column":1}},"1":{"start":{"line":15,"column":12},"end":{"line":15,"column":41}},"2":{"start":{"line":16,"column":13},"end":{"line":16,"column":25}},"3":{"start":{"line":17,"column":11},"end":{"line":17,"column":28}},"4":{"start":{"line":21,"column":18},"end":{"line":21,"column":19}},"5":{"start":{"line":22,"column":21},"end":{"line":22,"column":23}},"6":{"start":{"line":25,"column":15},"end":{"line":25,"column":17}},"7":{"start":{"line":26,"column":23},"end":{"line":26,"column":25}},"8":{"start":{"line":30,"column":27},"end":{"line":30,"column":70}},"9":{"start":{"line":31,"column":2},"end":{"line":31,"column":34}},"10":{"start":{"line":33,"column":21},"end":{"line":33,"column":53}},"11":{"start":{"line":34,"column":19},"end":{"line":34,"column":45}},"12":{"start":{"line":35,"column":28},"end":{"line":35,"column":67}},"13":{"start":{"line":37,"column":2},"end":{"line":59,"column":5}},"14":{"start":{"line":38,"column":21},"end":{"line":38,"column":66}},"15":{"start":{"line":40,"column":24},"end":{"line":40,"column":53}},"16":{"start":{"line":41,"column":4},"end":{"line":41,"column":46}},"17":{"start":{"line":43,"column":4},"end":{"line":50,"column":6}},"18":{"start":{"line":52,"column":4},"end":{"line":52,"column":46}},"19":{"start":{"line":53,"column":19},"end":{"line":53,"column":64}},"20":{"start":{"line":54,"column":4},"end":{"line":58,"column":7}},"21":{"start":{"line":55,"column":6},"end":{"line":55,"column":26}},"22":{"start":{"line":56,"column":6},"end":{"line":56,"column":25}},"23":{"start":{"line":57,"column":6},"end":{"line":57,"column":45}},"24":{"start":{"line":62,"column":2},"end":{"line":62,"column":77}},"25":{"start":{"line":63,"column":2},"end":{"line":63,"column":67}},"26":{"start":{"line":64,"column":2},"end":{"line":64,"column":80}},"27":{"start":{"line":69,"column":2},"end":{"line":85,"column":3}},"28":{"start":{"line":70,"column":26},"end":{"line":70,"column":67}},"29":{"start":{"line":71,"column":4},"end":{"line":71,"column":59}},"30":{"start":{"line":71,"column":47},"end":{"line":71,"column":57}},"31":{"start":{"line":72,"column":4},"end":{"line":72,"column":32}},"32":{"start":{"line":75,"column":25},"end":{"line":75,"column":60}},"33":{"start":{"line":76,"column":4},"end":{"line":79,"column":5}},"34":{"start":{"line":77,"column":6},"end":{"line":77,"column":54}},"35":{"start":{"line":78,"column":6},"end":{"line":78,"column":45}},"36":{"start":{"line":81,"column":4},"end":{"line":81,"column":37}},"37":{"start":{"line":83,"column":4},"end":{"line":83,"column":53}},"38":{"start":{"line":84,"column":4},"end":{"line":84,"column":38}},"39":{"start":{"line":89,"column":0},"end":{"line":102,"column":3}},"40":{"start":{"line":90,"column":17},"end":{"line":90,"column":35}},"41":{"start":{"line":92,"column":2},"end":{"line":100,"column":3}},"42":{"start":{"line":93,"column":4},"end":{"line":93,"column":55}},"43":{"start":{"line":93,"column":36},"end":{"line":93,"column":53}},"44":{"start":{"line":94,"column":9},"end":{"line":100,"column":3}},"45":{"start":{"line":95,"column":4},"end":{"line":95,"column":55}},"46":{"start":{"line":95,"column":36},"end":{"line":95,"column":53}},"47":{"start":{"line":96,"column":9},"end":{"line":100,"column":3}},"48":{"start":{"line":97,"column":4},"end":{"line":97,"column":66}},"49":{"start":{"line":97,"column":36},"end":{"line":97,"column":64}},"50":{"start":{"line":98,"column":9},"end":{"line":100,"column":3}},"51":{"start":{"line":99,"column":4},"end":{"line":99,"column":66}},"52":{"start":{"line":99,"column":36},"end":{"line":99,"column":64}},"53":{"start":{"line":101,"column":2},"end":{"line":101,"column":35}},"54":{"start":{"line":106,"column":0},"end":{"line":113,"column":3}},"55":{"start":{"line":107,"column":19},"end":{"line":107,"column":77}},"56":{"start":{"line":108,"column":19},"end":{"line":108,"column":84}},"57":{"start":{"line":110,"column":2},"end":{"line":110,"column":106}},"58":{"start":{"line":110,"column":50},"end":{"line":110,"column":104}},"59":{"start":{"line":111,"column":2},"end":{"line":111,"column":18}},"60":{"start":{"line":112,"column":2},"end":{"line":112,"column":35}},"61":{"start":{"line":116,"column":2},"end":{"line":118,"column":3}},"62":{"start":{"line":117,"column":4},"end":{"line":117,"column":28}},"63":{"start":{"line":119,"column":21},"end":{"line":119,"column":40}},"64":{"start":{"line":120,"column":2},"end":{"line":122,"column":4}},"65":{"start":{"line":121,"column":4},"end":{"line":121,"column":51}},"66":{"start":{"line":126,"column":0},"end":{"line":131,"column":3}},"67":{"start":{"line":127,"column":2},"end":{"line":130,"column":3}},"68":{"start":{"line":128,"column":4},"end":{"line":128,"column":18}},"69":{"start":{"line":129,"column":4},"end":{"line":129,"column":37}},"70":{"start":{"line":133,"column":0},"end":{"line":138,"column":3}},"71":{"start":{"line":134,"column":2},"end":{"line":137,"column":3}},"72":{"start":{"line":135,"column":4},"end":{"line":135,"column":18}},"73":{"start":{"line":136,"column":4},"end":{"line":136,"column":37}},"74":{"start":{"line":141,"column":0},"end":{"line":150,"column":3}},"75":{"start":{"line":142,"column":2},"end":{"line":149,"column":5}},"76":{"start":{"line":143,"column":4},"end":{"line":148,"column":5}},"77":{"start":{"line":144,"column":6},"end":{"line":144,"column":21}},"78":{"start":{"line":146,"column":6},"end":{"line":146,"column":56}},"79":{"start":{"line":147,"column":6},"end":{"line":147,"column":42}},"80":{"start":{"line":153,"column":0},"end":{"line":163,"column":3}},"81":{"start":{"line":154,"column":22},"end":{"line":154,"column":72}},"82":{"start":{"line":155,"column":2},"end":{"line":162,"column":3}},"83":{"start":{"line":156,"column":29},"end":{"line":156,"column":56}},"84":{"start":{"line":157,"column":4},"end":{"line":157,"column":20}},"85":{"start":{"line":158,"column":4},"end":{"line":158,"column":37}},"86":{"start":{"line":160,"column":4},"end":{"line":160,"column":20}},"87":{"start":{"line":161,"column":4},"end":{"line":161,"column":37}},"88":{"start":{"line":165,"column":0},"end":{"line":177,"column":3}},"89":{"start":{"line":166,"column":2},"end":{"line":176,"column":3}},"90":{"start":{"line":167,"column":24},"end":{"line":167,"column":74}},"91":{"start":{"line":168,"column":4},"end":{"line":175,"column":5}},"92":{"start":{"line":169,"column":31},"end":{"line":169,"column":58}},"93":{"start":{"line":170,"column":6},"end":{"line":170,"column":22}},"94":{"start":{"line":171,"column":6},"end":{"line":171,"column":39}},"95":{"start":{"line":173,"column":6},"end":{"line":173,"column":22}},"96":{"start":{"line":174,"column":6},"end":{"line":174,"column":39}},"97":{"start":{"line":179,"column":0},"end":{"line":181,"column":3}},"98":{"start":{"line":180,"column":2},"end":{"line":180,"column":37}},"99":{"start":{"line":183,"column":0},"end":{"line":218,"column":3}},"100":{"start":{"line":184,"column":15},"end":{"line":184,"column":31}},"101":{"start":{"line":185,"column":2},"end":{"line":217,"column":3}},"102":{"start":{"line":186,"column":4},"end":{"line":214,"column":5}},"103":{"start":{"line":187,"column":25},"end":{"line":187,"column":51}},"104":{"start":{"line":188,"column":28},"end":{"line":188,"column":52}},"105":{"start":{"line":191,"column":6},"end":{"line":195,"column":7}},"106":{"start":{"line":193,"column":8},"end":{"line":193,"column":69}},"107":{"start":{"line":194,"column":8},"end":{"line":194,"column":15}},"108":{"start":{"line":197,"column":23},"end":{"line":197,"column":43}},"109":{"start":{"line":200,"column":29},"end":{"line":200,"column":94}},"110":{"start":{"line":201,"column":28},"end":{"line":203,"column":8}},"111":{"start":{"line":202,"column":8},"end":{"line":202,"column":107}},"112":{"start":{"line":205,"column":6},"end":{"line":209,"column":7}},"113":{"start":{"line":206,"column":8},"end":{"line":206,"column":69}},"114":{"start":{"line":208,"column":8},"end":{"line":208,"column":66}},"115":{"start":{"line":212,"column":6},"end":{"line":212,"column":54}},"116":{"start":{"line":213,"column":6},"end":{"line":213,"column":54}},"117":{"start":{"line":216,"column":4},"end":{"line":216,"column":63}}},"fnMap":{"0":{"name":"renderProducts","decl":{"start":{"line":29,"column":9},"end":{"line":29,"column":23}},"loc":{"start":{"line":29,"column":37},"end":{"line":65,"column":1}},"line":29},"1":{"name":"(anonymous_1)","decl":{"start":{"line":37,"column":28},"end":{"line":37,"column":29}},"loc":{"start":{"line":37,"column":41},"end":{"line":59,"column":3}},"line":37},"2":{"name":"(anonymous_2)","decl":{"start":{"line":54,"column":37},"end":{"line":54,"column":38}},"loc":{"start":{"line":54,"column":44},"end":{"line":58,"column":5}},"line":54},"3":{"name":"loadProducts","decl":{"start":{"line":68,"column":15},"end":{"line":68,"column":27}},"loc":{"start":{"line":68,"column":30},"end":{"line":86,"column":1}},"line":68},"4":{"name":"(anonymous_4)","decl":{"start":{"line":71,"column":38},"end":{"line":71,"column":39}},"loc":{"start":{"line":71,"column":47},"end":{"line":71,"column":57}},"line":71},"5":{"name":"(anonymous_5)","decl":{"start":{"line":89,"column":66},"end":{"line":89,"column":67}},"loc":{"start":{"line":89,"column":77},"end":{"line":102,"column":1}},"line":89},"6":{"name":"(anonymous_6)","decl":{"start":{"line":93,"column":26},"end":{"line":93,"column":27}},"loc":{"start":{"line":93,"column":36},"end":{"line":93,"column":53}},"line":93},"7":{"name":"(anonymous_7)","decl":{"start":{"line":95,"column":26},"end":{"line":95,"column":27}},"loc":{"start":{"line":95,"column":36},"end":{"line":95,"column":53}},"line":95},"8":{"name":"(anonymous_8)","decl":{"start":{"line":97,"column":26},"end":{"line":97,"column":27}},"loc":{"start":{"line":97,"column":36},"end":{"line":97,"column":64}},"line":97},"9":{"name":"(anonymous_9)","decl":{"start":{"line":99,"column":26},"end":{"line":99,"column":27}},"loc":{"start":{"line":99,"column":36},"end":{"line":99,"column":64}},"line":99},"10":{"name":"(anonymous_10)","decl":{"start":{"line":106,"column":63},"end":{"line":106,"column":64}},"loc":{"start":{"line":106,"column":69},"end":{"line":113,"column":1}},"line":106},"11":{"name":"(anonymous_11)","decl":{"start":{"line":110,"column":37},"end":{"line":110,"column":38}},"loc":{"start":{"line":110,"column":50},"end":{"line":110,"column":104}},"line":110},"12":{"name":"searchProducts","decl":{"start":{"line":115,"column":9},"end":{"line":115,"column":23}},"loc":{"start":{"line":115,"column":31},"end":{"line":123,"column":1}},"line":115},"13":{"name":"(anonymous_13)","decl":{"start":{"line":120,"column":33},"end":{"line":120,"column":34}},"loc":{"start":{"line":121,"column":4},"end":{"line":121,"column":51}},"line":121},"14":{"name":"(anonymous_14)","decl":{"start":{"line":126,"column":62},"end":{"line":126,"column":63}},"loc":{"start":{"line":126,"column":68},"end":{"line":131,"column":1}},"line":126},"15":{"name":"(anonymous_15)","decl":{"start":{"line":133,"column":62},"end":{"line":133,"column":63}},"loc":{"start":{"line":133,"column":68},"end":{"line":138,"column":1}},"line":133},"16":{"name":"(anonymous_16)","decl":{"start":{"line":141,"column":46},"end":{"line":141,"column":47}},"loc":{"start":{"line":141,"column":52},"end":{"line":150,"column":1}},"line":141},"17":{"name":"(anonymous_17)","decl":{"start":{"line":142,"column":27},"end":{"line":142,"column":28}},"loc":{"start":{"line":142,"column":37},"end":{"line":149,"column":3}},"line":142},"18":{"name":"(anonymous_18)","decl":{"start":{"line":153,"column":66},"end":{"line":153,"column":67}},"loc":{"start":{"line":153,"column":72},"end":{"line":163,"column":1}},"line":153},"19":{"name":"(anonymous_19)","decl":{"start":{"line":165,"column":67},"end":{"line":165,"column":68}},"loc":{"start":{"line":165,"column":74},"end":{"line":177,"column":1}},"line":165},"20":{"name":"(anonymous_20)","decl":{"start":{"line":179,"column":64},"end":{"line":179,"column":65}},"loc":{"start":{"line":179,"column":70},"end":{"line":181,"column":1}},"line":179},"21":{"name":"(anonymous_21)","decl":{"start":{"line":183,"column":67},"end":{"line":183,"column":68}},"loc":{"start":{"line":183,"column":79},"end":{"line":218,"column":1}},"line":183},"22":{"name":"(anonymous_22)","decl":{"start":{"line":201,"column":48},"end":{"line":201,"column":49}},"loc":{"start":{"line":201,"column":57},"end":{"line":203,"column":7}},"line":201}},"branchMap":{"0":{"loc":{"start":{"line":38,"column":21},"end":{"line":38,"column":66}},"type":"cond-expr","locations":[{"start":{"line":38,"column":41},"end":{"line":38,"column":61}},{"start":{"line":38,"column":64},"end":{"line":38,"column":66}}],"line":38},"1":{"loc":{"start":{"line":76,"column":4},"end":{"line":79,"column":5}},"type":"if","locations":[{"start":{"line":76,"column":4},"end":{"line":79,"column":5}},{"start":{},"end":{}}],"line":76},"2":{"loc":{"start":{"line":92,"column":2},"end":{"line":100,"column":3}},"type":"if","locations":[{"start":{"line":92,"column":2},"end":{"line":100,"column":3}},{"start":{"line":94,"column":9},"end":{"line":100,"column":3}}],"line":92},"3":{"loc":{"start":{"line":94,"column":9},"end":{"line":100,"column":3}},"type":"if","locations":[{"start":{"line":94,"column":9},"end":{"line":100,"column":3}},{"start":{"line":96,"column":9},"end":{"line":100,"column":3}}],"line":94},"4":{"loc":{"start":{"line":96,"column":9},"end":{"line":100,"column":3}},"type":"if","locations":[{"start":{"line":96,"column":9},"end":{"line":100,"column":3}},{"start":{"line":98,"column":9},"end":{"line":100,"column":3}}],"line":96},"5":{"loc":{"start":{"line":98,"column":9},"end":{"line":100,"column":3}},"type":"if","locations":[{"start":{"line":98,"column":9},"end":{"line":100,"column":3}},{"start":{},"end":{}}],"line":98},"6":{"loc":{"start":{"line":107,"column":19},"end":{"line":107,"column":77}},"type":"binary-expr","locations":[{"start":{"line":107,"column":19},"end":{"line":107,"column":72}},{"start":{"line":107,"column":76},"end":{"line":107,"column":77}}],"line":107},"7":{"loc":{"start":{"line":108,"column":19},"end":{"line":108,"column":84}},"type":"binary-expr","locations":[{"start":{"line":108,"column":19},"end":{"line":108,"column":72}},{"start":{"line":108,"column":76},"end":{"line":108,"column":84}}],"line":108},"8":{"loc":{"start":{"line":110,"column":50},"end":{"line":110,"column":104}},"type":"binary-expr","locations":[{"start":{"line":110,"column":50},"end":{"line":110,"column":75}},{"start":{"line":110,"column":79},"end":{"line":110,"column":104}}],"line":110},"9":{"loc":{"start":{"line":116,"column":2},"end":{"line":118,"column":3}},"type":"if","locations":[{"start":{"line":116,"column":2},"end":{"line":118,"column":3}},{"start":{},"end":{}}],"line":116},"10":{"loc":{"start":{"line":127,"column":2},"end":{"line":130,"column":3}},"type":"if","locations":[{"start":{"line":127,"column":2},"end":{"line":130,"column":3}},{"start":{},"end":{}}],"line":127},"11":{"loc":{"start":{"line":134,"column":2},"end":{"line":137,"column":3}},"type":"if","locations":[{"start":{"line":134,"column":2},"end":{"line":137,"column":3}},{"start":{},"end":{}}],"line":134},"12":{"loc":{"start":{"line":143,"column":4},"end":{"line":148,"column":5}},"type":"if","locations":[{"start":{"line":143,"column":4},"end":{"line":148,"column":5}},{"start":{"line":145,"column":11},"end":{"line":148,"column":5}}],"line":143},"13":{"loc":{"start":{"line":155,"column":2},"end":{"line":162,"column":3}},"type":"if","locations":[{"start":{"line":155,"column":2},"end":{"line":162,"column":3}},{"start":{"line":159,"column":9},"end":{"line":162,"column":3}}],"line":155},"14":{"loc":{"start":{"line":166,"column":2},"end":{"line":176,"column":3}},"type":"if","locations":[{"start":{"line":166,"column":2},"end":{"line":176,"column":3}},{"start":{},"end":{}}],"line":166},"15":{"loc":{"start":{"line":168,"column":4},"end":{"line":175,"column":5}},"type":"if","locations":[{"start":{"line":168,"column":4},"end":{"line":175,"column":5}},{"start":{"line":172,"column":11},"end":{"line":175,"column":5}}],"line":168},"16":{"loc":{"start":{"line":185,"column":2},"end":{"line":217,"column":3}},"type":"if","locations":[{"start":{"line":185,"column":2},"end":{"line":217,"column":3}},{"start":{"line":215,"column":9},"end":{"line":217,"column":3}}],"line":185},"17":{"loc":{"start":{"line":191,"column":6},"end":{"line":195,"column":7}},"type":"if","locations":[{"start":{"line":191,"column":6},"end":{"line":195,"column":7}},{"start":{},"end":{}}],"line":191},"18":{"loc":{"start":{"line":202,"column":15},"end":{"line":202,"column":106}},"type":"binary-expr","locations":[{"start":{"line":202,"column":15},"end":{"line":202,"column":31}},{"start":{"line":202,"column":37},"end":{"line":202,"column":72}},{"start":{"line":202,"column":76},"end":{"line":202,"column":105}}],"line":202},"19":{"loc":{"start":{"line":205,"column":6},"end":{"line":209,"column":7}},"type":"if","locations":[{"start":{"line":205,"column":6},"end":{"line":209,"column":7}},{"start":{"line":207,"column":13},"end":{"line":209,"column":7}}],"line":205}},"s":{"0":0,"1":0,"2":0,"3":0,"4":0,"5":0,"6":0,"7":0,"8":0,"9":0,"10":0,"11":0,"12":0,"13":0,"14":0,"15":0,"16":0,"17":0,"18":0,"19":0,"20":0,"21":0,"22":0,"23":0,"24":0,"25":0,"26":0,"27":0,"28":0,"29":0,"30":0,"31":0,"32":0,"33":0,"34":0,"35":0,"36":0,"37":0,"38":0,"39":0,"40":0,"41":0,"42":0,"43":0,"44":0,"45":0,"46":0,"47":0,"48":0,"49":0,"50":0,"51":0,"52":0,"53":0,"54":0,"55":0,"56":0,"57":0,"58":0,"59":0,"60":0,"61":0,"62":0,"63":0,"64":0,"65":0,"66":0,"67":0,"68":0,"69":0,"70":0,"71":0,"72":0,"73":0,"74":0,"75":0,"76":0,"77":0,"78":0,"79":0,"80":0,"81":0,"82":0,"83":0,"84":0,"85":0,"86":0,"87":0,"88":0,"89":0,"90":0,"91":0,"92":0,"93":0,"94":0,"95":0,"96":0,"97":0,"98":0,"99":0,"100":0,"101":0,"102":0,"103":0,"104":0,"105":0,"106":0,"107":0,"108":0,"109":0,"110":0,"111":0,"112":0,"113":0,"114":0,"115":0,"116":0,"117":0},"f":{"0":0,"1":0,"2":0,"3":0,"4":0,"5":0,"6":0,"7":0,"8":0,"9":0,"10":0,"11":0,"12":0,"13":0,"14":0,"15":0,"16":0,"17":0,"18":0,"19":0,"20":0,"21":0,"22":0},"b":{"0":[0,0],"1":[0,0],"2":[0,0],"3":[0,0],"4":[0,0],"5":[0,0],"6":[0,0],"7":[0,0],"8":[0,0],"9":[0,0],"10":[0,0],"11":[0,0],"12":[0,0],"13":[0,0],"14":[0,0],"15":[0,0],"16":[0,0],"17":[0,0],"18":[0,0,0],"19":[0,0]}}
,"C:\\Users\\anna\\Downloads\\ArtAlley\\Buyer Folder\\reviews.js": {"path":"C:\\Users\\anna\\Downloads\\ArtAlley\\Buyer Folder\\reviews.js","statementMap":{"0":{"start":{"line":5,"column":23},"end":{"line":12,"column":1}},"1":{"start":{"line":14,"column":12},"end":{"line":14,"column":41}},"2":{"start":{"line":15,"column":13},"end":{"line":15,"column":22}},"3":{"start":{"line":16,"column":11},"end":{"line":16,"column":28}},"4":{"start":{"line":19,"column":21},"end":{"line":19,"column":60}},"5":{"start":{"line":20,"column":21},"end":{"line":20,"column":60}},"6":{"start":{"line":21,"column":14},"end":{"line":21,"column":52}},"7":{"start":{"line":22,"column":17},"end":{"line":22,"column":49}},"8":{"start":{"line":23,"column":24},"end":{"line":23,"column":63}},"9":{"start":{"line":24,"column":26},"end":{"line":24,"column":70}},"10":{"start":{"line":25,"column":25},"end":{"line":25,"column":68}},"11":{"start":{"line":26,"column":19},"end":{"line":26,"column":56}},"12":{"start":{"line":27,"column":14},"end":{"line":27,"column":48}},"13":{"start":{"line":30,"column":18},"end":{"line":30,"column":22}},"14":{"start":{"line":31,"column":21},"end":{"line":31,"column":25}},"15":{"start":{"line":32,"column":21},"end":{"line":32,"column":22}},"16":{"start":{"line":35,"column":0},"end":{"line":35,"column":54}},"17":{"start":{"line":36,"column":0},"end":{"line":36,"column":71}},"18":{"start":{"line":36,"column":41},"end":{"line":36,"column":69}},"19":{"start":{"line":37,"column":0},"end":{"line":37,"column":56}},"20":{"start":{"line":38,"column":0},"end":{"line":40,"column":3}},"21":{"start":{"line":39,"column":2},"end":{"line":39,"column":56}},"22":{"start":{"line":39,"column":39},"end":{"line":39,"column":54}},"23":{"start":{"line":43,"column":0},"end":{"line":47,"column":3}},"24":{"start":{"line":44,"column":2},"end":{"line":46,"column":3}},"25":{"start":{"line":45,"column":4},"end":{"line":45,"column":33}},"26":{"start":{"line":50,"column":0},"end":{"line":57,"column":3}},"27":{"start":{"line":51,"column":2},"end":{"line":56,"column":3}},"28":{"start":{"line":52,"column":4},"end":{"line":52,"column":23}},"29":{"start":{"line":53,"column":4},"end":{"line":53,"column":19}},"30":{"start":{"line":55,"column":4},"end":{"line":55,"column":63}},"31":{"start":{"line":61,"column":2},"end":{"line":111,"column":3}},"32":{"start":{"line":62,"column":4},"end":{"line":62,"column":83}},"33":{"start":{"line":65,"column":14},"end":{"line":68,"column":5}},"34":{"start":{"line":70,"column":26},"end":{"line":70,"column":42}},"35":{"start":{"line":71,"column":24},"end":{"line":71,"column":33}},"36":{"start":{"line":74,"column":4},"end":{"line":87,"column":7}},"37":{"start":{"line":75,"column":24},"end":{"line":75,"column":39}},"38":{"start":{"line":76,"column":6},"end":{"line":86,"column":7}},"39":{"start":{"line":77,"column":8},"end":{"line":85,"column":11}},"40":{"start":{"line":78,"column":10},"end":{"line":84,"column":11}},"41":{"start":{"line":79,"column":12},"end":{"line":83,"column":15}},"42":{"start":{"line":90,"column":21},"end":{"line":90,"column":95}},"43":{"start":{"line":90,"column":69},"end":{"line":90,"column":94}},"44":{"start":{"line":93,"column":24},"end":{"line":93,"column":42}},"45":{"start":{"line":94,"column":27},"end":{"line":94,"column":35}},"46":{"start":{"line":96,"column":4},"end":{"line":103,"column":5}},"47":{"start":{"line":98,"column":31},"end":{"line":98,"column":58}},"48":{"start":{"line":99,"column":6},"end":{"line":99,"column":81}},"49":{"start":{"line":99,"column":46},"end":{"line":99,"column":79}},"50":{"start":{"line":100,"column":11},"end":{"line":103,"column":5}},"51":{"start":{"line":101,"column":31},"end":{"line":101,"column":58}},"52":{"start":{"line":102,"column":6},"end":{"line":102,"column":82}},"53":{"start":{"line":102,"column":46},"end":{"line":102,"column":80}},"54":{"start":{"line":106,"column":4},"end":{"line":106,"column":38}},"55":{"start":{"line":109,"column":4},"end":{"line":109,"column":52}},"56":{"start":{"line":110,"column":4},"end":{"line":110,"column":97}},"57":{"start":{"line":116,"column":2},"end":{"line":119,"column":3}},"58":{"start":{"line":117,"column":4},"end":{"line":117,"column":104}},"59":{"start":{"line":118,"column":4},"end":{"line":118,"column":11}},"60":{"start":{"line":121,"column":2},"end":{"line":121,"column":30}},"61":{"start":{"line":124,"column":27},"end":{"line":124,"column":54}},"62":{"start":{"line":126,"column":2},"end":{"line":156,"column":5}},"63":{"start":{"line":127,"column":24},"end":{"line":127,"column":53}},"64":{"start":{"line":128,"column":4},"end":{"line":128,"column":43}},"65":{"start":{"line":130,"column":23},"end":{"line":130,"column":62}},"66":{"start":{"line":132,"column":4},"end":{"line":147,"column":6}},"67":{"start":{"line":149,"column":4},"end":{"line":149,"column":42}},"68":{"start":{"line":152,"column":22},"end":{"line":152,"column":62}},"69":{"start":{"line":153,"column":4},"end":{"line":155,"column":5}},"70":{"start":{"line":154,"column":6},"end":{"line":154,"column":74}},"71":{"start":{"line":154,"column":48},"end":{"line":154,"column":72}},"72":{"start":{"line":161,"column":2},"end":{"line":161,"column":27}},"73":{"start":{"line":162,"column":2},"end":{"line":162,"column":21}},"74":{"start":{"line":163,"column":2},"end":{"line":163,"column":24}},"75":{"start":{"line":166,"column":2},"end":{"line":166,"column":57}},"76":{"start":{"line":166,"column":24},"end":{"line":166,"column":55}},"77":{"start":{"line":169,"column":2},"end":{"line":169,"column":80}},"78":{"start":{"line":170,"column":2},"end":{"line":170,"column":39}},"79":{"start":{"line":171,"column":2},"end":{"line":171,"column":46}},"80":{"start":{"line":173,"column":2},"end":{"line":173,"column":32}},"81":{"start":{"line":178,"column":16},"end":{"line":178,"column":57}},"82":{"start":{"line":179,"column":2},"end":{"line":179,"column":25}},"83":{"start":{"line":181,"column":2},"end":{"line":189,"column":5}},"84":{"start":{"line":182,"column":4},"end":{"line":188,"column":5}},"85":{"start":{"line":183,"column":6},"end":{"line":183,"column":32}},"86":{"start":{"line":184,"column":6},"end":{"line":184,"column":26}},"87":{"start":{"line":186,"column":6},"end":{"line":186,"column":35}},"88":{"start":{"line":187,"column":6},"end":{"line":187,"column":26}},"89":{"start":{"line":194,"column":2},"end":{"line":197,"column":3}},"90":{"start":{"line":195,"column":4},"end":{"line":195,"column":36}},"91":{"start":{"line":196,"column":4},"end":{"line":196,"column":11}},"92":{"start":{"line":199,"column":2},"end":{"line":202,"column":3}},"93":{"start":{"line":200,"column":4},"end":{"line":200,"column":38}},"94":{"start":{"line":201,"column":4},"end":{"line":201,"column":11}},"95":{"start":{"line":204,"column":2},"end":{"line":224,"column":3}},"96":{"start":{"line":206,"column":22},"end":{"line":206,"column":106}},"97":{"start":{"line":208,"column":4},"end":{"line":215,"column":24}},"98":{"start":{"line":217,"column":4},"end":{"line":217,"column":40}},"99":{"start":{"line":218,"column":4},"end":{"line":218,"column":33}},"100":{"start":{"line":219,"column":4},"end":{"line":219,"column":19}},"101":{"start":{"line":222,"column":4},"end":{"line":222,"column":53}},"102":{"start":{"line":223,"column":4},"end":{"line":223,"column":74}},"103":{"start":{"line":229,"column":12},"end":{"line":232,"column":3}},"104":{"start":{"line":234,"column":24},"end":{"line":234,"column":40}},"105":{"start":{"line":235,"column":2},"end":{"line":235,"column":63}},"106":{"start":{"line":235,"column":39},"end":{"line":235,"column":61}}},"fnMap":{"0":{"name":"(anonymous_0)","decl":{"start":{"line":36,"column":35},"end":{"line":36,"column":36}},"loc":{"start":{"line":36,"column":41},"end":{"line":36,"column":69}},"line":36},"1":{"name":"(anonymous_1)","decl":{"start":{"line":38,"column":14},"end":{"line":38,"column":15}},"loc":{"start":{"line":38,"column":22},"end":{"line":40,"column":1}},"line":38},"2":{"name":"(anonymous_2)","decl":{"start":{"line":39,"column":33},"end":{"line":39,"column":34}},"loc":{"start":{"line":39,"column":39},"end":{"line":39,"column":54}},"line":39},"3":{"name":"(anonymous_3)","decl":{"start":{"line":43,"column":33},"end":{"line":43,"column":34}},"loc":{"start":{"line":43,"column":40},"end":{"line":47,"column":1}},"line":43},"4":{"name":"(anonymous_4)","decl":{"start":{"line":50,"column":25},"end":{"line":50,"column":26}},"loc":{"start":{"line":50,"column":41},"end":{"line":57,"column":1}},"line":50},"5":{"name":"loadProducts","decl":{"start":{"line":60,"column":15},"end":{"line":60,"column":27}},"loc":{"start":{"line":60,"column":30},"end":{"line":112,"column":1}},"line":60},"6":{"name":"(anonymous_6)","decl":{"start":{"line":74,"column":26},"end":{"line":74,"column":27}},"loc":{"start":{"line":74,"column":38},"end":{"line":87,"column":5}},"line":74},"7":{"name":"(anonymous_7)","decl":{"start":{"line":77,"column":32},"end":{"line":77,"column":33}},"loc":{"start":{"line":77,"column":40},"end":{"line":85,"column":9}},"line":77},"8":{"name":"(anonymous_8)","decl":{"start":{"line":90,"column":59},"end":{"line":90,"column":60}},"loc":{"start":{"line":90,"column":69},"end":{"line":90,"column":94}},"line":90},"9":{"name":"(anonymous_9)","decl":{"start":{"line":99,"column":41},"end":{"line":99,"column":42}},"loc":{"start":{"line":99,"column":46},"end":{"line":99,"column":79}},"line":99},"10":{"name":"(anonymous_10)","decl":{"start":{"line":102,"column":41},"end":{"line":102,"column":42}},"loc":{"start":{"line":102,"column":46},"end":{"line":102,"column":80}},"line":102},"11":{"name":"displayProducts","decl":{"start":{"line":115,"column":15},"end":{"line":115,"column":30}},"loc":{"start":{"line":115,"column":41},"end":{"line":157,"column":1}},"line":115},"12":{"name":"(anonymous_12)","decl":{"start":{"line":126,"column":19},"end":{"line":126,"column":20}},"loc":{"start":{"line":126,"column":30},"end":{"line":156,"column":3}},"line":126},"13":{"name":"(anonymous_13)","decl":{"start":{"line":154,"column":42},"end":{"line":154,"column":43}},"loc":{"start":{"line":154,"column":48},"end":{"line":154,"column":72}},"line":154},"14":{"name":"openReviewModal","decl":{"start":{"line":160,"column":9},"end":{"line":160,"column":24}},"loc":{"start":{"line":160,"column":34},"end":{"line":174,"column":1}},"line":160},"15":{"name":"(anonymous_15)","decl":{"start":{"line":166,"column":16},"end":{"line":166,"column":17}},"loc":{"start":{"line":166,"column":24},"end":{"line":166,"column":55}},"line":166},"16":{"name":"setRating","decl":{"start":{"line":177,"column":9},"end":{"line":177,"column":18}},"loc":{"start":{"line":177,"column":25},"end":{"line":190,"column":1}},"line":177},"17":{"name":"(anonymous_17)","decl":{"start":{"line":181,"column":16},"end":{"line":181,"column":17}},"loc":{"start":{"line":181,"column":30},"end":{"line":189,"column":3}},"line":181},"18":{"name":"submitReview","decl":{"start":{"line":193,"column":15},"end":{"line":193,"column":27}},"loc":{"start":{"line":193,"column":30},"end":{"line":225,"column":1}},"line":193},"19":{"name":"getReviewedProducts","decl":{"start":{"line":228,"column":15},"end":{"line":228,"column":34}},"loc":{"start":{"line":228,"column":37},"end":{"line":236,"column":1}},"line":228},"20":{"name":"(anonymous_20)","decl":{"start":{"line":235,"column":32},"end":{"line":235,"column":33}},"loc":{"start":{"line":235,"column":39},"end":{"line":235,"column":61}},"line":235}},"branchMap":{"0":{"loc":{"start":{"line":44,"column":2},"end":{"line":46,"column":3}},"type":"if","locations":[{"start":{"line":44,"column":2},"end":{"line":46,"column":3}},{"start":{},"end":{}}],"line":44},"1":{"loc":{"start":{"line":51,"column":2},"end":{"line":56,"column":3}},"type":"if","locations":[{"start":{"line":51,"column":2},"end":{"line":56,"column":3}},{"start":{"line":54,"column":9},"end":{"line":56,"column":3}}],"line":51},"2":{"loc":{"start":{"line":76,"column":6},"end":{"line":86,"column":7}},"type":"if","locations":[{"start":{"line":76,"column":6},"end":{"line":86,"column":7}},{"start":{},"end":{}}],"line":76},"3":{"loc":{"start":{"line":76,"column":10},"end":{"line":76,"column":55}},"type":"binary-expr","locations":[{"start":{"line":76,"column":10},"end":{"line":76,"column":25}},{"start":{"line":76,"column":29},"end":{"line":76,"column":55}}],"line":76},"4":{"loc":{"start":{"line":78,"column":10},"end":{"line":84,"column":11}},"type":"if","locations":[{"start":{"line":78,"column":10},"end":{"line":84,"column":11}},{"start":{},"end":{}}],"line":78},"5":{"loc":{"start":{"line":82,"column":25},"end":{"line":82,"column":68}},"type":"binary-expr","locations":[{"start":{"line":82,"column":25},"end":{"line":82,"column":54}},{"start":{"line":82,"column":58},"end":{"line":82,"column":68}}],"line":82},"6":{"loc":{"start":{"line":96,"column":4},"end":{"line":103,"column":5}},"type":"if","locations":[{"start":{"line":96,"column":4},"end":{"line":103,"column":5}},{"start":{"line":100,"column":11},"end":{"line":103,"column":5}}],"line":96},"7":{"loc":{"start":{"line":100,"column":11},"end":{"line":103,"column":5}},"type":"if","locations":[{"start":{"line":100,"column":11},"end":{"line":103,"column":5}},{"start":{},"end":{}}],"line":100},"8":{"loc":{"start":{"line":116,"column":2},"end":{"line":119,"column":3}},"type":"if","locations":[{"start":{"line":116,"column":2},"end":{"line":119,"column":3}},{"start":{},"end":{}}],"line":116},"9":{"loc":{"start":{"line":134,"column":20},"end":{"line":134,"column":72}},"type":"binary-expr","locations":[{"start":{"line":134,"column":20},"end":{"line":134,"column":36}},{"start":{"line":134,"column":40},"end":{"line":134,"column":72}}],"line":134},"10":{"loc":{"start":{"line":142,"column":8},"end":{"line":146,"column":21}},"type":"cond-expr","locations":[{"start":{"line":143,"column":10},"end":{"line":143,"column":54}},{"start":{"line":144,"column":10},"end":{"line":146,"column":21}}],"line":142},"11":{"loc":{"start":{"line":153,"column":4},"end":{"line":155,"column":5}},"type":"if","locations":[{"start":{"line":153,"column":4},"end":{"line":155,"column":5}},{"start":{},"end":{}}],"line":153},"12":{"loc":{"start":{"line":169,"column":26},"end":{"line":169,"column":79}},"type":"binary-expr","locations":[{"start":{"line":169,"column":26},"end":{"line":169,"column":42}},{"start":{"line":169,"column":46},"end":{"line":169,"column":79}}],"line":169},"13":{"loc":{"start":{"line":182,"column":4},"end":{"line":188,"column":5}},"type":"if","locations":[{"start":{"line":182,"column":4},"end":{"line":188,"column":5}},{"start":{"line":185,"column":11},"end":{"line":188,"column":5}}],"line":182},"14":{"loc":{"start":{"line":194,"column":2},"end":{"line":197,"column":3}},"type":"if","locations":[{"start":{"line":194,"column":2},"end":{"line":197,"column":3}},{"start":{},"end":{}}],"line":194},"15":{"loc":{"start":{"line":199,"column":2},"end":{"line":202,"column":3}},"type":"if","locations":[{"start":{"line":199,"column":2},"end":{"line":202,"column":3}},{"start":{},"end":{}}],"line":199}},"s":{"0":0,"1":0,"2":0,"3":0,"4":0,"5":0,"6":0,"7":0,"8":0,"9":0,"10":0,"11":0,"12":0,"13":0,"14":0,"15":0,"16":0,"17":0,"18":0,"19":0,"20":0,"21":0,"22":0,"23":0,"24":0,"25":0,"26":0,"27":0,"28":0,"29":0,"30":0,"31":0,"32":0,"33":0,"34":0,"35":0,"36":0,"37":0,"38":0,"39":0,"40":0,"41":0,"42":0,"43":0,"44":0,"45":0,"46":0,"47":0,"48":0,"49":0,"50":0,"51":0,"52":0,"53":0,"54":0,"55":0,"56":0,"57":0,"58":0,"59":0,"60":0,"61":0,"62":0,"63":0,"64":0,"65":0,"66":0,"67":0,"68":0,"69":0,"70":0,"71":0,"72":0,"73":0,"74":0,"75":0,"76":0,"77":0,"78":0,"79":0,"80":0,"81":0,"82":0,"83":0,"84":0,"85":0,"86":0,"87":0,"88":0,"89":0,"90":0,"91":0,"92":0,"93":0,"94":0,"95":0,"96":0,"97":0,"98":0,"99":0,"100":0,"101":0,"102":0,"103":0,"104":0,"105":0,"106":0},"f":{"0":0,"1":0,"2":0,"3":0,"4":0,"5":0,"6":0,"7":0,"8":0,"9":0,"10":0,"11":0,"12":0,"13":0,"14":0,"15":0,"16":0,"17":0,"18":0,"19":0,"20":0},"b":{"0":[0,0],"1":[0,0],"2":[0,0],"3":[0,0],"4":[0,0],"5":[0,0],"6":[0,0],"7":[0,0],"8":[0,0],"9":[0,0],"10":[0,0],"11":[0,0],"12":[0,0],"13":[0,0],"14":[0,0],"15":[0,0]}}
,"C:\\Users\\anna\\Downloads\\ArtAlley\\Buyer Folder\\view-orders.js": {"path":"C:\\Users\\anna\\Downloads\\ArtAlley\\Buyer Folder\\view-orders.js","statementMap":{"0":{"start":{"line":5,"column":23},"end":{"line":12,"column":1}},"1":{"start":{"line":14,"column":12},"end":{"line":14,"column":41}},"2":{"start":{"line":15,"column":13},"end":{"line":15,"column":22}},"3":{"start":{"line":16,"column":11},"end":{"line":16,"column":28}},"4":{"start":{"line":17,"column":24},"end":{"line":17,"column":66}},"5":{"start":{"line":19,"column":0},"end":{"line":116,"column":3}},"6":{"start":{"line":20,"column":2},"end":{"line":24,"column":3}},"7":{"start":{"line":21,"column":4},"end":{"line":21,"column":48}},"8":{"start":{"line":22,"column":4},"end":{"line":22,"column":63}},"9":{"start":{"line":23,"column":4},"end":{"line":23,"column":11}},"10":{"start":{"line":26,"column":2},"end":{"line":115,"column":3}},"11":{"start":{"line":27,"column":4},"end":{"line":27,"column":55}},"12":{"start":{"line":29,"column":14},"end":{"line":33,"column":5}},"13":{"start":{"line":35,"column":21},"end":{"line":35,"column":37}},"14":{"start":{"line":36,"column":4},"end":{"line":36,"column":46}},"15":{"start":{"line":38,"column":4},"end":{"line":42,"column":5}},"16":{"start":{"line":39,"column":6},"end":{"line":39,"column":46}},"17":{"start":{"line":40,"column":6},"end":{"line":40,"column":94}},"18":{"start":{"line":41,"column":6},"end":{"line":41,"column":13}},"19":{"start":{"line":44,"column":4},"end":{"line":44,"column":35}},"20":{"start":{"line":46,"column":4},"end":{"line":104,"column":7}},"21":{"start":{"line":47,"column":6},"end":{"line":47,"column":56}},"22":{"start":{"line":48,"column":20},"end":{"line":48,"column":30}},"23":{"start":{"line":49,"column":6},"end":{"line":49,"column":40}},"24":{"start":{"line":51,"column":20},"end":{"line":51,"column":40}},"25":{"start":{"line":53,"column":6},"end":{"line":71,"column":7}},"26":{"start":{"line":55,"column":24},"end":{"line":55,"column":48}},"27":{"start":{"line":56,"column":8},"end":{"line":61,"column":11}},"28":{"start":{"line":62,"column":13},"end":{"line":71,"column":7}},"29":{"start":{"line":64,"column":24},"end":{"line":64,"column":64}},"30":{"start":{"line":65,"column":8},"end":{"line":70,"column":11}},"31":{"start":{"line":73,"column":25},"end":{"line":73,"column":58}},"32":{"start":{"line":74,"column":6},"end":{"line":74,"column":43}},"33":{"start":{"line":76,"column":24},"end":{"line":76,"column":53}},"34":{"start":{"line":77,"column":6},"end":{"line":77,"column":41}},"35":{"start":{"line":78,"column":6},"end":{"line":78,"column":51}},"36":{"start":{"line":80,"column":28},"end":{"line":80,"column":57}},"37":{"start":{"line":81,"column":6},"end":{"line":81,"column":46}},"38":{"start":{"line":83,"column":6},"end":{"line":99,"column":7}},"39":{"start":{"line":84,"column":8},"end":{"line":95,"column":11}},"40":{"start":{"line":85,"column":10},"end":{"line":85,"column":57}},"41":{"start":{"line":86,"column":27},"end":{"line":86,"column":56}},"42":{"start":{"line":87,"column":10},"end":{"line":87,"column":44}},"43":{"start":{"line":88,"column":10},"end":{"line":93,"column":12}},"44":{"start":{"line":94,"column":10},"end":{"line":94,"column":46}},"45":{"start":{"line":97,"column":8},"end":{"line":97,"column":47}},"46":{"start":{"line":98,"column":8},"end":{"line":98,"column":66}},"47":{"start":{"line":101,"column":6},"end":{"line":101,"column":40}},"48":{"start":{"line":102,"column":6},"end":{"line":102,"column":44}},"49":{"start":{"line":103,"column":6},"end":{"line":103,"column":46}},"50":{"start":{"line":106,"column":4},"end":{"line":106,"column":51}},"51":{"start":{"line":107,"column":4},"end":{"line":114,"column":6}}},"fnMap":{"0":{"name":"(anonymous_0)","decl":{"start":{"line":19,"column":25},"end":{"line":19,"column":26}},"loc":{"start":{"line":19,"column":41},"end":{"line":116,"column":1}},"line":19},"1":{"name":"(anonymous_1)","decl":{"start":{"line":46,"column":21},"end":{"line":46,"column":22}},"loc":{"start":{"line":46,"column":30},"end":{"line":104,"column":5}},"line":46},"2":{"name":"(anonymous_2)","decl":{"start":{"line":84,"column":28},"end":{"line":84,"column":29}},"loc":{"start":{"line":84,"column":45},"end":{"line":95,"column":9}},"line":84}},"branchMap":{"0":{"loc":{"start":{"line":20,"column":2},"end":{"line":24,"column":3}},"type":"if","locations":[{"start":{"line":20,"column":2},"end":{"line":24,"column":3}},{"start":{},"end":{}}],"line":20},"1":{"loc":{"start":{"line":38,"column":4},"end":{"line":42,"column":5}},"type":"if","locations":[{"start":{"line":38,"column":4},"end":{"line":42,"column":5}},{"start":{},"end":{}}],"line":38},"2":{"loc":{"start":{"line":53,"column":6},"end":{"line":71,"column":7}},"type":"if","locations":[{"start":{"line":53,"column":6},"end":{"line":71,"column":7}},{"start":{"line":62,"column":13},"end":{"line":71,"column":7}}],"line":53},"3":{"loc":{"start":{"line":62,"column":13},"end":{"line":71,"column":7}},"type":"if","locations":[{"start":{"line":62,"column":13},"end":{"line":71,"column":7}},{"start":{},"end":{}}],"line":62},"4":{"loc":{"start":{"line":83,"column":6},"end":{"line":99,"column":7}},"type":"if","locations":[{"start":{"line":83,"column":6},"end":{"line":99,"column":7}},{"start":{"line":96,"column":13},"end":{"line":99,"column":7}}],"line":83},"5":{"loc":{"start":{"line":83,"column":10},"end":{"line":83,"column":47}},"type":"binary-expr","locations":[{"start":{"line":83,"column":10},"end":{"line":83,"column":21}},{"start":{"line":83,"column":25},"end":{"line":83,"column":47}}],"line":83},"6":{"loc":{"start":{"line":89,"column":24},"end":{"line":89,"column":74}},"type":"binary-expr","locations":[{"start":{"line":89,"column":24},"end":{"line":89,"column":37}},{"start":{"line":89,"column":41},"end":{"line":89,"column":74}}],"line":89},"7":{"loc":{"start":{"line":89,"column":84},"end":{"line":89,"column":111}},"type":"binary-expr","locations":[{"start":{"line":89,"column":84},"end":{"line":89,"column":93}},{"start":{"line":89,"column":97},"end":{"line":89,"column":111}}],"line":89},"8":{"loc":{"start":{"line":90,"column":17},"end":{"line":90,"column":44}},"type":"binary-expr","locations":[{"start":{"line":90,"column":17},"end":{"line":90,"column":26}},{"start":{"line":90,"column":30},"end":{"line":90,"column":44}}],"line":90},"9":{"loc":{"start":{"line":91,"column":22},"end":{"line":91,"column":40}},"type":"binary-expr","locations":[{"start":{"line":91,"column":22},"end":{"line":91,"column":35}},{"start":{"line":91,"column":39},"end":{"line":91,"column":40}}],"line":91},"10":{"loc":{"start":{"line":92,"column":18},"end":{"line":92,"column":33}},"type":"binary-expr","locations":[{"start":{"line":92,"column":18},"end":{"line":92,"column":28}},{"start":{"line":92,"column":32},"end":{"line":92,"column":33}}],"line":92},"11":{"loc":{"start":{"line":112,"column":10},"end":{"line":112,"column":42}},"type":"binary-expr","locations":[{"start":{"line":112,"column":10},"end":{"line":112,"column":23}},{"start":{"line":112,"column":27},"end":{"line":112,"column":42}}],"line":112}},"s":{"0":0,"1":0,"2":0,"3":0,"4":0,"5":0,"6":0,"7":0,"8":0,"9":0,"10":0,"11":0,"12":0,"13":0,"14":0,"15":0,"16":0,"17":0,"18":0,"19":0,"20":0,"21":0,"22":0,"23":0,"24":0,"25":0,"26":0,"27":0,"28":0,"29":0,"30":0,"31":0,"32":0,"33":0,"34":0,"35":0,"36":0,"37":0,"38":0,"39":0,"40":0,"41":0,"42":0,"43":0,"44":0,"45":0,"46":0,"47":0,"48":0,"49":0,"50":0,"51":0},"f":{"0":0,"1":0,"2":0},"b":{"0":[0,0],"1":[0,0],"2":[0,0],"3":[0,0],"4":[0,0],"5":[0,0],"6":[0,0],"7":[0,0],"8":[0,0],"9":[0,0],"10":[0,0],"11":[0,0]}}
,"C:\\Users\\anna\\Downloads\\ArtAlley\\Seller Folder\\edit.js": {"path":"C:\\Users\\anna\\Downloads\\ArtAlley\\Seller Folder\\edit.js","statementMap":{"0":{"start":{"line":6,"column":23},"end":{"line":13,"column":1}},"1":{"start":{"line":15,"column":12},"end":{"line":15,"column":41}},"2":{"start":{"line":16,"column":11},"end":{"line":16,"column":28}},"3":{"start":{"line":17,"column":13},"end":{"line":17,"column":25}},"4":{"start":{"line":19,"column":18},"end":{"line":19,"column":29}},"5":{"start":{"line":20,"column":21},"end":{"line":20,"column":31}},"6":{"start":{"line":23,"column":19},"end":{"line":23,"column":33}},"7":{"start":{"line":24,"column":2},"end":{"line":24,"column":32}},"8":{"start":{"line":25,"column":2},"end":{"line":25,"column":49}},"9":{"start":{"line":27,"column":19},"end":{"line":30,"column":4}},"10":{"start":{"line":32,"column":15},"end":{"line":32,"column":36}},"11":{"start":{"line":33,"column":2},"end":{"line":37,"column":3}},"12":{"start":{"line":34,"column":4},"end":{"line":34,"column":27}},"13":{"start":{"line":36,"column":4},"end":{"line":36,"column":44}},"14":{"start":{"line":40,"column":18},"end":{"line":40,"column":61}},"15":{"start":{"line":41,"column":18},"end":{"line":41,"column":37}},"16":{"start":{"line":43,"column":13},"end":{"line":43,"column":44}},"17":{"start":{"line":44,"column":26},"end":{"line":44,"column":65}},"18":{"start":{"line":45,"column":25},"end":{"line":45,"column":66}},"19":{"start":{"line":46,"column":31},"end":{"line":46,"column":70}},"20":{"start":{"line":47,"column":28},"end":{"line":47,"column":69}},"21":{"start":{"line":49,"column":20},"end":{"line":49,"column":22}},"22":{"start":{"line":50,"column":21},"end":{"line":50,"column":22}},"23":{"start":{"line":51,"column":24},"end":{"line":51,"column":26}},"24":{"start":{"line":52,"column":23},"end":{"line":52,"column":28}},"25":{"start":{"line":54,"column":0},"end":{"line":194,"column":3}},"26":{"start":{"line":55,"column":2},"end":{"line":59,"column":3}},"27":{"start":{"line":56,"column":4},"end":{"line":56,"column":34}},"28":{"start":{"line":57,"column":4},"end":{"line":57,"column":64}},"29":{"start":{"line":58,"column":4},"end":{"line":58,"column":11}},"30":{"start":{"line":61,"column":21},"end":{"line":61,"column":51}},"31":{"start":{"line":62,"column":22},"end":{"line":62,"column":46}},"32":{"start":{"line":64,"column":2},"end":{"line":67,"column":3}},"33":{"start":{"line":65,"column":4},"end":{"line":65,"column":32}},"34":{"start":{"line":66,"column":4},"end":{"line":66,"column":11}},"35":{"start":{"line":69,"column":18},"end":{"line":69,"column":36}},"36":{"start":{"line":70,"column":2},"end":{"line":70,"column":46}},"37":{"start":{"line":71,"column":2},"end":{"line":71,"column":91}},"38":{"start":{"line":74,"column":2},"end":{"line":74,"column":62}},"39":{"start":{"line":75,"column":2},"end":{"line":75,"column":64}},"40":{"start":{"line":76,"column":2},"end":{"line":76,"column":70}},"41":{"start":{"line":77,"column":2},"end":{"line":77,"column":76}},"42":{"start":{"line":81,"column":4},"end":{"line":81,"column":42}},"43":{"start":{"line":82,"column":4},"end":{"line":105,"column":5}},"44":{"start":{"line":83,"column":6},"end":{"line":103,"column":9}},"45":{"start":{"line":84,"column":20},"end":{"line":84,"column":49}},"46":{"start":{"line":85,"column":8},"end":{"line":85,"column":22}},"47":{"start":{"line":86,"column":8},"end":{"line":86,"column":34}},"48":{"start":{"line":87,"column":8},"end":{"line":87,"column":35}},"49":{"start":{"line":88,"column":8},"end":{"line":88,"column":38}},"50":{"start":{"line":89,"column":8},"end":{"line":89,"column":33}},"51":{"start":{"line":90,"column":8},"end":{"line":90,"column":88}},"52":{"start":{"line":91,"column":8},"end":{"line":91,"column":107}},"53":{"start":{"line":92,"column":8},"end":{"line":92,"column":37}},"54":{"start":{"line":94,"column":8},"end":{"line":100,"column":11}},"55":{"start":{"line":95,"column":10},"end":{"line":99,"column":11}},"56":{"start":{"line":96,"column":12},"end":{"line":96,"column":33}},"57":{"start":{"line":97,"column":12},"end":{"line":97,"column":55}},"58":{"start":{"line":98,"column":12},"end":{"line":98,"column":35}},"59":{"start":{"line":102,"column":8},"end":{"line":102,"column":48}},"60":{"start":{"line":104,"column":6},"end":{"line":104,"column":49}},"61":{"start":{"line":108,"column":2},"end":{"line":108,"column":25}},"62":{"start":{"line":111,"column":2},"end":{"line":158,"column":5}},"63":{"start":{"line":112,"column":4},"end":{"line":112,"column":47}},"64":{"start":{"line":113,"column":4},"end":{"line":157,"column":5}},"65":{"start":{"line":114,"column":6},"end":{"line":114,"column":30}},"66":{"start":{"line":115,"column":6},"end":{"line":115,"column":38}},"67":{"start":{"line":116,"column":6},"end":{"line":116,"column":44}},"68":{"start":{"line":117,"column":6},"end":{"line":117,"column":25}},"69":{"start":{"line":119,"column":6},"end":{"line":151,
[...]
r.js": {"path":"C:\\Users\\anna\\Downloads\\ArtAlley\\SignUp Folder\\signUpBuyer.js","statementMap":{"0":{"start":{"line":9,"column":23},"end":{"line":16,"column":1}},"1":{"start":{"line":19,"column":12},"end":{"line":19,"column":41}},"2":{"start":{"line":20,"column":13},"end":{"line":20,"column":22}},"3":{"start":{"line":21,"column":11},"end":{"line":21,"column":28}},"4":{"start":{"line":22,"column":0},"end":{"line":22,"column":25}},"5":{"start":{"line":24,"column":14},"end":{"line":24,"column":48}},"6":{"start":{"line":26,"column":17},"end":{"line":26,"column":52}},"7":{"start":{"line":27,"column":24},"end":{"line":27,"column":66}},"8":{"start":{"line":28,"column":15},"end":{"line":28,"column":50}},"9":{"start":{"line":29,"column":21},"end":{"line":29,"column":52}},"10":{"start":{"line":30,"column":23},"end":{"line":30,"column":64}},"11":{"start":{"line":31,"column":16},"end":{"line":31,"column":50}},"12":{"start":{"line":32,"column":22},"end":{"line":32,"column":62}},"13":{"start":{"line":33,"column":17},"end":{"line":33,"column":41}},"14":{"start":{"line":36,"column":0},"end":{"line":41,"column":3}},"15":{"start":{"line":37,"column":21},"end":{"line":37,"column":49}},"16":{"start":{"line":38,"column":2},"end":{"line":38,"column":51}},"17":{"start":{"line":39,"column":2},"end":{"line":39,"column":37}},"18":{"start":{"line":40,"column":2},"end":{"line":40,"column":43}},"19":{"start":{"line":43,"column":0},"end":{"line":136,"column":3}},"20":{"start":{"line":44,"column":2},"end":{"line":44,"column":25}},"21":{"start":{"line":46,"column":21},"end":{"line":46,"column":39}},"22":{"start":{"line":48,"column":24},"end":{"line":48,"column":38}},"23":{"start":{"line":49,"column":31},"end":{"line":49,"column":52}},"24":{"start":{"line":51,"column":2},"end":{"line":58,"column":3}},"25":{"start":{"line":52,"column":18},"end":{"line":52,"column":20}},"26":{"start":{"line":53,"column":4},"end":{"line":53,"column":43}},"27":{"start":{"line":53,"column":21},"end":{"line":53,"column":43}},"28":{"start":{"line":54,"column":4},"end":{"line":54,"column":49}},"29":{"start":{"line":54,"column":24},"end":{"line":54,"column":49}},"30":{"start":{"line":55,"column":4},"end":{"line":55,"column":64}},"31":{"start":{"line":55,"column":31},"end":{"line":55,"column":64}},"32":{"start":{"line":56,"column":4},"end":{"line":56,"column":73}},"33":{"start":{"line":57,"column":4},"end":{"line":57,"column":11}},"34":{"start":{"line":61,"column":24},"end":{"line":61,"column":67}},"35":{"start":{"line":62,"column":2},"end":{"line":65,"column":3}},"36":{"start":{"line":63,"column":4},"end":{"line":63,"column":147}},"37":{"start":{"line":64,"column":4},"end":{"line":64,"column":11}},"38":{"start":{"line":67,"column":2},"end":{"line":70,"column":3}},"39":{"start":{"line":68,"column":4},"end":{"line":68,"column":37}},"40":{"start":{"line":69,"column":4},"end":{"line":69,"column":11}},"41":{"start":{"line":72,"column":2},"end":{"line":75,"column":3}},"42":{"start":{"line":73,"column":4},"end":{"line":73,"column":59}},"43":{"start":{"line":74,"column":4},"end":{"line":74,"column":11}},"44":{"start":{"line":97,"column":2},"end":{"line":135,"column":5}},"45":{"start":{"line":98,"column":27},"end":{"line":98,"column":96}},"46":{"start":{"line":99,"column":17},"end":{"line":99,"column":36}},"47":{"start":{"line":102,"column":2},"end":{"line":102,"column":36}},"48":{"start":{"line":103,"column":2},"end":{"line":103,"column":72}},"49":{"start":{"line":105,"column":22},"end":{"line":115,"column":8}},"50":{"start":{"line":106,"column":2},"end":{"line":106,"column":22}},"51":{"start":{"line":108,"column":21},"end":{"line":108,"column":37}},"52":{"start":{"line":110,"column":2},"end":{"line":114,"column":3}},"53":{"start":{"line":111,"column":4},"end":{"line":111,"column":33}},"54":{"start":{"line":112,"column":4},"end":{"line":112,"column":65}},"55":{"start":{"line":113,"column":4},"end":{"line":113,"column":66}},"56":{"start":{"line":117,"column":4},"end":{"line":123,"column":7}},"57":{"start":{"line":124,"column":20},"end":{"line":124,"column":58}},"58":{"start":{"line":125,"column":4},"end":{"line":128,"column":5}},"59":{"start":{"line":126,"column":6},"end":{"line":126,"column":27}},"60":{"start":{"line":127,"column":6},"end":{"line":127,"column":50}},"61":{"start":{"line":133,"column":27},"end":{"line":133,"column":40}},"62":{"start":{"line":134,"column":6},"end":{"line":134,"column":38}},"63":{"start":{"line":138,"column":0},"end":{"line":170,"column":3}},"64":{"start":{"line":141,"column":2},"end":{"line":144,"column":3}},"65":{"start":{"line":142,"column":4},"end":{"line":142,"column":59}},"66":{"start":{"line":143,"column":4},"end":{"line":143,"column":11}},"67":{"start":{"line":146,"column":2},"end":{"line":169,"column":3}},"68":{"start":{"line":147,"column":19},"end":{"line":147,"column":56}},"69":{"start":{"line":148,"column":17},"end":{"line":148,"column":28}},"70":{"start":{"line":150,"column":20},"end":{"line":150,"column":46}},"71":{"start":{"line":151,"column":20},"end":{"line":151,"column":41}},"72":{"start":{"line":153,"column":4},"end":{"line":162,"column":5}},"73":{"start":{"line":155,"column":6},"end":{"line":161,"column":9}},"74":{"start":{"line":164,"column":4},"end":{"line":164,"column":48}},"75":{"start":{"line":165,"column":4},"end":{"line":165,"column":66}},"76":{"start":{"line":167,"column":4},"end":{"line":167,"column":70}},"77":{"start":{"line":168,"column":4},"end":{"line":168,"column":37}}},"fnMap":{"0":{"name":"(anonymous_0)","decl":{"start":{"line":36,"column":41},"end":{"line":36,"column":42}},"loc":{"start":{"line":36,"column":47},"end":{"line":41,"column":1}},"line":36},"1":{"name":"(anonymous_1)","decl":{"start":{"line":43,"column":33},"end":{"line":43,"column":34}},"loc":{"start":{"line":43,"column":54},"end":{"line":136,"column":1}},"line":43},"2":{"name":"(anonymous_2)","decl":{"start":{"line":105,"column":34},"end":{"line":105,"column":35}},"loc":{"start":{"line":105,"column":46},"end":{"line":115,"column":1}},"line":105},"3":{"name":"(anonymous_3)","decl":{"start":{"line":138,"column":39},"end":{"line":138,"column":40}},"loc":{"start":{"line":138,"column":56},"end":{"line":170,"column":1}},"line":138}},"branchMap":{"0":{"loc":{"start":{"line":38,"column":18},"end":{"line":38,"column":50}},"type":"cond-expr","locations":[{"start":{"line":38,"column":31},"end":{"line":38,"column":37}},{"start":{"line":38,"column":40},"end":{"line":38,"column":50}}],"line":38},"1":{"loc":{"start":{"line":51,"column":2},"end":{"line":58,"column":3}},"type":"if","locations":[{"start":{"line":51,"column":2},"end":{"line":58,"column":3}},{"start":{},"end":{}}],"line":51},"2":{"loc":{"start":{"line":51,"column":6},"end":{"line":51,"column":60}},"type":"binary-expr","locations":[{"start":{"line":51,"column":6},"end":{"line":51,"column":17}},{"start":{"line":51,"column":21},"end":{"line":51,"column":35}},{"start":{"line":51,"column":39},"end":{"line":51,"column":60}}],"line":51},"3":{"loc":{"start":{"line":53,"column":4},"end":{"line":53,"column":43}},"type":"if","locations":[{"start":{"line":53,"column":4},"end":{"line":53,"column":43}},{"start":{},"end":{}}],"line":53},"4":{"loc":{"start":{"line":54,"column":4},"end":{"line":54,"column":49}},"type":"if","locations":[{"start":{"line":54,"column":4},"end":{"line":54,"column":49}},{"start":{},"end":{}}],"line":54},"5":{"loc":{"start":{"line":55,"column":4},"end":{"line":55,"column":64}},"type":"if","locations":[{"start":{"line":55,"column":4},"end":{"line":55,"column":64}},{"start":{},"end":{}}],"line":55},"6":{"loc":{"start":{"line":62,"column":2},"end":{"line":65,"column":3}},"type":"if","locations":[{"start":{"line":62,"column":2},"end":{"line":65,"column":3}},{"start":{},"end":{}}],"line":62},"7":{"loc":{"start":{"line":67,"column":2},"end":{"line":70,"column":3}},"type":"if","locations":[{"start":{"line":67,"column":2},"end":{"line":70,"column":3}},{"start":{},"end":{}}],"line":67},"8":{"loc":{"start":{"line":72,"column":2},"end":{"line":75,"column":3}},"type":"if","locations":[{"start":{"line":72,"column":2},"end":{"line":75,"column":3}},{"start":{},"end":{}}],"line":72},"9":{"loc":{"start":{"line":110,"column":2},"end":{"line":114,"column":3}},"type":"if","locations":[{"start":{"line":110,"column":2},"end":{"line":114,"column":3}},{"start":{},"end":{}}],"line":110},"10":{"loc":{"start":{"line":125,"column":4},"end":{"line":128,"column":5}},"type":"if","locations":[{"start":{"line":125,"column":4},"end":{"line":128,"column":5}},{"start":{},"end":{}}],"line":125},"11":{"loc":{"start":{"line":125,"column":7},"end":{"line":125,"column":56}},"type":"binary-expr","locations":[{"start":{"line":125,"column":7},"end":{"line":125,"column":24}},{"start":{"line":125,"column":26},"end":{"line":125,"column":56}}],"line":125},"12":{"loc":{"start":{"line":141,"column":2},"end":{"line":144,"column":3}},"type":"if","locations":[{"start":{"line":141,"column":2},"end":{"line":144,"column":3}},{"start":{},"end":{}}],"line":141},"13":{"loc":{"start":{"line":153,"column":4},"end":{"line":162,"column":5}},"type":"if","locations":[{"start":{"line":153,"column":4},"end":{"line":162,"column":5}},{"start":{},"end":{}}],"line":153}},"s":{"0":0,"1":0,"2":0,"3":0,"4":0,"5":0,"6":0,"7":0,"8":0,"9":0,"10":0,"11":0,"12":0,"13":0,"14":0,"15":0,"16":0,"17":0,"18":0,"19":0,"20":0,"21":0,"22":0,"23":0,"24":0,"25":0,"26":0,"27":0,"28":0,"29":0,"30":0,"31":0,"32":0,"33":0,"34":0,"35":0,"36":0,"37":0,"38":0,"39":0,"40":0,"41":0,"42":0,"43":0,"44":0,"45":0,"46":0,"47":0,"48":0,"49":0,"50":0,"51":0,"52":0,"53":0,"54":0,"55":0,"56":0,"57":0,"58":0,"59":0,"60":0,"61":0,"62":0,"63":0,"64":0,"65":0,"66":0,"67":0,"68":0,"69":0,"70":0,"71":0,"72":0,"73":0,"74":0,"75":0,"76":0,"77":0},"f":{"0":0,"1":0,"2":0,"3":0},"b":{"0":[0,0],"1":[0,0],"2":[0,0,0],"3":[0,0],"4":[0,0],"5":[0,0],"6":[0,0],"7":[0,0],"8":[0,0],"9":[0,0],"10":[0,0],"11":[0,0],"12":[0,0],"13":[0,0]}}
,"C:\\Users\\anna\\Downloads\\ArtAlley\\SignUp Folder\\signUpSeller.js": {"path":"C:\\Users\\anna\\Downloads\\ArtAlley\\SignUp Folder\\signUpSeller.js","statementMap":{"0":{"start":{"line":9,"column":23},"end":{"line":16,"column":1}},"1":{"start":{"line":19,"column":12},"end":{"line":19,"column":41}},"2":{"start":{"line":20,"column":13},"end":{"line":20,"column":22}},"3":{"start":{"line":21,"column":11},"end":{"line":21,"column":28}},"4":{"start":{"line":22,"column":0},"end":{"line":22,"column":25}},"5":{"start":{"line":24,"column":14},"end":{"line":24,"column":48}},"6":{"start":{"line":26,"column":17},"end":{"line":26,"column":52}},"7":{"start":{"line":27,"column":24},"end":{"line":27,"column":66}},"8":{"start":{"line":28,"column":15},"end":{"line":28,"column":50}},"9":{"start":{"line":29,"column":21},"end":{"line":29,"column":52}},"10":{"start":{"line":30,"column":23},"end":{"line":30,"column":64}},"11":{"start":{"line":31,"column":16},"end":{"line":31,"column":50}},"12":{"start":{"line":32,"column":22},"end":{"line":32,"column":62}},"13":{"start":{"line":33,"column":17},"end":{"line":33,"column":41}},"14":{"start":{"line":36,"column":0},"end":{"line":41,"column":3}},"15":{"start":{"line":37,"column":21},"end":{"line":37,"column":49}},"16":{"start":{"line":38,"column":2},"end":{"line":38,"column":51}},"17":{"start":{"line":39,"column":2},"end":{"line":39,"column":37}},"18":{"start":{"line":40,"column":2},"end":{"line":40,"column":43}},"19":{"start":{"line":43,"column":0},"end":{"line":136,"column":3}},"20":{"start":{"line":44,"column":2},"end":{"line":44,"column":25}},"21":{"start":{"line":46,"column":21},"end":{"line":46,"column":39}},"22":{"start":{"line":48,"column":24},"end":{"line":48,"column":38}},"23":{"start":{"line":49,"column":31},"end":{"line":49,"column":52}},"24":{"start":{"line":51,"column":2},"end":{"line":58,"column":3}},"25":{"start":{"line":52,"column":18},"end":{"line":52,"column":20}},"26":{"start":{"line":53,"column":4},"end":{"line":53,"column":43}},"27":{"start":{"line":53,"column":21},"end":{"line":53,"column":43}},"28":{"start":{"line":54,"column":4},"end":{"line":54,"column":49}},"29":{"start":{"line":54,"column":24},"end":{"line":54,"column":49}},"30":{"start":{"line":55,"column":4},"end":{"line":55,"column":64}},"31":{"start":{"line":55,"column":31},"end":{"line":55,"column":64}},"32":{"start":{"line":56,"column":4},"end":{"line":56,"column":73}},"33":{"start":{"line":57,"column":4},"end":{"line":57,"column":11}},"34":{"start":{"line":61,"column":24},"end":{"line":61,"column":67}},"35":{"start":{"line":62,"column":2},"end":{"line":65,"column":3}},"36":{"start":{"line":63,"column":4},"end":{"line":63,"column":147}},"37":{"start":{"line":64,"column":4},"end":{"line":64,"column":11}},"38":{"start":{"line":67,"column":2},"end":{"line":70,"column":3}},"39":{"start":{"line":68,"column":4},"end":{"line":68,"column":37}},"40":{"start":{"line":69,"column":4},"end":{"line":69,"column":11}},"41":{"start":{"line":72,"column":2},"end":{"line":75,"column":3}},"42":{"start":{"line":73,"column":4},"end":{"line":73,"column":59}},"43":{"start":{"line":74,"column":4},"end":{"line":74,"column":11}},"44":{"start":{"line":97,"column":2},"end":{"line":135,"column":5}},"45":{"start":{"line":98,"column":27},"end":{"line":98,"column":96}},"46":{"start":{"line":99,"column":17},"end":{"line":99,"column":36}},"47":{"start":{"line":102,"column":2},"end":{"line":102,"column":36}},"48":{"start":{"line":103,"column":2},"end":{"line":103,"column":72}},"49":{"start":{"line":105,"column":22},"end":{"line":116,"column":8}},"50":{"start":{"line":106,"column":2},"end":{"line":106,"column":22}},"51":{"start":{"line":108,"column":21},"end":{"line":108,"column":37}},"52":{"start":{"line":110,"column":2},"end":{"line":115,"column":3}},"53":{"start":{"line":111,"column":4},"end":{"line":111,"column":33}},"54":{"start":{"line":112,"column":4},"end":{"line":112,"column":66}},"55":{"start":{"line":113,"column":4},"end":{"line":113,"column":34}},"56":{"start":{"line":114,"column":4},"end":{"line":114,"column":47}},"57":{"start":{"line":117,"column":4},"end":{"line":123,"column":7}},"58":{"start":{"line":124,"column":20},"end":{"line":124,"column":58}},"59":{"start":{"line":125,"column":4},"end":{"line":128,"column":5}},"60":{"start":{"line":126,"column":6},"end":{"line":126,"column":27}},"61":{"start":{"line":127,"column":6},"end":{"line":127,"column":50}},"62":{"start":{"line":133,"column":27},"end":{"line":133,"column":40}},"63":{"start":{"line":134,"column":6},"end":{"line":134,"column":38}},"64":{"start":{"line":138,"column":0},"end":{"line":170,"column":3}},"65":{"start":{"line":141,"column":2},"end":{"line":144,"column":3}},"66":{"start":{"line":142,"column":4},"end":{"line":142,"column":59}},"67":{"start":{"line":143,"column":4},"end":{"line":143,"column":11}},"68":{"start":{"line":146,"column":2},"end":{"line":169,"column":3}},"69":{"start":{"line":147,"column":19},"end":{"line":147,"column":56}},"70":{"start":{"line":148,"column":17},"end":{"line":148,"column":28}},"71":{"start":{"line":150,"column":20},"end":{"line":150,"column":46}},"72":{"start":{"line":151,"column":20},"end":{"line":151,"column":41}},"73":{"start":{"line":153,"column":4},"end":{"line":162,"column":5}},"74":{"start":{"line":155,"column":6},"end":{"line":161,"column":9}},"75":{"start":{"line":164,"column":4},"end":{"line":164,"column":49}},"76":{"start":{"line":165,"column":4},"end":{"line":165,"column":42}},"77":{"start":{"line":167,"column":4},"end":{"line":167,"column":70}},"78":{"start":{"line":168,"column":4},"end":{"line":168,"column":37}}},"fnMap":{"0":{"name":"(anonymous_0)","decl":{"start":{"line":36,"column":41},"end":{"line":36,"column":42}},"loc":{"start":{"line":36,"column":47},"end":{"line":41,"column":1}},"line":36},"1":{"name":"(anonymous_1)","decl":{"start":{"line":43,"column":33},"end":{"line":43,"column":34}},"loc":{"start":{"line":43,"column":54},"end":{"line":136,"column":1}},"line":43},"2":{"name":"(anonymous_2)","decl":{"start":{"line":105,"column":34},"end":{"line":105,"column":35}},"loc":{"start":{"line":105,"column":46},"end":{"line":116,"column":1}},"line":105},"3":{"name":"(anonymous_3)","decl":{"start":{"line":138,"column":39},"end":{"line":138,"column":40}},"loc":{"start":{"line":138,"column":56},"end":{"line":170,"column":1}},"line":138}},"branchMap":{"0":{"loc":{"start":{"line":38,"column":18},"end":{"line":38,"column":50}},"type":"cond-expr","locations":[{"start":{"line":38,"column":31},"end":{"line":38,"column":37}},{"start":{"line":38,"column":40},"end":{"line":38,"column":50}}],"line":38},"1":{"loc":{"start":{"line":51,"column":2},"end":{"line":58,"column":3}},"type":"if","locations":[{"start":{"line":51,"column":2},"end":{"line":58,"column":3}},{"start":{},"end":{}}],"line":51},"2":{"loc":{"start":{"line":51,"column":6},"end":{"line":51,"column":60}},"type":"binary-expr","locations":[{"start":{"line":51,"column":6},"end":{"line":51,"column":17}},{"start":{"line":51,"column":21},"end":{"line":51,"column":35}},{"start":{"line":51,"column":39},"end":{"line":51,"column":60}}],"line":51},"3":{"loc":{"start":{"line":53,"column":4},"end":{"line":53,"column":43}},"type":"if","locations":[{"start":{"line":53,"column":4},"end":{"line":53,"column":43}},{"start":{},"end":{}}],"line":53},"4":{"loc":{"start":{"line":54,"column":4},"end":{"line":54,"column":49}},"type":"if","locations":[{"start":{"line":54,"column":4},"end":{"line":54,"column":49}},{"start":{},"end":{}}],"line":54},"5":{"loc":{"start":{"line":55,"column":4},"end":{"line":55,"column":64}},"type":"if","locations":[{"start":{"line":55,"column":4},"end":{"line":55,"column":64}},{"start":{},"end":{}}],"line":55},"6":{"loc":{"start":{"line":62,"column":2},"end":{"line":65,"column":3}},"type":"if","locations":[{"start":{"line":62,"column":2},"end":{"line":65,"column":3}},{"start":{},"end":{}}],"line":62},"7":{"loc":{"start":{"line":67,"column":2},"end":{"line":70,"column":3}},"type":"if","locations":[{"start":{"line":67,"column":2},"end":{"line":70,"column":3}},{"start":{},"end":{}}],"line":67},"8":{"loc":{"start":{"line":72,"column":2},"end":{"line":75,"column":3}},"type":"if","locations":[{"start":{"line":72,"column":2},"end":{"line":75,"column":3}},{"start":{},"end":{}}],"line":72},"9":{"loc":{"start":{"line":110,"column":2},"end":{"line":115,"column":3}},"type":"if","locations":[{"start":{"line":110,"column":2},"end":{"line":115,"column":3}},{"start":{},"end":{}}],"line":110},"10":{"loc":{"start":{"line":125,"column":4},"end":{"line":128,"column":5}},"type":"if","locations":[{"start":{"line":125,"column":4},"end":{"line":128,"column":5}},{"start":{},"end":{}}],"line":125},"11":{"loc":{"start":{"line":125,"column":7},"end":{"line":125,"column":57}},"type":"binary-expr","locations":[{"start":{"line":125,"column":7},"end":{"line":125,"column":24}},{"start":{"line":125,"column":26},"end":{"line":125,"column":57}}],"line":125},"12":{"loc":{"start":{"line":141,"column":2},"end":{"line":144,"column":3}},"type":"if","locations":[{"start":{"line":141,"column":2},"end":{"line":144,"column":3}},{"start":{},"end":{}}],"line":141},"13":{"loc":{"start":{"line":153,"column":4},"end":{"line":162,"column":5}},"type":"if","locations":[{"start":{"line":153,"column":4},"end":{"line":162,"column":5}},{"start":{},"end":{}}],"line":153}},"s":{"0":0,"1":0,"2":0,"3":0,"4":0,"5":0,"6":0,"7":0,"8":0,"9":0,"10":0,"11":0,"12":0,"13":0,"14":0,"15":0,"16":0,"17":0,"18":0,"19":0,"20":0,"21":0,"22":0,"23":0,"24":0,"25":0,"26":0,"27":0,"28":0,"29":0,"30":0,"31":0,"32":0,"33":0,"34":0,"35":0,"36":0,"37":0,"38":0,"39":0,"40":0,"41":0,"42":0,"43":0,"44":0,"45":0,"46":0,"47":0,"48":0,"49":0,"50":0,"51":0,"52":0,"53":0,"54":0,"55":0,"56":0,"57":0,"58":0,"59":0,"60":0,"61":0,"62":0,"63":0,"64":0,"65":0,"66":0,"67":0,"68":0,"69":0,"70":0,"71":0,"72":0,"73":0,"74":0,"75":0,"76":0,"77":0,"78":0},"f":{"0":0,"1":0,"2":0,"3":0},"b":{"0":[0,0],"1":[0,0],"2":[0,0,0],"3":[0,0],"4":[0,0],"5":[0,0],"6":[0,0],"7":[0,0],"8":[0,0],"9":[0,0],"10":[0,0],"11":[0,0],"12":[0,0],"13":[0,0]}}
}
